2022-06-23 14:59:43,210 [MainThread  ] [INFO ]  check_structure -i input/4rc7.pdb -o input/4rc7.nowat.pdb --force_save water --remove yes

2022-06-23 14:59:43,213 [MainThread  ] [INFO ]  Exit code 0

2022-06-23 14:59:43,214 [MainThread  ] [INFO ]  ===============================================================================
=                   BioBB structure checking utility v3.8.1                   =
=                 A. Hospital, P. Andrio, J.L. Gelpi 2018-21                  =
===============================================================================

Warning: sequence features only available in mmCIF format or with external fasta input
Structure input/4rc7.pdb loaded
 Title: 
 Experimental method: unknown
 Resolution (A): N.A.

 Num. models: 1
 Num. chains: 1 (A: Protein)
 Num. residues:  318
 Num. residues with ins. codes:  0
 Num. HETATM residues:  98
 Num. ligands or modified residues:  3
 Num. water mol.:  95
 Num. atoms:  1881
Metal/Ion residues found
FE2 A1002
FE2 A1003
Small mol ligands found
PL3 A1001

Running water. Options: --remove yes
95 Water molecules detected
95 Water molecules removed
Final Num. models: 1
Final Num. chains: 1 (A: Protein)
Final Num. residues:  223
Final Num. residues with ins. codes:  0
Final Num. HETATM residues:  3
Final Num. ligands or modified residues:  3
Final Num. water mol.:  0
Final Num. atoms:  1786
Metal/Ion residues found
FE2 A1002
FE2 A1003
Small mol ligands found
PL3 A1001
Structure saved on input/4rc7.nowat.pdb

