2022-06-23 15:19:53,262 [MainThread  ] [INFO ]  Charge will be guessed by acpype.
2022-06-23 15:19:53,263 [MainThread  ] [INFO ]  Running acpype, this execution can take a while
2022-06-23 15:19:53,264 [MainThread  ] [INFO ]  Not using any container
2022-06-23 15:20:38,995 [MainThread  ] [INFO ]  acpype -i /Users/ethan/LatchBio/input/pl3.H.min.mol2 -b pl3params.ahSW43

2022-06-23 15:20:39,000 [MainThread  ] [INFO ]  Exit code 0

2022-06-23 15:20:39,002 [MainThread  ] [INFO ]  ========================================================================================
| ACPYPE: AnteChamber PYthon Parser interfacE v. 2019-11-07T23:16:00CET (c) 2022 AWSdS |
========================================================================================
WARNING: no charge value given, trying to guess one...
==> ... charge set to -1
==> Executing Antechamber...
==> * Antechamber OK *
==> * Parmchk OK *
==> Executing Tleap...
++++++++++start_quote+++++++++++++++++++++++++++++++++++++++++++++++++++++++++++
Checking 'PL3'....

/Users/ethan/anaconda3/envs/biobb_AMBER_MD/bin/teLeap: Warning!
The unperturbed charge of the unit (-0.999999) is not zero.
Checking parameters for unit 'PL3'.
Checking for bond parameters.
Checking for angle parameters.
check:  Warnings: 1
Unit is OK.
++++++++++end_quote+++++++++++++++++++++++++++++++++++++++++++++++++++++++++++++
==> * Tleap OK *
==> Removing temporary files...
==> Writing NEW PDB file

==> Writing CNS/XPLOR files

==> Writing GROMACS files

==> Writing GMX dihedrals for GMX 4.5 and higher.

==> Writing CHARMM files

==> Writing pickle file pl3params.ahSW43.pkl
Total time of execution: 46s

2022-06-23 15:20:39,010 [MainThread  ] [INFO ]  File input/pl3params.frcmod succesfully created
2022-06-23 15:20:39,017 [MainThread  ] [INFO ]  File input/pl3params.prmtop succesfully created
2022-06-23 15:20:39,024 [MainThread  ] [INFO ]  File input/pl3params.inpcrd succesfully created
2022-06-23 15:20:39,035 [MainThread  ] [INFO ]  File input/pl3params.lib succesfully created
2022-06-23 15:20:39,061 [MainThread  ] [INFO ]  Removed temporary folder: pl3params.ahSW43.acpype
