
          -------------------------------------------------------
          Amber 20 SANDER                              2020
          -------------------------------------------------------

| Run on 07/08/2022 at 12:26:08

|   Executable path: sander
| Working directory: /Users/ethan/EthanLatchProj
|          Hostname: Unknown
  [-O]verwriting output

File Assignments:
|  MDIN: 0a13a4ab-d171-453a-8d68-c4d4ba389ff1/sander.mdin                      
| MDOUT: output/sander.npt.log                                                 
|INPCRD: output/sander.nvt.rst                                                 
|  PARM: input/structure.ions.parmtop                                          
|RESTRT: output/sander.npt.rst                                                 
|  REFC: output/sander.nvt.rst                                                 
| MDVEL: mdvel                                                                 
| MDFRC: mdfrc                                                                 
|  MDEN: mden                                                                  
| MDCRD: output/sander.npt.netcdf                                              
|MDINFO: mdinfo                                                                
|  MTMD: mtmd                                                                  
|INPDIP: inpdip                                                                
|RSTDIP: rstdip                                                                
|INPTRA: inptraj                                                               


 Here is the input file:

This mdin file has been created by the biobb_amber module from the BioBB library
Type of mdin: npt                                                              
&cntrl                                                                         
  imin = 0 ! BioBB simulation_type nvt|npt|free|heat                           
  cut = 10.0 ! BioBB simulation_type nvt|npt|free|heat                         
  ntr = 1 ! BioBB property                                                     
  ntc = 2 ! BioBB simulation_type nvt|npt|free|heat                            
  ntf = 2 ! BioBB simulation_type nvt|npt|free|heat                            
  ntt = 3 ! BioBB simulation_type nvt|npt|free|heat                            
  ig = -1 ! BioBB simulation_type nvt|npt|free|heat                            
  ioutfm = 1 ! BioBB simulation_type nvt|npt|free|heat                         
  iwrap = 1 ! BioBB simulation_type nvt|npt|free|heat                          
  nstlim = 100 ! BioBB property                                                
  dt = 0.002 ! BioBB simulation_type nvt|npt|free|heat                         
  irest = 1 ! BioBB simulation_type npt                                        
  gamma_ln = 5.0 ! BioBB simulation_type npt                                   
  pres0 = 1.0 ! BioBB simulation_type npt                                      
  ntp = 1 ! BioBB simulation_type npt                                          
  taup = 2.0 ! BioBB simulation_type npt                                       
  ntx = 5 ! BioBB simulation_type npt                                          
  restraintmask = "!:WAT,Cl-,Na+ & !@H=" ! BioBB property                      
  restraint_wt = 5.0 ! BioBB property                                          
&end                                                                           

--------------------------------------------------------------------------------
   1.  RESOURCE   USE: 
--------------------------------------------------------------------------------

| Flags:                                                                        
 getting box info from netcdf restart file
| NetCDF restart box info found
|Largest sphere to fit in unit cell has radius =    29.670
| New format PARM file being parsed.
| Version =    1.000 Date = 06/29/22 Time = 22:33:09
 NATOM  =   25484 NTYPES =      18 NBONH =   23644 MBONA  =    1816
 NTHETH =    3988 MTHETA =    2439 NPHIH =    7986 MPHIA  =    7651
 NHPARM =       0 NPARM  =       0 NNB   =   48654 NRES   =    7574
 NBONA  =    1816 NTHETA =    2439 NPHIA =    7651 NUMBND =      71
 NUMANG =     159 NPTRA  =     192 NATYP =      41 NPHB   =       1
 IFBOX  =       2 NMXRS  =      50 IFCAP =       0 NEXTRA =       0
 NCOPY  =       0


|     Memory Use     Allocated
|     Real             2420207
|     Hollerith          84028
|     Integer          1350882
|     Max Pairs       14678784
|     nblistReal        305808
|     nblist Int        868675
|       Total            87634 kbytes

| Note: 1-4 EEL scale factors are being read from the topology file.

| Note: 1-4 VDW scale factors are being read from the topology file.
| Duplicated    0 dihedrals
| Duplicated    0 dihedrals

     BOX TYPE: TRUNCATED OCTAHEDRON
Note: ig = -1. Setting random seed to   107554 based on wallclock time in microseconds.

--------------------------------------------------------------------------------
   2.  CONTROL  DATA  FOR  THE  RUN
--------------------------------------------------------------------------------

default_name                                                                    

General flags:
     imin    =       0, nmropt  =       0

Nature and format of input:
     ntx     =       5, irest   =       1, ntrx    =       1

Nature and format of output:
     ntxo    =       2, ntpr    =      50, ntrx    =       1, ntwr    =     100
     iwrap   =       1, ntwx    =       0, ntwv    =       0, ntwe    =       0
     ioutfm  =       1, ntwprt  =       0, idecomp =       0, rbornstat=      0

Potential function:
     ntf     =       2, ntb     =       2, igb     =       0, nsnb    =      25
     ipol    =       0, gbsa    =       0, iesp    =       0
     dielc   =   1.00000, cut     =  10.00000, intdiel =   1.00000

Frozen or restrained atoms:
     ibelly  =       0, ntr     =       1
     restraint_wt =   5.00000

Molecular dynamics:
     nstlim  =       100, nscm    =         0, nrespa  =         1
     t       =   0.00000, dt      =   0.00200, vlimit  =  20.00000

Langevin dynamics temperature regulation:
     ig      =  107554
     temp0   = 300.00000, tempi   =   0.00000, gamma_ln=   5.00000

Pressure regulation:
     ntp     =       1
     pres0   =   1.00000, comp    =  44.60000, taup    =   2.00000

SHAKE:
     ntc     =       2, jfastw  =       0
     tol     =   0.00001

Ewald parameters:
     verbose =       0, ew_type =       0, nbflag  =       1, use_pme =       1
     vdwmeth =       1, eedmeth =       1, netfrc  =       1
     Box X =   72.676   Box Y =   72.676   Box Z =   72.676
     Alpha =  109.471   Beta  =  109.471   Gamma =  109.471
     NFFT1 =   72       NFFT2 =   72       NFFT3 =   72
     Cutoff=   10.000   Tol   =0.100E-04
     Ewald Coefficient =  0.27511
     Interpolation order =    4
|  INFO: Old style inpcrd file read


    LOADING THE CONSTRAINED ATOMS AS GROUPS


   5.  REFERENCE ATOM COORDINATES

  defa
     Mask !:WAT,Cl-,Na+ & !@H=; matches  1785 atoms

--------------------------------------------------------------------------------
   3.  ATOMIC COORDINATES AND VELOCITIES
--------------------------------------------------------------------------------

default_name                                                                    
 begin time read from input coords =     5.200 ps

 Number of triangulated 3-point waters found:     7298

     Sum of charges from parm topology file =   0.00100090
     Forcing neutrality...

--------------------------------------------------------------------------------
   4.  RESULTS
--------------------------------------------------------------------------------

|  # of SOLUTE  degrees of freedom (RNDFP):   52808.
|  # of SOLVENT degrees of freedom (RNDFS):       0.
|  NDFMIN =   52808.     NUM_NOSHAKE =      0     CORRECTED RNDFP =   52808.
|  TOTAL # of degrees of freedom (RNDF) =   52808.
 ---------------------------------------------------
 APPROXIMATING switch and d/dx switch using CUBIC SPLINE INTERPOLATION
 using   5000.0 points per unit in tabled values
 TESTING RELATIVE ERROR over r ranging from 0.0 to cutoff
| CHECK switch(x): max rel err =   0.2738E-14   at   2.422500
| CHECK d/dx switch(x): max rel err =   0.8314E-11   at   2.736960
 ---------------------------------------------------
| Local SIZE OF NONBOND LIST =    7989379
| TOTAL SIZE OF NONBOND LIST =    7989379

 NSTEP =       50   TIME(PS) =       5.300  TEMP(K) =   297.82  PRESS = -1121.9
 Etot   =    -63364.1794  EKtot   =     15626.4736  EPtot      =    -78990.6530
 BOND   =       686.8652  ANGLE   =      1693.7229  DIHED      =      2961.1441
 1-4 NB =       833.8470  1-4 EEL =      9071.5340  VDWAALS    =      8197.3358
 EELEC  =   -102816.6134  EHBOND  =         0.0000  RESTRAINT  =       381.5114
 EAMBER (non-restraint)  =    -79372.1644
 EKCMT  =      6554.9725  VIRIAL  =     13692.3515  VOLUME     =    294653.2579
                                                    Density    =         0.8928
 Ewald error estimate:   0.7695E-04
 ------------------------------------------------------------------------------

wrapping first mol.:      -24.18154      -34.19787       59.23245

 NSTEP =      100   TIME(PS) =       5.400  TEMP(K) =   296.64  PRESS = -1092.2
 Etot   =    -63309.4327  EKtot   =     15564.3831  EPtot      =    -78873.8159
 BOND   =       677.8490  ANGLE   =      1731.3303  DIHED      =      2933.5566
 1-4 NB =       848.4723  1-4 EEL =      9110.9344  VDWAALS    =      8069.1546
 EELEC  =   -102625.4819  EHBOND  =         0.0000  RESTRAINT  =       380.3689
 EAMBER (non-restraint)  =    -79254.1847
 EKCMT  =      6535.6621  VIRIAL  =     13466.9420  VOLUME     =    293910.5879
                                                    Density    =         0.8950
 Ewald error estimate:   0.1570E-04
 ------------------------------------------------------------------------------


      A V E R A G E S   O V E R     100 S T E P S


 NSTEP =      100   TIME(PS) =       5.400  TEMP(K) =   296.36  PRESS = -1216.4
 Etot   =    -63412.9103  EKtot   =     15550.0446  EPtot      =    -78962.9549
 BOND   =       660.2792  ANGLE   =      1718.5630  DIHED      =      2927.5916
 1-4 NB =       843.3634  1-4 EEL =      9101.9805  VDWAALS    =      8064.7702
 EELEC  =   -102589.9289  EHBOND  =         0.0000  RESTRAINT  =       310.4261
 EAMBER (non-restraint)  =    -79273.3809
 EKCMT  =      6544.6355  VIRIAL  =     14284.7265  VOLUME     =    294666.6617
                                                    Density    =         0.8927
 Ewald error estimate:   0.5318E-04
 ------------------------------------------------------------------------------


      R M S  F L U C T U A T I O N S


 NSTEP =      100   TIME(PS) =       5.400  TEMP(K) =     2.25  PRESS =   116.6
 Etot   =       102.4691  EKtot   =       117.9764  EPtot      =        74.6015
 BOND   =        21.5136  ANGLE   =        30.2345  DIHED      =        18.0444
 1-4 NB =         8.5621  1-4 EEL =        23.6882  VDWAALS    =       111.0078
 EELEC  =       252.8717  EHBOND  =         0.0000  RESTRAINT  =       120.5827
 EAMBER (non-restraint)  =       -45.9811
 EKCMT  =        45.7183  VIRIAL  =       753.0846  VOLUME     =       459.5241
                                                    Density    =         0.0014
 Ewald error estimate:   0.3443E-04
 ------------------------------------------------------------------------------


--------------------------------------------------------------------------------
   5.  TIMINGS
--------------------------------------------------------------------------------

|                Build the list             7.79 (99.68% of List )
|                Other                      0.02 ( 0.32% of List )
|             List time                  7.82 (16.06% of Nonbo)
|                   Short_ene time            37.58 (99.48% of Direc)
|                   Other                      0.20 ( 0.52% of Direc)
|                Direct Ewald time         37.77 (92.46% of Ewald)
|                Adjust Ewald time          0.14 ( 0.34% of Ewald)
|                   Fill Bspline coeffs        0.09 ( 3.21% of Recip)
|                   Fill charge grid           0.30 (10.37% of Recip)
|                   Scalar sum                 0.92 (31.72% of Recip)
|                   Grad sum                   0.55 (19.03% of Recip)
|                   FFT time                   1.04 (35.67% of Recip)
|                   Other                      0.00 ( 0.01% of Recip)
|                Recip Ewald time           2.91 ( 7.13% of Ewald)
|                Force Adjust               0.00 ( 0.01% of Ewald)
|                Virial junk                0.01 ( 0.02% of Ewald)
|                Other                      0.02 ( 0.04% of Ewald)
|             Ewald time                40.85 (83.94% of Nonbo)
|          Nonbond force             48.67 (99.59% of Force)
|          Bond/Angle/Dihedral        0.20 ( 0.40% of Force)
|          Other                      0.00 ( 0.01% of Force)
|       Force time                48.87 (98.09% of Runmd)
|       Shake time                 0.10 ( 0.20% of Runmd)
|       Verlet update time         0.83 ( 1.66% of Runmd)
|       Ekcmr time                 0.01 ( 0.02% of Runmd)
|       Other                      0.02 ( 0.03% of Runmd)
|    Runmd Time                49.83 (99.68% of Total)
|    Other                      0.16 ( 0.31% of Total)
| Total time                49.98 (100.0% of ALL  )

| Number of list builds   :         11

| Highest rstack allocated:    1492906
| Highest istack allocated:      25484

| Final Performance Info:
| -----------------------------------------------------
| Average timings for all steps:
|     Elapsed(s) =      49.83 Per Step(ms) =     498.26
|         ns/day =       0.35   seconds/ns =  249132.26
| -----------------------------------------------------

|           Job began  at 12:26:08.965  on 07/08/2022
|           Setup done at 12:26:09.139  on 07/08/2022
|           Run   done at 12:26:58.966  on 07/08/2022
|     wallclock() was called    4637 times

|3D-RISM memory allocation summary
|Type          Maximum        Current   
|Integer       0.00000 GB     0.00000 GB
|Real          0.00000 GB     0.00000 GB
|Logical       0.00000 GB     0.00000 GB
|Character     0.00000 GB     0.00000 GB
|---------------------------------------
|Total         0.00000 GB     0.00000 GB
