
          -------------------------------------------------------
          Amber 20 SANDER                              2020
          -------------------------------------------------------

| Run on 06/29/2022 at 22:33:15

|   Executable path: sander
| Working directory: /Users/ethan/EthanLatchProj
|          Hostname: Unknown
  [-O]verwriting output

File Assignments:
|  MDIN: 9e144d97-d767-4adb-826b-a355da17a80c/sander.mdin                      
| MDOUT: output/sander.min.log                                                 
|INPCRD: input/structure.ions.crd                                              
|  PARM: input/structure.ions.parmtop                                          
|RESTRT: output/sander.min.rst                                                 
|  REFC: input/structure.ions.crd                                              
| MDVEL: mdvel                                                                 
| MDFRC: mdfrc                                                                 
|  MDEN: mden                                                                  
| MDCRD: output/sander.min.x                                                   
|MDINFO: mdinfo                                                                
|  MTMD: mtmd                                                                  
|INPDIP: inpdip                                                                
|RSTDIP: rstdip                                                                
|INPTRA: inptraj                                                               


 Here is the input file:

This mdin file has been created by the biobb_amber module from the BioBB library
Type of mdin: minimization                                                     
&cntrl                                                                         
  imin = 1 ! BioBB simulation_type minimization                                
  maxcyc = 300 ! BioBB property                                                
  ntr = 1 ! BioBB property                                                     
  restraintmask = "!:WAT,Cl-,Na+" ! BioBB property                             
  restraint_wt = 15.0 ! BioBB property                                         
&end                                                                           

--------------------------------------------------------------------------------
   1.  RESOURCE   USE: 
--------------------------------------------------------------------------------

| Flags:                                                                        
 getting new box info from bottom of inpcrd
|  INFO: Old style inpcrd file read

| peek_ewald_inpcrd: Box info found
|Largest sphere to fit in unit cell has radius =    29.670
| New format PARM file being parsed.
| Version =    1.000 Date = 06/29/22 Time = 22:33:09
 NATOM  =   25484 NTYPES =      18 NBONH =   23644 MBONA  =    1816
 NTHETH =    3988 MTHETA =    2439 NPHIH =    7986 MPHIA  =    7651
 NHPARM =       0 NPARM  =       0 NNB   =   48654 NRES   =    7574
 NBONA  =    1816 NTHETA =    2439 NPHIA =    7651 NUMBND =      71
 NUMANG =     159 NPTRA  =     192 NATYP =      41 NPHB   =       1
 IFBOX  =       2 NMXRS  =      50 IFCAP =       0 NEXTRA =       0
 NCOPY  =       0


|     Memory Use     Allocated
|     Real             2927159
|     Hollerith          84028
|     Integer          1350882
|     Max Pairs        8494666
|     nblistReal        305808
|     nblist Int       1075129
|       Total            68244 kbytes

| Note: 1-4 EEL scale factors are being read from the topology file.

| Note: 1-4 VDW scale factors are being read from the topology file.
| Duplicated    0 dihedrals
| Duplicated    0 dihedrals

     BOX TYPE: TRUNCATED OCTAHEDRON

--------------------------------------------------------------------------------
   2.  CONTROL  DATA  FOR  THE  RUN
--------------------------------------------------------------------------------

default_name                                                                    

General flags:
     imin    =       1, nmropt  =       0

Nature and format of input:
     ntx     =       1, irest   =       0, ntrx    =       1

Nature and format of output:
     ntxo    =       2, ntpr    =      50, ntrx    =       1, ntwr    =       1
     iwrap   =       0, ntwx    =       0, ntwv    =       0, ntwe    =       0
     ioutfm  =       1, ntwprt  =       0, idecomp =       0, rbornstat=      0

Potential function:
     ntf     =       1, ntb     =       1, igb     =       0, nsnb    =      25
     ipol    =       0, gbsa    =       0, iesp    =       0
     dielc   =   1.00000, cut     =   8.00000, intdiel =   1.00000

Frozen or restrained atoms:
     ibelly  =       0, ntr     =       1
     restraint_wt =  15.00000

Energy minimization:
     maxcyc  =     300, ncyc    =      10, ntmin   =       1
     dx0     =   0.01000, drms    =   0.00010

Ewald parameters:
     verbose =       0, ew_type =       0, nbflag  =       1, use_pme =       1
     vdwmeth =       1, eedmeth =       1, netfrc  =       0
     Box X =   72.676   Box Y =   72.676   Box Z =   72.676
     Alpha =  109.471   Beta  =  109.471   Gamma =  109.471
     NFFT1 =   72       NFFT2 =   72       NFFT3 =   72
     Cutoff=    8.000   Tol   =0.100E-04
     Ewald Coefficient =  0.34864
     Interpolation order =    4

    LOADING THE CONSTRAINED ATOMS AS GROUPS


   5.  REFERENCE ATOM COORDINATES

  defa
     Mask !:WAT,Cl-,Na+; matches  3535 atoms

--------------------------------------------------------------------------------
   3.  ATOMIC COORDINATES AND VELOCITIES
--------------------------------------------------------------------------------

default_name                                                                    
 begin time read from input coords =     0.000 ps

 Number of triangulated 3-point waters found:     7298

     Sum of charges from parm topology file =   0.00100090
     Forcing neutrality...

--------------------------------------------------------------------------------
   4.  RESULTS
--------------------------------------------------------------------------------

 ---------------------------------------------------
 APPROXIMATING switch and d/dx switch using CUBIC SPLINE INTERPOLATION
 using   5000.0 points per unit in tabled values
 TESTING RELATIVE ERROR over r ranging from 0.0 to cutoff
| CHECK switch(x): max rel err =   0.2738E-14   at   2.422500
| CHECK d/dx switch(x): max rel err =   0.8332E-11   at   2.782960
 ---------------------------------------------------
| Local SIZE OF NONBOND LIST =    4590841
| TOTAL SIZE OF NONBOND LIST =    4590841


   NSTEP       ENERGY          RMS            GMAX         NAME    NUMBER
      1      -4.4450E+04     1.8816E+02     1.8016E+04     Cl-      3556

 BOND    =       91.8209  ANGLE   =      363.5451  DIHED      =     2654.5483
 VDWAALS =    25916.9395  EEL     =   -83669.5991  HBOND      =        0.0000
 1-4 VDW =      883.5979  1-4 EEL =     9308.8435  RESTRAINT  =        0.0000


   NSTEP       ENERGY          RMS            GMAX         NAME    NUMBER
     50      -8.4315E+04     6.7167E+00     4.0509E+02     H2      24626

 BOND    =     5084.9455  ANGLE   =      442.6294  DIHED      =     2680.2624
 VDWAALS =     6287.0254  EEL     =  -108981.0154  HBOND      =        0.0000
 1-4 VDW =      801.9108  1-4 EEL =     9189.8485  RESTRAINT  =      178.9571
 EAMBER  =   -84494.3934


   NSTEP       ENERGY          RMS            GMAX         NAME    NUMBER
    100      -8.9370E+04     2.4974E+00     1.7029E+02     O        8193

 BOND    =     5304.4144  ANGLE   =      410.7160  DIHED      =     2675.1564
 VDWAALS =     7960.5819  EEL     =  -115864.1849  HBOND      =        0.0000
 1-4 VDW =      802.3728  1-4 EEL =     9200.0665  RESTRAINT  =      140.3852
 EAMBER  =   -89510.8768


   NSTEP       ENERGY          RMS            GMAX         NAME    NUMBER
    150      -9.1535E+04     2.0631E+00     2.0070E+02     O        8193

 BOND    =     5545.2677  ANGLE   =      433.1232  DIHED      =     2688.0063
 VDWAALS =     9172.3528  EEL     =  -119498.5903  HBOND      =        0.0000
 1-4 VDW =      799.0398  1-4 EEL =     9190.3850  RESTRAINT  =      135.6017
 EAMBER  =   -91670.4155


   NSTEP       ENERGY          RMS            GMAX         NAME    NUMBER
    200      -9.2996E+04     1.7862E+00     7.5563E+01     O        8193

 BOND    =     5814.8834  ANGLE   =      440.8895  DIHED      =     2690.7742
 VDWAALS =    10165.6868  EEL     =  -122226.9064  HBOND      =        0.0000
 1-4 VDW =      796.9662  1-4 EEL =     9187.0208  RESTRAINT  =      134.6878
 EAMBER  =   -93130.6857


   NSTEP       ENERGY          RMS            GMAX         NAME    NUMBER
    250      -9.4071E+04     1.4627E+00     6.6744E+01     CD       2121

 BOND    =     5961.8278  ANGLE   =      428.8565  DIHED      =     2683.9347
 VDWAALS =    10888.6723  EEL     =  -124159.8474  HBOND      =        0.0000
 1-4 VDW =      800.6038  1-4 EEL =     9194.8387  RESTRAINT  =      130.1231
 EAMBER  =   -94201.1136


   NSTEP       ENERGY          RMS            GMAX         NAME    NUMBER
    300      -9.4929E+04     1.3052E+00     3.6980E+01     CZ        838

 BOND    =     6096.0872  ANGLE   =      420.5242  DIHED      =     2679.0996
 VDWAALS =    11509.3591  EEL     =  -125764.8005  HBOND      =        0.0000
 1-4 VDW =      803.1722  1-4 EEL =     9201.0388  RESTRAINT  =      126.3365
 EAMBER  =   -95055.5194


  Maximum number of minimization cycles reached.


                    FINAL RESULTS



   NSTEP       ENERGY          RMS            GMAX         NAME    NUMBER
    300      -9.4929E+04     1.3052E+00     3.6980E+01     CZ        838

 BOND    =     6096.0872  ANGLE   =      420.5242  DIHED      =     2679.0996
 VDWAALS =    11509.3591  EEL     =  -125764.8005  HBOND      =        0.0000
 1-4 VDW =      803.1722  1-4 EEL =     9201.0388  RESTRAINT  =      126.3365
 EAMBER  =   -95055.5194

--------------------------------------------------------------------------------
   5.  TIMINGS
--------------------------------------------------------------------------------

|    Read coords time           0.01 ( 0.01% of Total)
|                Build the list             2.77 (97.66% of List )
|                Other                      0.07 ( 2.34% of List )
|             List time                  2.84 ( 3.50% of Nonbo)
|                   Short_ene time            67.62 (99.04% of Direc)
|                   Other                      0.65 ( 0.96% of Direc)
|                Direct Ewald time         68.27 (87.14% of Ewald)
|                Adjust Ewald time          0.45 ( 0.57% of Ewald)
|                   Fill Bspline coeffs        0.30 ( 3.15% of Recip)
|                   Fill charge grid           0.98 (10.25% of Recip)
|                   Scalar sum                 3.01 (31.60% of Recip)
|                   Grad sum                   1.88 (19.69% of Recip)
|                   FFT time                   3.37 (35.29% of Recip)
|                   Other                      0.00 ( 0.02% of Recip)
|                Recip Ewald time           9.54 (12.17% of Ewald)
|                Virial junk                0.03 ( 0.04% of Ewald)
|                Other                      0.06 ( 0.07% of Ewald)
|             Ewald time                78.35 (96.50% of Nonbo)
|          Nonbond force             81.19 (99.13% of Force)
|          Bond/Angle/Dihedral        0.70 ( 0.85% of Force)
|          Other                      0.01 ( 0.02% of Force)
|       Force time                81.90 (100.0% of Runmd)
|    Runmd Time                81.90 (99.19% of Total)
|    Other                      0.65 ( 0.79% of Total)
| Total time                82.57 (100.0% of ALL  )

| Number of list builds   :          6

| Highest rstack allocated:    1492906
| Highest istack allocated:      25484
|           Job began  at 22:33:15.696  on 06/29/2022
|           Setup done at 22:33:15.924  on 06/29/2022
|           Run   done at 22:34:38.265  on 06/29/2022
|     wallclock() was called   11460 times

|3D-RISM memory allocation summary
|Type          Maximum        Current   
|Integer       0.00000 GB     0.00000 GB
|Real          0.00000 GB     0.00000 GB
|Logical       0.00000 GB     0.00000 GB
|Character     0.00000 GB     0.00000 GB
|---------------------------------------
|Total         0.00000 GB     0.00000 GB
