
          -------------------------------------------------------
          Amber 20 SANDER                              2020
          -------------------------------------------------------

| Run on 07/08/2022 at 12:31:20

|   Executable path: sander
| Working directory: /Users/ethan/EthanLatchProj
|          Hostname: Unknown
  [-O]verwriting output

File Assignments:
|  MDIN: c0540917-0aa1-48e3-9d7b-301611385ad9/sander.mdin                      
| MDOUT: output/sander.free.log                                                
|INPCRD: output/sander.npt.rst                                                 
|  PARM: input/structure.ions.parmtop                                          
|RESTRT: output/sander.free.rst                                                
|  REFC: refc                                                                  
| MDVEL: mdvel                                                                 
| MDFRC: mdfrc                                                                 
|  MDEN: mden                                                                  
| MDCRD: output/sander.free.netcdf                                             
|MDINFO: mdinfo                                                                
|  MTMD: mtmd                                                                  
|INPDIP: inpdip                                                                
|RSTDIP: rstdip                                                                
|INPTRA: inptraj                                                               


 Here is the input file:

This mdin file has been created by the biobb_amber module from the BioBB library
Type of mdin: free                                                             
&cntrl                                                                         
  imin = 0 ! BioBB simulation_type nvt|npt|free|heat                           
  cut = 10.0 ! BioBB simulation_type nvt|npt|free|heat                         
  ntr = 0 ! BioBB simulation_type nvt|npt|free|heat                            
  ntc = 2 ! BioBB simulation_type nvt|npt|free|heat                            
  ntf = 2 ! BioBB simulation_type nvt|npt|free|heat                            
  ntt = 3 ! BioBB simulation_type nvt|npt|free|heat                            
  ig = -1 ! BioBB simulation_type nvt|npt|free|heat                            
  ioutfm = 1 ! BioBB simulation_type nvt|npt|free|heat                         
  iwrap = 1 ! BioBB simulation_type nvt|npt|free|heat                          
  nstlim = 500 ! BioBB property                                                
  dt = 0.002 ! BioBB simulation_type nvt|npt|free|heat                         
  ntwx = 100 ! BioBB property                                                  
&end                                                                           

--------------------------------------------------------------------------------
   1.  RESOURCE   USE: 
--------------------------------------------------------------------------------

| Flags:                                                                        
 getting box info from netcdf restart file
| NetCDF restart box info found
|Largest sphere to fit in unit cell has radius =    29.616
| New format PARM file being parsed.
| Version =    1.000 Date = 06/29/22 Time = 22:33:09
 NATOM  =   25484 NTYPES =      18 NBONH =   23644 MBONA  =    1816
 NTHETH =    3988 MTHETA =    2439 NPHIH =    7986 MPHIA  =    7651
 NHPARM =       0 NPARM  =       0 NNB   =   48654 NRES   =    7574
 NBONA  =    1816 NTHETA =    2439 NPHIA =    7651 NUMBND =      71
 NUMANG =     159 NPTRA  =     192 NATYP =      41 NPHB   =       1
 IFBOX  =       2 NMXRS  =      50 IFCAP =       0 NEXTRA =       0
 NCOPY  =       0


|     Memory Use     Allocated
|     Real             2268271
|     Hollerith          84028
|     Integer          1350882
|     Max Pairs       14678784
|     nblistReal        305808
|     nblist Int        868675
|       Total            86447 kbytes

| Note: 1-4 EEL scale factors are being read from the topology file.

| Note: 1-4 VDW scale factors are being read from the topology file.
| Duplicated    0 dihedrals
| Duplicated    0 dihedrals

     BOX TYPE: TRUNCATED OCTAHEDRON
Note: ig = -1. Setting random seed to   936958 based on wallclock time in microseconds.

--------------------------------------------------------------------------------
   2.  CONTROL  DATA  FOR  THE  RUN
--------------------------------------------------------------------------------

default_name                                                                    

General flags:
     imin    =       0, nmropt  =       0

Nature and format of input:
     ntx     =       1, irest   =       0, ntrx    =       1

Nature and format of output:
     ntxo    =       2, ntpr    =      50, ntrx    =       1, ntwr    =     500
     iwrap   =       1, ntwx    =     100, ntwv    =       0, ntwe    =       0
     ioutfm  =       1, ntwprt  =       0, idecomp =       0, rbornstat=      0

Potential function:
     ntf     =       2, ntb     =       1, igb     =       0, nsnb    =      25
     ipol    =       0, gbsa    =       0, iesp    =       0
     dielc   =   1.00000, cut     =  10.00000, intdiel =   1.00000

Frozen or restrained atoms:
     ibelly  =       0, ntr     =       0

Molecular dynamics:
     nstlim  =       500, nscm    =      1000, nrespa  =         1
     t       =   0.00000, dt      =   0.00200, vlimit  =  20.00000

Langevin dynamics temperature regulation:
     ig      =  936958
     temp0   = 300.00000, tempi   =   0.00000, gamma_ln=   0.00000

SHAKE:
     ntc     =       2, jfastw  =       0
     tol     =   0.00001

Ewald parameters:
     verbose =       0, ew_type =       0, nbflag  =       1, use_pme =       1
     vdwmeth =       1, eedmeth =       1, netfrc  =       1
     Box X =   72.545   Box Y =   72.545   Box Z =   72.545
     Alpha =  109.471   Beta  =  109.471   Gamma =  109.471
     NFFT1 =   72       NFFT2 =   72       NFFT3 =   72
     Cutoff=   10.000   Tol   =0.100E-04
     Ewald Coefficient =  0.27511
     Interpolation order =    4
|  INFO: Old style inpcrd file read


--------------------------------------------------------------------------------
   3.  ATOMIC COORDINATES AND VELOCITIES
--------------------------------------------------------------------------------

default_name                                                                    
 begin time read from input coords =     5.400 ps

 Number of triangulated 3-point waters found:     7298

     Sum of charges from parm topology file =   0.00100090
     Forcing neutrality...

--------------------------------------------------------------------------------
   4.  RESULTS
--------------------------------------------------------------------------------

|  # of SOLUTE  degrees of freedom (RNDFP):   52808.
|  # of SOLVENT degrees of freedom (RNDFS):       0.
|  NDFMIN =   52805.     NUM_NOSHAKE =      0     CORRECTED RNDFP =   52805.
|  TOTAL # of degrees of freedom (RNDF) =   52805.
 ---------------------------------------------------
 APPROXIMATING switch and d/dx switch using CUBIC SPLINE INTERPOLATION
 using   5000.0 points per unit in tabled values
 TESTING RELATIVE ERROR over r ranging from 0.0 to cutoff
| CHECK switch(x): max rel err =   0.2738E-14   at   2.422500
| CHECK d/dx switch(x): max rel err =   0.8314E-11   at   2.736960
 ---------------------------------------------------
| Local SIZE OF NONBOND LIST =    8034291
| TOTAL SIZE OF NONBOND LIST =    8034291

 NSTEP =        0   TIME(PS) =       0.000  TEMP(K) =     0.00  PRESS =     0.0
 Etot   =    -79249.6603  EKtot   =         0.0000  EPtot      =    -79249.6603
 BOND   =       679.2029  ANGLE   =      1743.6945  DIHED      =      2926.8448
 1-4 NB =       849.3842  1-4 EEL =      9111.5312  VDWAALS    =      8063.9334
 EELEC  =   -102624.2514  EHBOND  =         0.0000  RESTRAINT  =         0.0000
 Ewald error estimate:   0.2874E-04
 ------------------------------------------------------------------------------


 NSTEP =       50   TIME(PS) =       0.100  TEMP(K) =   167.54  PRESS =     0.0
 Etot   =    -79338.5612  EKtot   =      8790.0930  EPtot      =    -88128.6543
 BOND   =       470.5643  ANGLE   =      1102.6712  DIHED      =      2789.5158
 1-4 NB =       768.9391  1-4 EEL =      9081.6816  VDWAALS    =      9251.1476
 EELEC  =   -111593.1739  EHBOND  =         0.0000  RESTRAINT  =         0.0000
 Ewald error estimate:   0.1882E-04
 ------------------------------------------------------------------------------

wrapping first mol.:      -24.18154      -34.19787       59.23245

 NSTEP =      100   TIME(PS) =       0.200  TEMP(K) =   178.71  PRESS =     0.0
 Etot   =    -79342.6777  EKtot   =      9376.4828  EPtot      =    -88719.1605
 BOND   =       392.6081  ANGLE   =      1104.3757  DIHED      =      2734.9193
 1-4 NB =       796.0464  1-4 EEL =      9100.5135  VDWAALS    =     10157.8388
 EELEC  =   -113005.4622  EHBOND  =         0.0000  RESTRAINT  =         0.0000
 Ewald error estimate:   0.1065E-03
 ------------------------------------------------------------------------------


 NSTEP =      150   TIME(PS) =       0.300  TEMP(K) =   177.91  PRESS =     0.0
 Etot   =    -79341.3591  EKtot   =      9334.2991  EPtot      =    -88675.6582
 BOND   =       430.9687  ANGLE   =      1119.0297  DIHED      =      2728.8419
 1-4 NB =       764.8442  1-4 EEL =      9053.2674  VDWAALS    =      9950.4235
 EELEC  =   -112723.0336  EHBOND  =         0.0000  RESTRAINT  =         0.0000
 Ewald error estimate:   0.2570E-04
 ------------------------------------------------------------------------------

wrapping first mol.:      -24.18154      -34.19787       59.23245

 NSTEP =      200   TIME(PS) =       0.400  TEMP(K) =   177.49  PRESS =     0.0
 Etot   =    -79341.3988  EKtot   =      9312.1128  EPtot      =    -88653.5116
 BOND   =       403.1434  ANGLE   =      1132.1070  DIHED      =      2750.3391
 1-4 NB =       785.7499  1-4 EEL =      9041.9421  VDWAALS    =     10098.1916
 EELEC  =   -112864.9847  EHBOND  =         0.0000  RESTRAINT  =         0.0000
 Ewald error estimate:   0.2410E-04
 ------------------------------------------------------------------------------


 NSTEP =      250   TIME(PS) =       0.500  TEMP(K) =   181.30  PRESS =     0.0
 Etot   =    -79345.4825  EKtot   =      9511.9980  EPtot      =    -88857.4805
 BOND   =       378.7526  ANGLE   =      1113.5124  DIHED      =      2756.5510
 1-4 NB =       774.8630  1-4 EEL =      9063.6840  VDWAALS    =     10232.2889
 EELEC  =   -113177.1324  EHBOND  =         0.0000  RESTRAINT  =         0.0000
 Ewald error estimate:   0.7487E-05
 ------------------------------------------------------------------------------

wrapping first mol.:      -24.18154      -34.19787       59.23245

 NSTEP =      300   TIME(PS) =       0.600  TEMP(K) =   182.61  PRESS =     0.0
 Etot   =    -79340.7211  EKtot   =      9580.8217  EPtot      =    -88921.5428
 BOND   =       417.3406  ANGLE   =      1105.3981  DIHED      =      2734.4763
 1-4 NB =       776.7816  1-4 EEL =      9071.4268  VDWAALS    =     10307.2761
 EELEC  =   -113334.2423  EHBOND  =         0.0000  RESTRAINT  =         0.0000
 Ewald error estimate:   0.4998E-04
 ------------------------------------------------------------------------------


 NSTEP =      350   TIME(PS) =       0.700  TEMP(K) =   182.83  PRESS =     0.0
 Etot   =    -79341.9967  EKtot   =      9592.2764  EPtot      =    -88934.2731
 BOND   =       384.7560  ANGLE   =      1127.3383  DIHED      =      2734.5342
 1-4 NB =       786.1209  1-4 EEL =      9052.6711  VDWAALS    =     10377.5776
 EELEC  =   -113397.2711  EHBOND  =         0.0000  RESTRAINT  =         0.0000
 Ewald error estimate:   0.5767E-04
 ------------------------------------------------------------------------------

wrapping first mol.:      -24.18154      -34.19787       59.23245

 NSTEP =      400   TIME(PS) =       0.800  TEMP(K) =   182.85  PRESS =     0.0
 Etot   =    -79340.2431  EKtot   =      9593.7576  EPtot      =    -88934.0007
 BOND   =       416.5386  ANGLE   =      1115.2500  DIHED      =      2728.3951
 1-4 NB =       781.5769  1-4 EEL =      9099.3369  VDWAALS    =     10392.8806
 EELEC  =   -113467.9788  EHBOND  =         0.0000  RESTRAINT  =         0.0000
 Ewald error estimate:   0.1317E-03
 ------------------------------------------------------------------------------


 NSTEP =      450   TIME(PS) =       0.900  TEMP(K) =   185.29  PRESS =     0.0
 Etot   =    -79340.5720  EKtot   =      9721.7041  EPtot      =    -89062.2761
 BOND   =       416.9002  ANGLE   =      1124.9346  DIHED      =      2744.3174
 1-4 NB =       777.0286  1-4 EEL =      9038.8198  VDWAALS    =     10389.9924
 EELEC  =   -113554.2692  EHBOND  =         0.0000  RESTRAINT  =         0.0000
 Ewald error estimate:   0.1193E-03
 ------------------------------------------------------------------------------

wrapping first mol.:      -24.18154      -34.19787       59.23245
wrapping first mol.:      -24.18154      -34.19787       59.23245

 NSTEP =      500   TIME(PS) =       1.000  TEMP(K) =   185.69  PRESS =     0.0
 Etot   =    -79340.4005  EKtot   =      9742.6755  EPtot      =    -89083.0760
 BOND   =       408.5240  ANGLE   =      1150.3648  DIHED      =      2731.1948
 1-4 NB =       776.1246  1-4 EEL =      9052.8691  VDWAALS    =     10424.3637
 EELEC  =   -113626.5170  EHBOND  =         0.0000  RESTRAINT  =         0.0000
 Ewald error estimate:   0.8801E-04
 ------------------------------------------------------------------------------


      A V E R A G E S   O V E R     500 S T E P S


 NSTEP =      500   TIME(PS) =       1.000  TEMP(K) =   176.97  PRESS =     0.0
 Etot   =    -79341.5064  EKtot   =      9285.0125  EPtot      =    -88626.5189
 BOND   =       409.1137  ANGLE   =      1107.6851  DIHED      =      2745.9462
 1-4 NB =       781.7518  1-4 EEL =      9067.3934  VDWAALS    =      9937.9064
 EELEC  =   -112676.3154  EHBOND  =         0.0000  RESTRAINT  =         0.0000
 Ewald error estimate:   0.5801E-04
 ------------------------------------------------------------------------------


      R M S  F L U C T U A T I O N S


 NSTEP =      500   TIME(PS) =       1.000  TEMP(K) =    17.41  PRESS =     0.0
 Etot   =        16.1697  EKtot   =       913.3395  EPtot      =       920.7410
 BOND   =        24.4670  ANGLE   =        48.0460  DIHED      =        17.5498
 1-4 NB =         8.8104  1-4 EEL =        25.0381  VDWAALS    =       947.0624
 EELEC  =      1714.7810  EHBOND  =         0.0000  RESTRAINT  =         0.0000
 Ewald error estimate:   0.4691E-04
 ------------------------------------------------------------------------------


--------------------------------------------------------------------------------
   5.  TIMINGS
--------------------------------------------------------------------------------

|                Build the list            32.00 (99.66% of List )
|                Other                      0.11 ( 0.34% of List )
|             List time                 32.12 (12.58% of Nonbo)
|                   Short_ene time           205.36 (99.48% of Direc)
|                   Other                      1.07 ( 0.52% of Direc)
|                Direct Ewald time        206.43 (92.46% of Ewald)
|                Adjust Ewald time          0.74 ( 0.33% of Ewald)
|                   Fill Bspline coeffs        0.47 ( 2.93% of Recip)
|                   Fill charge grid           1.65 (10.40% of Recip)
|                   Scalar sum                 4.99 (31.41% of Recip)
|                   Grad sum                   3.19 (20.05% of Recip)
|                   FFT time                   5.60 (35.21% of Recip)
|                   Other                      0.00 ( 0.01% of Recip)
|                Recip Ewald time          15.90 ( 7.12% of Ewald)
|                Force Adjust               0.02 ( 0.01% of Ewald)
|                Virial junk                0.05 ( 0.02% of Ewald)
|                Other                      0.10 ( 0.04% of Ewald)
|             Ewald time               223.25 (87.42% of Nonbo)
|          Nonbond force            255.37 (99.58% of Force)
|          Bond/Angle/Dihedral        1.07 ( 0.42% of Force)
|       Force time               256.45 (99.49% of Runmd)
|       Shake time                 0.53 ( 0.21% of Runmd)
|       Verlet update time         0.74 ( 0.29% of Runmd)
|       Other                      0.04 ( 0.02% of Runmd)
|    Runmd Time               257.75 (100.0% of Total)
|    Other                      0.15 ( 0.06% of Total)
| Total time               257.91 (100.0% of ALL  )

| Number of list builds   :         41

| Highest rstack allocated:    1492906
| Highest istack allocated:      25484

| Final Performance Info:
| -----------------------------------------------------
| Average timings for all steps:
|     Elapsed(s) =     257.76 Per Step(ms) =     515.51
|         ns/day =       0.34   seconds/ns =  257755.18
| -----------------------------------------------------

|           Job began  at 12:31:20.786  on 07/08/2022
|           Setup done at 12:31:20.947  on 07/08/2022
|           Run   done at 12:35:38.702  on 07/08/2022
|     wallclock() was called   22143 times

|3D-RISM memory allocation summary
|Type          Maximum        Current   
|Integer       0.00000 GB     0.00000 GB
|Real          0.00000 GB     0.00000 GB
|Logical       0.00000 GB     0.00000 GB
|Character     0.00000 GB     0.00000 GB
|---------------------------------------
|Total         0.00000 GB     0.00000 GB
