
          -------------------------------------------------------
          Amber 20 SANDER                              2020
          -------------------------------------------------------

| Run on 06/29/2022 at 22:41:26

|   Executable path: sander
| Working directory: /Users/ethan/EthanLatchProj
|          Hostname: Unknown
  [-O]verwriting output

File Assignments:
|  MDIN: ff8f03c0-5bb4-4d61-ab94-6d267ed6ced6/sander.mdin                      
| MDOUT: output/sander.heat.log                                                
|INPCRD: output/sander.min.rst                                                 
|  PARM: input/structure.ions.parmtop                                          
|RESTRT: output/sander.heat.rst                                                
|  REFC: output/sander.min.rst                                                 
| MDVEL: mdvel                                                                 
| MDFRC: mdfrc                                                                 
|  MDEN: mden                                                                  
| MDCRD: output/sander.heat.netcdf                                             
|MDINFO: mdinfo                                                                
|  MTMD: mtmd                                                                  
|INPDIP: inpdip                                                                
|RSTDIP: rstdip                                                                
|INPTRA: inptraj                                                               


 Here is the input file:

This mdin file has been created by the biobb_amber module from the BioBB library
Type of mdin: heat                                                             
&cntrl                                                                         
  imin = 0 ! BioBB simulation_type nvt|npt|free|heat                           
  cut = 10.0 ! BioBB simulation_type nvt|npt|free|heat                         
  ntr = 1 ! BioBB property                                                     
  ntc = 2 ! BioBB simulation_type nvt|npt|free|heat                            
  ntf = 2 ! BioBB simulation_type nvt|npt|free|heat                            
  ntt = 3 ! BioBB simulation_type nvt|npt|free|heat                            
  ig = -1 ! BioBB simulation_type nvt|npt|free|heat                            
  ioutfm = 1 ! BioBB simulation_type nvt|npt|free|heat                         
  iwrap = 1 ! BioBB simulation_type nvt|npt|free|heat                          
  nstlim = 500 ! BioBB property                                                
  dt = 0.002 ! BioBB simulation_type nvt|npt|free|heat                         
  tempi = 0.0 ! BioBB simulation_type heat                                     
  temp0 = 300.0 ! BioBB simulation_type heat                                   
  irest = 0 ! BioBB simulation_type heat                                       
  ntb = 1 ! BioBB simulation_type heat                                         
  gamma_ln = 1.0 ! BioBB simulation_type heat                                  
  restraintmask = "!:WAT,Cl-,Na+" ! BioBB property                             
  restraint_wt = 10.0 ! BioBB property                                         
&end                                                                           

--------------------------------------------------------------------------------
   1.  RESOURCE   USE: 
--------------------------------------------------------------------------------

| Flags:                                                                        
 getting box info from netcdf restart file
| NetCDF restart box info found
|Largest sphere to fit in unit cell has radius =    29.670
| New format PARM file being parsed.
| Version =    1.000 Date = 06/29/22 Time = 22:33:09
 NATOM  =   25484 NTYPES =      18 NBONH =   23644 MBONA  =    1816
 NTHETH =    3988 MTHETA =    2439 NPHIH =    7986 MPHIA  =    7651
 NHPARM =       0 NPARM  =       0 NNB   =   48654 NRES   =    7574
 NBONA  =    1816 NTHETA =    2439 NPHIA =    7651 NUMBND =      71
 NUMANG =     159 NPTRA  =     192 NATYP =      41 NPHB   =       1
 IFBOX  =       2 NMXRS  =      50 IFCAP =       0 NEXTRA =       0
 NCOPY  =       0


|     Memory Use     Allocated
|     Real             2420207
|     Hollerith          84028
|     Integer          1350882
|     Max Pairs       14678784
|     nblistReal        305808
|     nblist Int        868675
|       Total            87634 kbytes

| Note: 1-4 EEL scale factors are being read from the topology file.

| Note: 1-4 VDW scale factors are being read from the topology file.
| Duplicated    0 dihedrals
| Duplicated    0 dihedrals

     BOX TYPE: TRUNCATED OCTAHEDRON
Note: ig = -1. Setting random seed to    94648 based on wallclock time in microseconds.

--------------------------------------------------------------------------------
   2.  CONTROL  DATA  FOR  THE  RUN
--------------------------------------------------------------------------------

default_name                                                                    

General flags:
     imin    =       0, nmropt  =       0

Nature and format of input:
     ntx     =       1, irest   =       0, ntrx    =       1

Nature and format of output:
     ntxo    =       2, ntpr    =      50, ntrx    =       1, ntwr    =     500
     iwrap   =       1, ntwx    =       0, ntwv    =       0, ntwe    =       0
     ioutfm  =       1, ntwprt  =       0, idecomp =       0, rbornstat=      0

Potential function:
     ntf     =       2, ntb     =       1, igb     =       0, nsnb    =      25
     ipol    =       0, gbsa    =       0, iesp    =       0
     dielc   =   1.00000, cut     =  10.00000, intdiel =   1.00000

Frozen or restrained atoms:
     ibelly  =       0, ntr     =       1
     restraint_wt =  10.00000

Molecular dynamics:
     nstlim  =       500, nscm    =         0, nrespa  =         1
     t       =   0.00000, dt      =   0.00200, vlimit  =  20.00000

Langevin dynamics temperature regulation:
     ig      =   94648
     temp0   = 300.00000, tempi   =   0.00000, gamma_ln=   1.00000

SHAKE:
     ntc     =       2, jfastw  =       0
     tol     =   0.00001

Ewald parameters:
     verbose =       0, ew_type =       0, nbflag  =       1, use_pme =       1
     vdwmeth =       1, eedmeth =       1, netfrc  =       1
     Box X =   72.676   Box Y =   72.676   Box Z =   72.676
     Alpha =  109.471   Beta  =  109.471   Gamma =  109.471
     NFFT1 =   72       NFFT2 =   72       NFFT3 =   72
     Cutoff=   10.000   Tol   =0.100E-04
     Ewald Coefficient =  0.27511
     Interpolation order =    4
|  INFO: Old style inpcrd file read


    LOADING THE CONSTRAINED ATOMS AS GROUPS


   5.  REFERENCE ATOM COORDINATES

  defa
     Mask !:WAT,Cl-,Na+; matches  3535 atoms

--------------------------------------------------------------------------------
   3.  ATOMIC COORDINATES AND VELOCITIES
--------------------------------------------------------------------------------

default_name                                                                    
 begin time read from input coords =     0.000 ps

 Number of triangulated 3-point waters found:     7298

     Sum of charges from parm topology file =   0.00100090
     Forcing neutrality...

--------------------------------------------------------------------------------
   4.  RESULTS
--------------------------------------------------------------------------------

|  # of SOLUTE  degrees of freedom (RNDFP):   52808.
|  # of SOLVENT degrees of freedom (RNDFS):       0.
|  NDFMIN =   52808.     NUM_NOSHAKE =      0     CORRECTED RNDFP =   52808.
|  TOTAL # of degrees of freedom (RNDF) =   52808.
 ---------------------------------------------------
 APPROXIMATING switch and d/dx switch using CUBIC SPLINE INTERPOLATION
 using   5000.0 points per unit in tabled values
 TESTING RELATIVE ERROR over r ranging from 0.0 to cutoff
| CHECK switch(x): max rel err =   0.2738E-14   at   2.422500
| CHECK d/dx switch(x): max rel err =   0.8314E-11   at   2.736960
 ---------------------------------------------------
| Local SIZE OF NONBOND LIST =    7945028
| TOTAL SIZE OF NONBOND LIST =    7945028

 NSTEP =        0   TIME(PS) =       0.000  TEMP(K) =     0.00  PRESS =     0.0
 Etot   =   -101067.3636  EKtot   =         0.0000  EPtot      =   -101067.3636
 BOND   =       100.6475  ANGLE   =       420.5242  DIHED      =      2679.0996
 1-4 NB =       803.1722  1-4 EEL =      9201.0388  VDWAALS    =     11493.9418
 EELEC  =   -125765.7877  EHBOND  =         0.0000  RESTRAINT  =         0.0000
 Ewald error estimate:   0.9749E-04
 ------------------------------------------------------------------------------


 NSTEP =       50   TIME(PS) =       0.100  TEMP(K) =    58.44  PRESS =     0.0
 Etot   =    -86230.9629  EKtot   =      3066.4620  EPtot      =    -89297.4249
 BOND   =       161.5228  ANGLE   =       539.7097  DIHED      =      2679.2356
 1-4 NB =       792.7551  1-4 EEL =      9163.4416  VDWAALS    =      9474.3072
 EELEC  =   -112406.2413  EHBOND  =         0.0000  RESTRAINT  =       297.8444
 EAMBER (non-restraint)  =    -89595.2693
 Ewald error estimate:   0.1172E-04
 ------------------------------------------------------------------------------


 NSTEP =      100   TIME(PS) =       0.200  TEMP(K) =    99.51  PRESS =     0.0
 Etot   =    -83954.9991  EKtot   =      5221.2927  EPtot      =    -89176.2918
 BOND   =       200.9479  ANGLE   =       627.5527  DIHED      =      2705.4580
 1-4 NB =       797.3279  1-4 EEL =      9205.4355  VDWAALS    =     10683.5789
 EELEC  =   -113615.6899  EHBOND  =         0.0000  RESTRAINT  =       219.0972
 EAMBER (non-restraint)  =    -89395.3891
 Ewald error estimate:   0.4812E-04
 ------------------------------------------------------------------------------


 NSTEP =      150   TIME(PS) =       0.300  TEMP(K) =   124.17  PRESS =     0.0
 Etot   =    -81985.7437  EKtot   =      6514.9211  EPtot      =    -88500.6647
 BOND   =       254.4222  ANGLE   =       722.4528  DIHED      =      2734.1176
 1-4 NB =       817.7353  1-4 EEL =      9169.3735  VDWAALS    =     11128.3850
 EELEC  =   -113635.4851  EHBOND  =         0.0000  RESTRAINT  =       308.3341
 EAMBER (non-restraint)  =    -88808.9988
 Ewald error estimate:   0.6291E-04
 ------------------------------------------------------------------------------


 NSTEP =      200   TIME(PS) =       0.400  TEMP(K) =   142.39  PRESS =     0.0
 Etot   =    -80284.9428  EKtot   =      7471.3410  EPtot      =    -87756.2838
 BOND   =       278.2076  ANGLE   =       819.4402  DIHED      =      2725.7098
 1-4 NB =       820.6224  1-4 EEL =      9185.8089  VDWAALS    =     10889.4597
 EELEC  =   -112824.7236  EHBOND  =         0.0000  RESTRAINT  =       349.1912
 EAMBER (non-restraint)  =    -88105.4750
 Ewald error estimate:   0.1872E-04
 ------------------------------------------------------------------------------


 NSTEP =      250   TIME(PS) =       0.500  TEMP(K) =   160.51  PRESS =     0.0
 Etot   =    -78725.8577  EKtot   =      8421.9548  EPtot      =    -87147.8125
 BOND   =       322.4344  ANGLE   =       903.5735  DIHED      =      2748.4227
 1-4 NB =       818.1684  1-4 EEL =      9170.5544  VDWAALS    =     10555.3218
 EELEC  =   -112057.3195  EHBOND  =         0.0000  RESTRAINT  =       391.0318
 EAMBER (non-restraint)  =    -87538.8444
 Ewald error estimate:   0.8966E-05
 ------------------------------------------------------------------------------


 NSTEP =      300   TIME(PS) =       0.600  TEMP(K) =   174.12  PRESS =     0.0
 Etot   =    -77339.4650  EKtot   =      9136.2193  EPtot      =    -86475.6842
 BOND   =       359.3434  ANGLE   =       941.6438  DIHED      =      2783.7676
 1-4 NB =       818.6019  1-4 EEL =      9180.0553  VDWAALS    =     10497.2652
 EELEC  =   -111496.0702  EHBOND  =         0.0000  RESTRAINT  =       439.7087
 EAMBER (non-restraint)  =    -86915.3929
 Ewald error estimate:   0.1279E-04
 ------------------------------------------------------------------------------


 NSTEP =      350   TIME(PS) =       0.700  TEMP(K) =   187.25  PRESS =     0.0
 Etot   =    -76046.1797  EKtot   =      9824.9364  EPtot      =    -85871.1161
 BOND   =       358.6110  ANGLE   =      1037.1051  DIHED      =      2778.7751
 1-4 NB =       836.6993  1-4 EEL =      9168.7499  VDWAALS    =     10195.0096
 EELEC  =   -110710.3606  EHBOND  =         0.0000  RESTRAINT  =       464.2944
 EAMBER (non-restraint)  =    -86335.4105
 Ewald error estimate:   0.4748E-05
 ------------------------------------------------------------------------------


 NSTEP =      400   TIME(PS) =       0.800  TEMP(K) =   197.61  PRESS =     0.0
 Etot   =    -74943.1226  EKtot   =     10368.6549  EPtot      =    -85311.7775
 BOND   =       404.3738  ANGLE   =      1044.3114  DIHED      =      2787.7060
 1-4 NB =       833.0191  1-4 EEL =      9173.9734  VDWAALS    =     10160.9016
 EELEC  =   -110203.7866  EHBOND  =         0.0000  RESTRAINT  =       487.7237
 EAMBER (non-restraint)  =    -85799.5012
 Ewald error estimate:   0.7245E-04
 ------------------------------------------------------------------------------


 NSTEP =      450   TIME(PS) =       0.900  TEMP(K) =   209.01  PRESS =     0.0
 Etot   =    -73859.4794  EKtot   =     10966.5305  EPtot      =    -84826.0099
 BOND   =       417.0360  ANGLE   =      1116.7978  DIHED      =      2814.5545
 1-4 NB =       830.1904  1-4 EEL =      9139.5506  VDWAALS    =     10085.6478
 EELEC  =   -109727.7767  EHBOND  =         0.0000  RESTRAINT  =       497.9897
 EAMBER (non-restraint)  =    -85323.9996
 Ewald error estimate:   0.1691E-04
 ------------------------------------------------------------------------------

wrapping first mol.:      -48.45071      -68.51964        0.00000

 NSTEP =      500   TIME(PS) =       1.000  TEMP(K) =   217.68  PRESS =     0.0
 Etot   =    -72892.3120  EKtot   =     11421.7470  EPtot      =    -84314.0589
 BOND   =       446.8126  ANGLE   =      1186.5270  DIHED      =      2810.6807
 1-4 NB =       847.9831  1-4 EEL =      9169.8133  VDWAALS    =      9664.9357
 EELEC  =   -108968.9441  EHBOND  =         0.0000  RESTRAINT  =       528.1329
 EAMBER (non-restraint)  =    -84842.1918
 Ewald error estimate:   0.1280E-05
 ------------------------------------------------------------------------------


      A V E R A G E S   O V E R     500 S T E P S


 NSTEP =      500   TIME(PS) =       1.000  TEMP(K) =   147.48  PRESS =     0.0
 Etot   =    -79409.3747  EKtot   =      7738.0601  EPtot      =    -87147.4347
 BOND   =       303.8638  ANGLE   =       853.1474  DIHED      =      2746.0355
 1-4 NB =       817.6516  1-4 EEL =      9177.6586  VDWAALS    =     10417.9770
 EELEC  =   -111833.0366  EHBOND  =         0.0000  RESTRAINT  =       369.2681
 EAMBER (non-restraint)  =    -87516.7028
 Ewald error estimate:   0.4365E-04
 ------------------------------------------------------------------------------


      R M S  F L U C T U A T I O N S


 NSTEP =      500   TIME(PS) =       1.000  TEMP(K) =    55.24  PRESS =     0.0
 Etot   =      4540.4871  EKtot   =      2898.3732  EPtot      =      1768.5533
 BOND   =        96.7242  ANGLE   =       215.4156  DIHED      =        42.9209
 1-4 NB =        16.6357  1-4 EEL =        15.8217  VDWAALS    =       471.0565
 EELEC  =      1580.9293  EHBOND  =         0.0000  RESTRAINT  =       120.1667
 EAMBER (non-restraint)  =      1648.3866
 Ewald error estimate:   0.2998E-04
 ------------------------------------------------------------------------------


--------------------------------------------------------------------------------
   5.  TIMINGS
--------------------------------------------------------------------------------

|                Build the list            28.94 (99.64% of List )
|                Other                      0.10 ( 0.36% of List )
|             List time                 29.05 (12.13% of Nonbo)
|                   Short_ene time           193.65 (99.47% of Direc)
|                   Other                      1.02 ( 0.53% of Direc)
|                Direct Ewald time        194.67 (92.51% of Ewald)
|                Adjust Ewald time          0.70 ( 0.33% of Ewald)
|                   Fill Bspline coeffs        0.46 ( 3.12% of Recip)
|                   Fill charge grid           1.54 (10.33% of Recip)
|                   Scalar sum                 4.71 (31.61% of Recip)
|                   Grad sum                   2.91 (19.54% of Recip)
|                   FFT time                   5.28 (35.39% of Recip)
|                   Other                      0.00 ( 0.01% of Recip)
|                Recip Ewald time          14.90 ( 7.08% of Ewald)
|                Force Adjust               0.02 ( 0.01% of Ewald)
|                Virial junk                0.05 ( 0.02% of Ewald)
|                Other                      0.09 ( 0.04% of Ewald)
|             Ewald time               210.44 (87.87% of Nonbo)
|          Nonbond force            239.49 (99.59% of Force)
|          Bond/Angle/Dihedral        0.96 ( 0.40% of Force)
|          Other                      0.02 ( 0.01% of Force)
|       Force time               240.46 (98.27% of Runmd)
|       Shake time                 0.49 ( 0.20% of Runmd)
|       Verlet update time         3.70 ( 1.51% of Runmd)
|       Other                      0.04 ( 0.02% of Runmd)
|    Runmd Time               244.70 (100.0% of Total)
|    Other                      0.19 ( 0.08% of Total)
| Total time               244.89 (100.0% of ALL  )

| Number of list builds   :         39

| Highest rstack allocated:    1492906
| Highest istack allocated:      25484

| Final Performance Info:
| -----------------------------------------------------
| Average timings for all steps:
|     Elapsed(s) =     244.70 Per Step(ms) =     489.40
|         ns/day =       0.35   seconds/ns =  244698.53
| -----------------------------------------------------

|           Job began  at 22:41:26.932  on 06/29/2022
|           Setup done at 22:41:27.127  on 06/29/2022
|           Run   done at 22:45:31.825  on 06/29/2022
|     wallclock() was called   22139 times

|3D-RISM memory allocation summary
|Type          Maximum        Current   
|Integer       0.00000 GB     0.00000 GB
|Real          0.00000 GB     0.00000 GB
|Logical       0.00000 GB     0.00000 GB
|Character     0.00000 GB     0.00000 GB
|---------------------------------------
|Total         0.00000 GB     0.00000 GB
4 EEL =      9163.3663  VDWAALS    =      9097.2476
 EELEC  =   -106230.9120  EHBOND  =         0.0000  RESTRAINT  =       650.9712
 EAMBER (non-restraint)  =    -82306.6529
 Ewald error estimate:   0.8825E-04
 ------------------------------------------------------------------------------


 NSTEP =      950   TIME(PS) =       1.900  TEMP(K) =   263.93  PRESS =     0.0
 Etot   =    -67561.1196  EKtot   =     13848.4605  EPtot      =    -81409.5800
 BOND   =       562.2853  ANGLE   =      1441.5673  DIHED      =      2852.1393
 1-4 NB =       871.0672  1-4 EEL =      9170.2843  VDWAALS    =      8997.7323
 EELEC  =   -105928.7746  EHBOND  =         0.0000  RESTRAINT  =       624.1188
 EAMBER (non-restraint)  =    -82033.6989
 Ewald error estimate:   0.3406E-04
 ------------------------------------------------------------------------------


 NSTEP =     1000   TIME(PS) =       2.000  TEMP(K) =   266.44  PRESS =     0.0
 Etot   =    -67162.2814  EKtot   =     13979.8014  EPtot      =    -81142.0828
 BOND   =       515.4531  ANGLE   =      1474.1101  DIHED      =      2848.9298
 1-4 NB =       859.6392  1-4 EEL =      9161.8111  VDWAALS    =      8891.0683
 EELEC  =   -105535.4464  EHBOND  =         0.0000  RESTRAINT  =       642.3520
 EAMBER (non-restraint)  =    -81784.4348
 Ewald error estimate:   0.3124E-04
 ------------------------------------------------------------------------------


 NSTEP =     1050   TIME(PS) =       2.100  TEMP(K) =   268.53  PRESS =     0.0
 Etot   =    -66800.7885  EKtot   =     14089.8538  EPtot      =    -80890.6424
 BOND   =       606.2046  ANGLE   =      1426.1542  DIHED      =      2865.2307
 1-4 NB =       865.3261  1-4 EEL =      9146.7224  VDWAALS    =      8855.8697
 EELEC  =   -105314.4642  EHBOND  =         0.0000  RESTRAINT  =       658.3140
 EAMBER (non-restraint)  =    -81548.9564
 Ewald error estimate:   0.5637E-04
 ------------------------------------------------------------------------------


 NSTEP =     1100   TIME(PS) =       2.200  TEMP(K) =   270.70  PRESS =     0.0
 Etot   =    -66505.3240  EKtot   =     14203.6347  EPtot      =    -80708.9587
 BOND   =       607.0597  ANGLE   =      1439.6300  DIHED      =      2845.5019
 1-4 NB =       864.9248  1-4 EEL =      9176.6839  VDWAALS    =      8701.8041
 EELEC  =   -105009.3478  EHBOND  =         0.0000  RESTRAINT  =       664.7846
 EAMBER (non-restraint)  =    -81373.7434
 Ewald error estimate:   0.2619E-04
 ------------------------------------------------------------------------------


 NSTEP =     1150   TIME(PS) =       2.300  TEMP(K) =   273.34  PRESS =     0.0
 Etot   =    -66177.0360  EKtot   =     14341.9232  EPtot      =    -80518.9592
 BOND   =       587.5181  ANGLE   =      1467.6475  DIHED      =      2858.1568
 1-4 NB =       865.1358  1-4 EEL =      9188.5340  VDWAALS    =      8733.0059
 EELEC  =   -104907.7262  EHBOND  =         0.0000  RESTRAINT  =       688.7689
 EAMBER (non-restraint)  =    -81207.7281
 Ewald error estimate:   0.4657E-07
 ------------------------------------------------------------------------------


 NSTEP =     1200   TIME(PS) =       2.400  TEMP(K) =   275.78  PRESS =     0.0
 Etot   =    -65888.2902  EKtot   =     14470.3464  EPtot      =    -80358.6366
 BOND   =       585.1651  ANGLE   =      1474.3695  DIHED      =      2865.3252
 1-4 NB =       859.2562  1-4 EEL =      9175.3344  VDWAALS    =      8559.1063
 EELEC  =   -104562.4449  EHBOND  =         0.0000  RESTRAINT  =       685.2517
 EAMBER (non-restraint)  =    -81043.8882
 Ewald error estimate:   0.4832E-04
 ------------------------------------------------------------------------------


 NSTEP =     1250   TIME(PS) =       2.500  TEMP(K) =   278.09  PRESS =     0.0
 Etot   =    -65599.3158  EKtot   =     14591.2148  EPtot      =    -80190.5306
 BOND   =       601.9861  ANGLE   =      1478.1536  DIHED      =      2889.3375
 1-4 NB =       862.3388  1-4 EEL =      9187.9622  VDWAALS    =      8740.9588
 EELEC  =   -104629.4515  EHBOND  =         0.0000  RESTRAINT  =       678.1839
 EAMBER (non-restraint)  =    -80868.7145
 Ewald error estimate:   0.2906E-04
 ------------------------------------------------------------------------------

