
          -------------------------------------------------------
          Amber 20 SANDER                              2020
          -------------------------------------------------------

| Run on 06/29/2022 at 22:31:11

|   Executable path: sander
| Working directory: /Users/ethan/EthanLatchProj
|          Hostname: Unknown
  [-O]verwriting output

File Assignments:
|  MDIN: 8ad6f294-80fd-4659-8a99-3ae9a8b2ddbb/sander.mdin                      
| MDOUT: output/sander.h_min.log                                               
|INPCRD: input/structure.leap.crd                                              
|  PARM: input/structure.leap.top                                              
|RESTRT: output/sander.h_min.rst                                               
|  REFC: input/structure.leap.crd                                              
| MDVEL: mdvel                                                                 
| MDFRC: mdfrc                                                                 
|  MDEN: mden                                                                  
| MDCRD: output/sander.h_min.x                                                 
|MDINFO: mdinfo                                                                
|  MTMD: mtmd                                                                  
|INPDIP: inpdip                                                                
|RSTDIP: rstdip                                                                
|INPTRA: inptraj                                                               


 Here is the input file:

This mdin file has been created by the biobb_amber module from the BioBB library
Type of mdin: min_vacuo                                                        
&cntrl                                                                         
  imin = 1 ! BioBB simulation_type min_vacuo                                   
  ncyc = 250 ! BioBB simulation_type min_vacuo                                 
  ntb = 0 ! BioBB simulation_type min_vacuo                                    
  igb = 0 ! BioBB simulation_type min_vacuo                                    
  cut = 12 ! BioBB simulation_type min_vacuo                                   
  maxcyc = 500 ! BioBB property                                                
  ntpr = 5 ! BioBB property                                                    
  ntr = 1 ! BioBB property                                                     
  restraintmask = ":*&!@H=" ! BioBB property                                   
  restraint_wt = 50.0 ! BioBB property                                         
&end                                                                           

--------------------------------------------------------------------------------
   1.  RESOURCE   USE: 
--------------------------------------------------------------------------------

| Flags:                                                                        
|    NONPERIODIC   ntb=0 and igb=0: Setting up nonperiodic simulation
|Largest sphere to fit in unit cell has radius =    48.529
| New format PARM file being parsed.
| Version =    1.000 Date = 06/29/22 Time = 22:30:10
 NATOM  =    3535 NTYPES =      14 NBONH =    1750 MBONA  =    1816
 NTHETH =    3988 MTHETA =    2439 NPHIH =    7986 MPHIA  =    7651
 NHPARM =       0 NPARM  =       0 NNB   =   19407 NRES   =     221
 NBONA  =    1816 NTHETA =    2439 NPHIA =    7651 NUMBND =      69
 NUMANG =     159 NPTRA  =     192 NATYP =      37 NPHB   =       0
 IFBOX  =       0 NMXRS  =      50 IFCAP =       0 NEXTRA =       0
 NCOPY  =       0


|     Memory Use     Allocated
|     Real             1044500
|     Hollerith          10828
|     Integer           853555
|     Max Pairs        2036160
|     nblistReal         42420
|     nblist Int       1862035
|       Total            27095 kbytes

| Note: 1-4 EEL scale factors are being read from the topology file.

| Note: 1-4 VDW scale factors are being read from the topology file.
| Duplicated    0 dihedrals
| Duplicated    0 dihedrals

--------------------------------------------------------------------------------
   2.  CONTROL  DATA  FOR  THE  RUN
--------------------------------------------------------------------------------

default_name                                                                    

General flags:
     imin    =       1, nmropt  =       0

Nature and format of input:
     ntx     =       1, irest   =       0, ntrx    =       1

Nature and format of output:
     ntxo    =       2, ntpr    =       5, ntrx    =       1, ntwr    =       1
     iwrap   =       0, ntwx    =       0, ntwv    =       0, ntwe    =       0
     ioutfm  =       1, ntwprt  =       0, idecomp =       0, rbornstat=      0

Potential function:
     ntf     =       1, ntb     =       0, igb     =       0, nsnb    =      25
     ipol    =       0, gbsa    =       0, iesp    =       0
     dielc   =   1.00000, cut     =  12.00000, intdiel =   1.00000

Frozen or restrained atoms:
     ibelly  =       0, ntr     =       1
     restraint_wt =  50.00000

Energy minimization:
     maxcyc  =     500, ncyc    =     250, ntmin   =       1
     dx0     =   0.01000, drms    =   0.00010
|  INFO: Old style inpcrd file read


    LOADING THE CONSTRAINED ATOMS AS GROUPS


   5.  REFERENCE ATOM COORDINATES

  defa
     Mask :*&!@H=; matches  1785 atoms

--------------------------------------------------------------------------------
   3.  ATOMIC COORDINATES AND VELOCITIES
--------------------------------------------------------------------------------

default_name                                                                    
 begin time read from input coords =     0.000 ps

 Number of triangulated 3-point waters found:        0

     Sum of charges from parm topology file = -14.99899910

--------------------------------------------------------------------------------
   4.  RESULTS
--------------------------------------------------------------------------------

 ---------------------------------------------------

     eedmeth=4: Setting switch to one everywhere

 ---------------------------------------------------
| Local SIZE OF NONBOND LIST =     822148
| TOTAL SIZE OF NONBOND LIST =     822148


   NSTEP       ENERGY          RMS            GMAX         NAME    NUMBER
      1      -2.9286E+03     1.6690E+01     6.9000E+02     OD1      2750

 BOND    =      136.0996  ANGLE   =      422.8685  DIHED      =     2628.8791
 VDWAALS =    -1361.7641  EEL     =   -15270.1561  HBOND      =        0.0000
 1-4 VDW =     1019.7147  1-4 EEL =     9495.7171  RESTRAINT  =        0.0000


   NSTEP       ENERGY          RMS            GMAX         NAME    NUMBER
      5      -3.0251E+03     1.2848E+01     3.9791E+02     OD1      2750

 BOND    =      123.5304  ANGLE   =      415.7626  DIHED      =     2628.1168
 VDWAALS =    -1430.7738  EEL     =   -15272.5979  HBOND      =        0.0000
 1-4 VDW =     1017.8318  1-4 EEL =     9492.9023  RESTRAINT  =        0.1242
 EAMBER  =    -3025.2278


   NSTEP       ENERGY          RMS            GMAX         NAME    NUMBER
     10      -3.2180E+03     8.1057E+00     1.2691E+02     OD1      2750

 BOND    =       98.1403  ANGLE   =      394.8173  DIHED      =     2625.6260
 VDWAALS =    -1546.7125  EEL     =   -15286.1947  HBOND      =        0.0000
 1-4 VDW =     1011.0088  1-4 EEL =     9483.4476  RESTRAINT  =        1.9026
 EAMBER  =    -3219.8672


   NSTEP       ENERGY          RMS            GMAX         NAME    NUMBER
     15      -3.4808E+03     3.9228E+00     3.7530E+01     O          14

 BOND    =       92.5420  ANGLE   =      361.5429  DIHED      =     2621.9673
 VDWAALS =    -1689.7300  EEL     =   -15325.6228  HBOND      =        0.0000
 1-4 VDW =      991.3755  1-4 EEL =     9452.8042  RESTRAINT  =       14.3510
 EAMBER  =    -3495.1210


   NSTEP       ENERGY          RMS            GMAX         NAME    NUMBER
     20      -3.7685E+03     1.5121E+00     1.4273E+01     O1       3492

 BOND    =       86.5941  ANGLE   =      349.3617  DIHED      =     2629.1630
 VDWAALS =    -1829.4210  EEL     =   -15393.5826  HBOND      =        0.0000
 1-4 VDW =      945.5079  1-4 EEL =     9376.6662  RESTRAINT  =       67.2179
 EAMBER  =    -3835.7108


   NSTEP       ENERGY          RMS            GMAX         NAME    NUMBER
     25      -3.8063E+03     6.7614E+00     1.9573E+02     CG       2749

 BOND    =      149.6659  ANGLE   =      372.9968  DIHED      =     2630.6171
 VDWAALS =    -1877.0010  EEL     =   -15454.7391  HBOND      =        0.0000
 1-4 VDW =      914.6886  1-4 EEL =     9343.4402  RESTRAINT  =      114.0653
 EAMBER  =    -3920.3315


   NSTEP       ENERGY          RMS            GMAX         NAME    NUMBER
     30      -3.8901E+03     2.4230E+00     6.9266E+01     CG       2749

 BOND    =       93.4085  ANGLE   =      350.2504  DIHED      =     2631.4834
 VDWAALS =    -1889.3078  EEL     =   -15435.6373  HBOND      =        0.0000
 1-4 VDW =      909.4329  1-4 EEL =     9331.2993  RESTRAINT  =      119.0004
 EAMBER  =    -4009.0705


   NSTEP       ENERGY          RMS            GMAX         NAME    NUMBER
     35      -3.9161E+03     7.3741E-01     9.3812E+00     HG         86

 BOND    =       89.4717  ANGLE   =      353.4472  DIHED      =     2631.8781
 VDWAALS =    -1895.9471  EEL     =   -15454.5053  HBOND      =        0.0000
 1-4 VDW =      904.5949  1-4 EEL =     9328.4906  RESTRAINT  =      126.5050
 EAMBER  =    -4042.5697


   NSTEP       ENERGY          RMS            GMAX         NAME    NUMBER
     40      -3.9299E+03     6.0629E-01     9.2536E+00     HG         86

 BOND    =       89.3587  ANGLE   =      353.7448  DIHED      =     2632.5643
 VDWAALS =    -1901.6900  EEL     =   -15462.1712  HBOND      =        0.0000
 1-4 VDW =      901.1841  1-4 EEL =     9324.9884  RESTRAINT  =      132.1242
 EAMBER  =    -4062.0209


   NSTEP       ENERGY          RMS            GMAX         NAME    NUMBER
     45      -3.9427E+03     5.5831E-01     9.0767E+00     HG         86

 BOND    =       89.4441  ANGLE   =      354.5189  DIHED      =     2633.4489
 VDWAALS =    -1907.0905  EEL     =   -15470.7273  HBOND      =        0.0000
 1-4 VDW =      898.1406  1-4 EEL =     9321.9786  RESTRAINT  =      137.5588
 EAMBER  =    -4080.2867


   NSTEP       ENERGY          RMS            GMAX         NAME    NUMBER
     50      -4.0077E+03     1.1638E+00     1.9492E+01     CG       2749

 BOND    =       91.6223  ANGLE   =      357.0373  DIHED      =     2634.5199
 VDWAALS =    -1912.0630  EEL     =   -15536.9594  HBOND      =        0.0000
 1-4 VDW =      895.3869  1-4 EEL =     9319.7574  RESTRAINT  =      143.0183
 EAMBER  =    -4150.6986


   NSTEP       ENERGY          RMS            GMAX         NAME    NUMBER
     55      -4.0165E+03     1.1574E+00     1.5657E+01     CG       2749

 BOND    =       91.5357  ANGLE   =      357.6844  DIHED      =     2635.6490
 VDWAALS =    -1915.8457  EEL     =   -15543.4121  HBOND      =        0.0000
 1-4 VDW =      893.5326  1-4 EEL =     9317.7563  RESTRAINT  =      146.6120
 EAMBER  =    -4163.0999


   NSTEP       ENERGY          RMS            GMAX         NAME    NUMBER
     60      -4.0239E+03     1.2562E+00     1.7388E+01     NE1      2673

 BOND    =       91.8672  ANGLE   =      358.4732  DIHED      =     2636.8759
 VDWAALS =    -1919.2676  EEL     =   -15549.8964  HBOND      =        0.0000
 1-4 VDW =      892.0160  1-4 EEL =     9316.0361  RESTRAINT  =      150.0293
 EAMBER  =    -4173.8957


   NSTEP       ENERGY          RMS            GMAX         NAME    NUMBER
     65      -4.0301E+03     1.2361E+00     1.9138E+01     CD        339

 BOND    =       91.1804  ANGLE   =      358.8368  DIHED      =     2638.0249
 VDWAALS =    -1921.9634  EEL     =   -15554.6090  HBOND      =        0.0000
 1-4 VDW =      890.9252  1-4 EEL =     9314.7625  RESTRAINT  =      152.6972
 EAMBER  =    -4182.8426


   NSTEP       ENERGY          RMS            GMAX         NAME    NUMBER
     70      -4.0374E+03     4.0208E-01     7.5367E+00     HG         86

 BOND    =       89.0376  ANGLE   =      356.9685  DIHED      =     2639.2062
 VDWAALS =    -1924.0317  EEL     =   -15557.2403  HBOND      =        0.0000
 1-4 VDW =      890.2317  1-4 EEL =     9313.8553  RESTRAINT  =      154.5343
 EAMBER  =    -4191.9727


   NSTEP       ENERGY          RMS            GMAX         NAME    NUMBER
     75      -3.9665E+03     1.3655E+00     2.1182E+01     CZ3      2680

 BOND    =       91.6239  ANGLE   =      359.8232  DIHED      =     2640.2804
 VDWAALS =    -1926.4169  EEL     =   -15491.5093  HBOND      =        0.0000
 1-4 VDW =      889.2574  1-4 EEL =     9313.0894  RESTRAINT  =      157.3646
 EAMBER  =    -4123.8519


   NSTEP       ENERGY          RMS            GMAX         NAME    NUMBER
     80      -3.9738E+03     4.4231E-01     7.3445E+00     HG         86

 BOND    =       88.8525  ANGLE   =      357.7840  DIHED      =     2641.4818
 VDWAALS =    -1928.2540  EEL     =   -15493.8437  HBOND      =        0.0000
 1-4 VDW =      888.7714  1-4 EEL =     9312.4502  RESTRAINT  =      158.9260
 EAMBER  =    -4132.7578


   NSTEP       ENERGY          RMS            GMAX         NAME    NUMBER
     85      -3.9776E+03     3.3466E-01     6.9603E+00     HG         86

 BOND    =       88.7006  ANGLE   =      358.4046  DIHED      =     2642.4249
 VDWAALS =    -1929.8686  EEL     =   -15498.0696  HBOND      =        0.0000
 1-4 VDW =      888.2259  1-4 EEL =     9311.9613  RESTRAINT  =      160.6420
 EAMBER  =    -4138.2210


   NSTEP       ENERGY          RMS            GMAX         NAME    NUMBER
     90      -3.9814E+03     5.6993E-01     6.5035E+00     HG         86

 BOND    =       88.7649  ANGLE   =      358.4379  DIHED      =     2643.6921
 VDWAALS =    -1931.6576  EEL     =   -15502.3060  HBOND      =        0.0000
 1-4 VDW =      887.7062  1-4 EEL =     9311.4702  RESTRAINT  =      162.5305
 EAMBER  =    -4143.8924


   NSTEP       ENERGY          RMS            GMAX         NAME    NUMBER
     95      -3.9850E+03     4.0256E-01     6.5746E+00     HG1      3264

 BOND    =       88.6079  ANGLE   =      358.9810  DIHED      =     2644.7352
 VDWAALS =    -1933.1142  EEL     =   -15506.6664  HBOND      =        0.0000
 1-4 VDW =      887.2784  1-4 EEL =     9311.0524  RESTRAINT  =      164.1552
 EAMBER  =    -4149.1257


   NSTEP       ENERGY          RMS            GMAX         NAME    NUMBER
    100      -4.0202E+03     5.2435E-01     6.9584E+00     HG1      3264

 BOND    =       88.5870  ANGLE   =      359.1696  DIHED      =     2645.8432
 VDWAALS =    -1934.5231  EEL     =   -15542.5350  HBOND      =        0.0000
 1-4 VDW =      886.9177  1-4 EEL =     9310.6976  RESTRAINT  =      165.6584
 EAMBER  =    -4185.8429


   NSTEP       ENERGY          RMS            GMAX         NAME    NUMBER
    105      -4.0233E+03     5.2855E-01     8.8620E+00     CD        339

 BOND    =       88.4488  ANGLE   =      359.6100  DIHED      =     2646.8803
 VDWAALS =    -1935.9360  EEL     =   -15546.0070  HBOND      =        0.0000
 1-4 VDW =      886.5190  1-4 EEL =     9310.1119  RESTRAINT  =      167.1004
 EAMBER  =    -4190.3732


   NSTEP       ENERGY          RMS            GMAX         NAME    NUMBER
    110      -4.0256E+03     6.9550E-01     9.4300E+00     NE2      1301

 BOND    =       88.7370  ANGLE   =      359.7082  DIHED      =     2647.8953
 VDWAALS =    -1937.0488  EEL     =   -15549.2618  HBOND      =        0.0000
 1-4 VDW =      886.2705  1-4 EEL =     9309.7319  RESTRAINT  =      168.3578
 EAMBER  =    -4193.9677


   NSTEP       ENERGY          RMS            GMAX         NAME    NUMBER
    115      -4.0280E+03     8.7435E-01     2.6301E+01     CD        339

 BOND    =       88.6998  ANGLE   =      360.0299  DIHED      =     2648.9229
 VDWAALS =    -1938.3241  EEL     =   -15552.3974  HBOND      =        0.0000
 1-4 VDW =      885.9723  1-4 EEL =     9309.4060  RESTRAINT  =      169.6634
 EAMBER  =    -4197.6905


   NSTEP       ENERGY          RMS            GMAX         NAME    NUMBER
    120      -4.0305E+03     7.7463E-01     1.4352E+01     CD        339

 BOND    =       88.5760  ANGLE   =      360.1983  DIHED      =     2649.8182
 VDWAALS =    -1939.2209  EEL     =   -15555.5684  HBOND      =        0.0000
 1-4 VDW =      885.7960  1-4 EEL =     9309.1844  RESTRAINT  =      170.6854
 EAMBER  =    -4201.2163


   NSTEP       ENERGY          RMS            GMAX         NAME    NUMBER
    125      -4.0128E+03     2.8792E-01     8.1399E+00     HH       1770

 BOND    =       88.3020  ANGLE   =      361.0242  DIHED      =     2650.6035
 VDWAALS =    -1940.0798  EEL     =   -15538.9346  HBOND      =        0.0000
 1-4 VDW =      885.5780  1-4 EEL =     9308.9233  RESTRAINT  =      171.7716
 EAMBER  =    -4184.5833


   NSTEP       ENERGY          RMS            GMAX         NAME    NUMBER
    130      -4.0148E+03     2.4706E-01     8.5471E+00     HH       1770

 BOND    =       88.0618  ANGLE   =      360.9573  DIHED      =     2651.3596
 VDWAALS =    -1940.7401  EEL     =   -15541.2616  HBOND      =        0.0000
 1-4 VDW =      885.4323  1-4 EEL =     9308.9773  RESTRAINT  =      172.4267
 EAMBER  =    -4187.2134


   NSTEP       ENERGY          RMS            GMAX         NAME    NUMBER
    135      -4.0177E+03     3.0246E-01     9.2295E+00     HH       1770

 BOND    =       87.9466  ANGLE   =      361.1506  DIHED      =     2652.4863
 VDWAALS =    -1941.7596  EEL     =   -15545.1183  HBOND      =        0.0000
 1-4 VDW =      885.2291  1-4 EEL =     9308.9331  RESTRAINT  =      173.4721
 EAMBER  =    -4191.1323


   NSTEP       ENERGY          RMS            GMAX         NAME    NUMBER
    140      -4.0196E+03     2.5586E-01     9.6882E+00     HH       1770

 BOND    =       87.8915  ANGLE   =      361.3074  DIHED      =     2653.1892
 VDWAALS =    -1942.3756  EEL     =   -15547.7002  HBOND      =        0.0000
 1-4 VDW =      885.1061  1-4 EEL =     9308.8792  RESTRAINT  =      174.1337
 EAMBER  =    -4193.7024


   NSTEP       ENERGY          RMS            GMAX         NAME    NUMBER
    145      -4.0203E+03     1.1319E+00     5.2397E+01     CG        413

 BOND    =       89.7635  ANGLE   =      361.6882  DIHED      =     2654.0476
 VDWAALS =    -1943.1575  EEL     =   -15551.3640  HBOND      =        0.0000
 1-4 VDW =      884.9074  1-4 EEL =     9308.8096  RESTRAINT  =      175.0285
 EAMBER  =    -4195.3051


   NSTEP       ENERGY          RMS            GMAX         NAME    NUMBER
    150      -4.1368E+03     4.1804E-01     1.4831E+01     CG        413

 BOND    =       87.8059  ANGLE   =      361.6145  DIHED      =     2654.8714
 VDWAALS =    -1943.7892  EEL     =   -15666.5847  HBOND      =        0.0000
 1-4 VDW =      884.8772  1-4 EEL =     9308.7332  RESTRAINT  =      175.6777
 EAMBER  =    -4312.4718


   NSTEP       ENERGY          RMS            GMAX         NAME    NUMBER
    155      -4.1389E+03     2.6949E-01     1.2215E+01     HH       1770

 BOND    =       87.8282  ANGLE   =      361.8147  DIHED      =     2655.4173
 VDWAALS =    -1944.2760  EEL     =   -15669.2996  HBOND      =        0.0000
 1-4 VDW =      884.7861  1-4 EEL =     9308.5483  RESTRAINT  =      176.2854
 EAMBER  =    -4315.1809


   NSTEP       ENERGY          RMS            GMAX         NAME    NUMBER
    160      -4.1415E+03     2.7403E-01     1.2874E+01     HH       1770

 BOND    =       87.8030  ANGLE   =      361.9663  DIHED      =     2656.1586
 VDWAALS =    -1944.8986  EEL     =   -15672.6583  HBOND      =        0.0000
 1-4 VDW =      884.7136  1-4 EEL =     9308.4026  RESTRAINT  =      177.0532
 EAMBER  =    -4318.5129


   NSTEP       ENERGY          RMS            GMAX         NAME    NUMBER
    165      -4.1442E+03     2.8270E-01     1.3584E+01     HH       1770

 BOND    =       87.7595  ANGLE   =      362.1061  DIHED      =     2656.8751
 VDWAALS =    -1945.5007  EEL     =   -15676.1508  HBOND      =        0.0000
 1-4 VDW =      884.6446  1-4 EEL =     9308.3099  RESTRAINT  =      177.7757
 EAMBER  =    -4321.9564


   NSTEP       ENERGY          RMS            GMAX         NAME    NUMBER
    170      -4.1471E+03     2.9412E-01     1.4336E+01     HH       1770

 BOND    =       87.7103  ANGLE   =      362.2470  DIHED      =     2657.5423
 VDWAALS =    -1946.0762  EEL     =   -15679.8045  HBOND      =        0.0000
 1-4 VDW =      884.5778  1-4 EEL =     9308.2518  RESTRAINT  =      178.4542
 EAMBER  =    -4325.5516


   NSTEP       ENERGY          RMS            GMAX         NAME    NUMBER
    175      -4.0402E+03     3.1263E-01     1.4703E+01     HH        446

 BOND    =       87.6597  ANGLE   =      362.3933  DIHED      =     2658.1387
 VDWAALS =    -1946.6260  EEL     =   -15573.5612  HBOND      =        0.0000
 1-4 VDW =      884.5132  1-4 EEL =     9308.2160  RESTRAINT  =      179.0935
 EAMBER  =    -4219.2664


   NSTEP       ENERGY          RMS            GMAX         NAME    NUMBER
    180      -4.0432E+03     4.6865E-01     1.7279E+01     CG        413

 BOND    =       87.7357  ANGLE   =      362.5644  DIHED      =     2658.5988
 VDWAALS =    -1947.0553  EEL     =   -15577.2879  HBOND      =        0.0000
 1-4 VDW =      884.3942  1-4 EEL =     9308.2545  RESTRAINT  =      179.5493
 EAMBER  =    -4222.7955


   NSTEP       ENERGY          RMS            GMAX         NAME    NUMBER
    185      -4.0463E+03     3.2974E-01     1.7374E+01     HH        446

 BOND    =       87.5081  ANGLE   =      362.6614  DIHED      =     2658.9064
 VDWAALS =    -1947.4240  EEL     =   -15580.4625  HBOND      =        0.0000
 1-4 VDW =      884.3473  1-4 EEL =     9308.2736  RESTRAINT  =      179.9099
 EAMBER  =    -4226.1898


   NSTEP       ENERGY          RMS            GMAX         NAME    NUMBER
    190      -4.0474E+03     1.5658E+00     7.6830E+01     CG        413

 BOND    =       90.1094  ANGLE   =      363.0697  DIHED      =     2659.2333
 VDWAALS =    -1947.8677  EEL     =   -15585.0982  HBOND      =        0.0000
 1-4 VDW =      884.3649  1-4 EEL =     9308.2924  RESTRAINT  =      180.4880
 EAMBER  =    -4227.8962


   NSTEP       ENERGY          RMS            GMAX         NAME    NUMBER
    195      -4.0548E+03     5.5098E-01     2.0643E+01     HH        446

 BOND    =       87.6577  ANGLE   =      363.0905  DIHED      =     2659.2693
 VDWAALS =    -1948.3415  EEL     =   -15589.8994  HBOND      =        0.0000
 1-4 VDW =      884.1818  1-4 EEL =     9308.3377  RESTRAINT  =      180.8688
 EAMBER  =    -4235.7039


   NSTEP       ENERGY          RMS            GMAX         NAME    NUMBER
    200      -4.0814E+03     1.6922E+00     8.2717E+01     CG        413

 BOND    =       90.4348  ANGLE   =      363.4606  DIHED      =     2659.2480
 VDWAALS =    -1948.6039  EEL     =   -15619.7850  HBOND      =        0.0000
 1-4 VDW =      884.2476  1-4 EEL =     9308.3366  RESTRAINT  =      181.2811
 EAMBER  =    -4262.6613


   NSTEP       ENERGY          RMS            GMAX         NAME    NUMBER
    205      -4.0904E+03     5.2184E-01     2.2745E+01     HH        446

 BOND    =       87.5754  ANGLE   =      363.2855  DIHED      =     2658.9423
 VDWAALS =    -1949.0497  EEL     =   -15624.8260  HBOND      =        0.0000
 1-4 VDW =      884.0802  1-4 EEL =     9308.2322  RESTRAINT  =      181.3448
 EAMBER  =    -4271.7600


   NSTEP       ENERGY          RMS            GMAX         NAME    NUMBER
    210      -4.0953E+03     4.1900E-01     2.3162E+01     HH        446

 BOND    =       87.3741  ANGLE   =      363.3313  DIHED      =     2658.6179
 VDWAALS =    -1949.2950  EEL     =   -15629.1193  HBOND      =        0.0000
 1-4 VDW =      884.0339  1-4 EEL =     9308.2260  RESTRAINT  =      181.5000
 EAMBER  =    -4276.8311


   NSTEP       ENERGY          RMS            GMAX         NAME    NUMBER
    215      -4.0974E+03     1.8823E+00     9.3092E+01     CG        413

 BOND    =       91.1983  ANGLE   =      363.7563  DIHED      =     2658.0365
 VDWAALS =    -1949.4760  EEL     =   -15634.9627  HBOND      =        0.0000
 1-4 VDW =      884.0724  1-4 EEL =     9308.2192  RESTRAINT  =      181.7662
 EAMBER  =    -4279.1559


   NSTEP       ENERGY          RMS            GMAX         NAME    NUMBER
    220      -4.1083E+03     6.4690E-01     2.3686E+01     CG        413

 BOND    =       87.6700  ANGLE   =      363.5026  DIHED      =     2657.2635
 VDWAALS =    -1949.7676  EEL     =   -15640.8075  HBOND      =        0.0000
 1-4 VDW =      883.8655  1-4 EEL =     9308.2313  RESTRAINT  =      181.7592
 EAMBER  =    -4290.0421


   NSTEP       ENERGY          RMS            GMAX         NAME    NUMBER
    225      -4.0247E+03     4.5830E-01     2.1072E+01     HH        446

 BOND    =       87.3268  ANGLE   =      363.4655  DIHED      =     2656.6390
 VDWAALS =    -1949.8531  EEL     =   -15556.1228  HBOND      =        0.0000
 1-4 VDW =      883.8305  1-4 EEL =     9308.2345  RESTRAINT  =      181.7312
 EAMBER  =    -4206.4796


   NSTEP       ENERGY          RMS            GMAX         NAME    NUMBER
    230      -4.0308E+03     7.3351E-01     3.0507E+01     CG        413

 BOND    =       87.6453  ANGLE   =      363.4310  DIHED      =     2655.8719
 VDWAALS =    -1949.9168  EEL     =   -15561.5918  HBOND      =        0.0000
 1-4 VDW =      883.7687  1-4 EEL =     9308.2491  RESTRAINT  =      181.7685
 EAMBER  =    -4212.5425


   NSTEP       ENERGY          RMS            GMAX         NAME    NUMBER
    235      -4.0365E+03     4.4101E-01     1.8859E+01     HH        446

 BOND    =       87.3051  ANGLE   =      363.3810  DIHED      =     2655.2227
 VDWAALS =    -1949.9718  EEL     =   -15566.0376  HBOND      =        0.0000
 1-4 VDW =      883.6723  1-4 EEL =     9308.2569  RESTRAINT  =      181.6712
 EAMBER  =    -4218.1715


   NSTEP       ENERGY          RMS            GMAX         NAME    NUMBER
    240      -4.0435E+03     8.5392E-01     3.7216E+01     CG        413

 BOND    =       87.9808  ANGLE   =      363.2992  DIHED      =     2654.3218
 VDWAALS =    -1949.8690  EEL     =   -15572.5398  HBOND      =        0.0000
 1-4 VDW =      883.6138  1-4 EEL =     9308.2773  RESTRAINT  =      181.4173
 EAMBER  =    -4224.9158


   NSTEP       ENERGY          RMS            GMAX         NAME    NUMBER
    245      -4.0495E+03     5.9102E-01     2.2975E+01     CG        413

 BOND    =       87.6439  ANGLE   =      363.1602  DIHED      =     2653.6983
 VDWAALS =    -1949.7837  EEL     =   -15577.1886  HBOND      =        0.0000
 1-4 VDW =      883.5367  1-4 EEL =     9308.2998  RESTRAINT  =      181.1447
 EAMBER  =    -4230.6334


   NSTEP       ENERGY          RMS            GMAX         NAME    NUMBER
    250      -4.1106E+03     1.0381E+00     4.9355E+01     CG        413

 BOND    =       88.5620  ANGLE   =      363.1097  DIHED      =     2653.1253
 VDWAALS =    -1949.5753  EEL     =   -15638.4910  HBOND      =        0.0000
 1-4 VDW =      883.5077  1-4 EEL =     9308.3345  RESTRAINT  =      180.8298
 EAMBER  =    -4291.4271


   NSTEP       ENERGY          RMS            GMAX         NAME    NUMBER
    255      -4.1187E+03     3.9615E-01     1.7091E+01     HH       1770

 BOND    =       87.9291  ANGLE   =      362.9207  DIHED      =     2652.3315
 VDWAALS =    -1949.4496  EEL     =   -15644.3964  HBOND      =        0.0000
 1-4 VDW =      883.3819  1-4 EEL =     9308.1447  RESTRAINT  =      180.4164
 EAMBER  =    -4299.1381


   NSTEP       ENERGY          RMS            GMAX         NAME    NUMBER
    260      -4.1340E+03     7.9950E-01     2.5737E+01     HH       1770

 BOND    =       91.8149  ANGLE   =      363.6468  DIHED      =     2650.9947
 VDWAALS =    -1946.1136  EEL     =   -15665.6469  HBOND      =        0.0000
 1-4 VDW =      883.0876  1-4 EEL =     9307.9995  RESTRAINT  =      180.1861
 EAMBER  =    -4314.2170


   NSTEP       ENERGY          RMS            GMAX         NAME    NUMBER
    265      -4.1392E+03     6.2569E-01     1.6522E+01     CG        413

 BOND    =       90.5191  ANGLE   =      363.0913  DIHED      =     2651.1977
 VDWAALS =    -1946.4824  EEL     =   -15668.2295  HBOND      =        0.0000
 1-4 VDW =      883.4649  1-4 EEL =     9308.3894  RESTRAINT  =      178.8316
 EAMBER  =    -4318.0496


   NSTEP       ENERGY          RMS            GMAX         NAME    NUMBER
    270      -4.1418E+03     3.9962E-01     9.9911E+00     CE1      1766

 BOND    =       89.4656  ANGLE   =      363.3242  DIHED      =     2651.2404
 VDWAALS =    -1946.5303  EEL     =   -15669.9123  HBOND      =        0.0000
 1-4 VDW =      883.5203  1-4 EEL =     9308.2708  RESTRAINT  =      178.7848
 EAMBER  =    -4320.6214


   NSTEP       ENERGY          RMS            GMAX         NAME    NUMBER
    275      -4.1656E+03     3.8030E-01     1.0552E+01     CG        139

 BOND    =       89.4089  ANGLE   =      362.7519  DIHED      =     2651.4059
 VDWAALS =    -1947.3727  EEL     =   -15692.2865  HBOND      =        0.0000
 1-4 VDW =      883.5761  1-4 EEL =     9307.9613  RESTRAINT  =      178.9117
 EAMBER  =    -4344.5552


   NSTEP       ENERGY          RMS            GMAX         NAME    NUMBER
    280      -4.1658E+03     5.8069E-01     2.0737E+01     CG        139

 BOND    =       89.3849  ANGLE   =      362.6524  DIHED      =     2651.4714
 VDWAALS =    -1947.1920  EEL     =   -15692.8999  HBOND      =        0.0000
 1-4 VDW =      883.6504  1-4 EEL =     9308.2497  RESTRAINT  =      178.8938
 EAMBER  =    -4344.6831


   NSTEP       ENERGY          RMS            GMAX         NAME    NUMBER
    285      -4.1666E+03     2.1531E-01     4.9121E+00     CG        413

 BOND    =       89.2497  ANGLE   =      362.6906  DIHED      =     2651.6210
 VDWAALS =    -1947.3067  EEL     =   -15694.2417  HBOND      =        0.0000
 1-4 VDW =      883.6801  1-4 EEL =     9308.7358  RESTRAINT  =      178.9218
 EAMBER  =    -4345.5711


   NSTEP       ENERGY          RMS            GMAX         NAME    NUMBER
    290      -4.1676E+03     2.9190E-01     6.4552E+00     CD       1671

 BOND    =       89.1276  ANGLE   =      362.9752  DIHED      =     2652.0249
 VDWAALS =    -1947.8507  EEL     =   -15696.3440  HBOND      =        0.0000
 1-4 VDW =      883.4639  1-4 EEL =     9309.3588  RESTRAINT  =      179.6128
 EAMBER  =    -4347.2442


   NSTEP       ENERGY          RMS            GMAX         NAME    NUMBER
    295      -4.1682E+03     2.7066E-01     5.1099E+00     CD1      1764

 BOND    =       89.5540  ANGLE   =      363.0683  DIHED      =     2652.4475
 VDWAALS =    -1948.4952  EEL     =   -15697.5130  HBOND      =        0.0000
 1-4 VDW =      883.3758  1-4 EEL =     9309.1589  RESTRAINT  =      180.1643
 EAMBER  =    -4348.4037


   NSTEP       ENERGY          RMS            GMAX         NAME    NUMBER
    300      -4.1517E+03     2.1101E-01     3.6031E+00     HH       1770

 BOND    =       89.0395  ANGLE   =      363.4061  DIHED      =     2653.4797
 VDWAALS =    -1950.2690  EEL     =   -15681.0000  HBOND      =        0.0000
 1-4 VDW =      883.5428  1-4 EEL =     9308.9151  RESTRAINT  =      181.1420
 EAMBER  =    -4332.8857


   NSTEP       ENERGY          RMS            GMAX         NAME    NUMBER
    305      -4.1517E+03     5.5814E-01     1.6275E+01     CG        413

 BOND    =       88.7103  ANGLE   =      363.4674  DIHED      =     2653.2405
 VDWAALS =    -1950.0961  EEL     =   -15680.3886  HBOND      =        0.0000
 1-4 VDW =      883.4391  1-4 EEL =     9308.8890  RESTRAINT  =      180.9972
 EAMBER  =    -4332.7385


   NSTEP       ENERGY          RMS            GMAX         NAME    NUMBER
    310      -4.1527E+03     2.4630E-01     4.6992E+00     CG        413

 BOND    =       89.2665  ANGLE   =      363.3794  DIHED      =     2653.1969
 VDWAALS =    -1950.6425  EEL     =   -15680.9144  HBOND      =        0.0000
 1-4 VDW =      883.5140  1-4 EEL =     9308.7414  RESTRAINT  =      180.7640
 EAMBER  =    -4333.4586


   NSTEP       ENERGY          RMS            GMAX         NAME    NUMBER
    315      -4.1535E+03     2.2024E-01     4.6454E+00     CD       1671

 BOND    =       89.0885  ANGLE   =      362.9858  DIHED      =     2653.5235
 VDWAALS =    -1950.8174  EEL     =   -15681.5422  HBOND      =        0.0000
 1-4 VDW =      883.6628  1-4 EEL =     9308.8283  RESTRAINT  =      180.7275
 EAMBER  =    -4334.2708


   NSTEP       ENERGY          RMS            GMAX         NAME    NUMBER
    320      -4.1541E+03     2.3801E-01     4.5725E+00     CD       1671

 BOND    =       88.7226  ANGLE   =      363.0721  DIHED      =     2653.8180
 VDWAALS =    -1950.7064  EEL     =   -15682.5371  HBOND      =        0.0000
 1-4 VDW =      883.8246  1-4 EEL =     9308.9456  RESTRAINT  =      180.7904
 EAMBER  =    -4334.8606


   NSTEP       ENERGY          RMS            GMAX         NAME    NUMBER
    325      -4.2142E+03     2.4542E-01     4.3031E+00     HG       2975

 BOND    =       88.9175  ANGLE   =      363.1813  DIHED      =     2654.4602
 VDWAALS =    -1951.4346  EEL     =   -15742.6435  HBOND      =        0.0000
 1-4 VDW =      883.7962  1-4 EEL =     9308.5405  RESTRAINT  =      180.9442
 EAMBER  =    -4395.1825


   NSTEP       ENERGY          RMS            GMAX         NAME    NUMBER
    330      -4.2147E+03     3.6136E-01     8.1042E+00     CG        413

 BOND    =       89.1318  ANGLE   =      363.1265  DIHED      =     2654.5857
 VDWAALS =    -1951.4448  EEL     =   -15743.3006  HBOND      =        0.0000
 1-4 VDW =      883.7700  1-4 EEL =     9308.5578  RESTRAINT  =      180.8472
 EAMBER  =    -4395.5737


   NSTEP       ENERGY          RMS            GMAX         NAME    NUMBER
    335      -4.2156E+03     2.7923E-01     7.0841E+00     CG        413

 BOND    =       89.0099  ANGLE   =      363.0004  DIHED      =     2654.7353
 VDWAALS =    -1951.5094  EEL     =   -15744.1068  HBOND      =        0.0000
 1-4 VDW =      883.7064  1-4 EEL =     9308.8339  RESTRAINT  =      180.7559
 EAMBER  =    -4396.3303


   NSTEP       ENERGY          RMS            GMAX         NAME    NUMBER
    340      -4.2167E+03     2.7088E-01     4.9759E+00     HG       2975

 BOND    =       88.8944  ANGLE   =      363.1825  DIHED      =     2654.5922
 VDWAALS =    -1951.7972  EEL     =   -15744.6550  HBOND      =        0.0000
 1-4 VDW =      883.4916  1-4 EEL =     9308.5308  RESTRAINT  =      181.0140
 EAMBER  =    -4397.7607


   NSTEP       ENERGY          RMS            GMAX         NAME    NUMBER
    345      -4.2175E+03     2.6984E-01     5.2970E+00     HG       2975

 BOND    =       89.1234  ANGLE   =      363.2244  DIHED      =     2654.8871
 VDWAALS =    -1952.1019  EEL     =   -15745.4033  HBOND      =        0.0000
 1-4 VDW =      883.4059  1-4 EEL =     9308.1150  RESTRAINT  =      181.2414
 EAMBER  =    -4398.7494


   NSTEP       ENERGY          RMS            GMAX         NAME    NUMBER
    350      -4.2361E+03     2.7955E-01     4.8634E+00     HG       2975

 BOND    =       88.9986  ANGLE   =      363.5208  DIHED      =     2655.1384
 VDWAALS =    -1952.7920  EEL     =   -15763.7886  HBOND      =        0.0000
 1-4 VDW =      883.5175  1-4 EEL =     9307.7811  RESTRAINT  =      181.4770
 EAMBER  =    -4417.6243


   NSTEP       ENERGY          RMS            GMAX         NAME    NUMBER
    355      -4.2367E+03     3.5974E-01     7.3288E+00     CG        413

 BOND    =       88.5841  ANGLE   =      363.4045  DIHED      =     2654.9433
 VDWAALS =    -1952.5945  EEL     =   -15763.6730  HBOND      =        0.0000
 1-4 VDW =      883.4761  1-4 EEL =     9307.8976  RESTRAINT  =      181.2441
 EAMBER  =    -4417.9620


   NSTEP       ENERGY          RMS            GMAX         NAME    NUMBER
    360      -4.2378E+03     3.0675E-01     7.5267E+00     CD       1671

 BOND    =       89.1128  ANGLE   =      363.2884  DIHED      =     2654.7816
 VDWAALS =    -1952.9696  EEL     =   -15764.4808  HBOND      =        0.0000
 1-4 VDW =      883.6107  1-4 EEL =     9307.9923  RESTRAINT  =      180.9081
 EAMBER  =    -4418.6647


   NSTEP       ENERGY          RMS            GMAX         NAME    NUMBER
    365      -4.2391E+03     2.5536E-01     4.5781E+00     HG       2975

 BOND    =       88.8776  ANGLE   =      362.9896  DIHED      =     2654.8588
 VDWAALS =    -1953.1315  EEL     =   -15765.5363  HBOND      =        0.0000
 1-4 VDW =      883.8743  1-4 EEL =     9308.1198  RESTRAINT  =      180.8798
 EAMBER  =    -4419.9478


   NSTEP       ENERGY          RMS            GMAX         NAME    NUMBER
    370      -4.2399E+03     2.7810E-01     4.5449E+00     HG       3405

 BOND    =       88.6253  ANGLE   =      363.1474  DIHED      =     2655.0401
 VDWAALS =    -1952.8584  EEL     =   -15766.9986  HBOND      =        0.0000
 1-4 VDW =      884.0171  1-4 EEL =     9308.1237  RESTRAINT  =      181.0238
 EAMBER  =    -4420.9034


   NSTEP       ENERGY          RMS            GMAX         NAME    NUMBER
    375      -4.2295E+03     3.1187E-01     4.9256E+00     CG        413

 BOND    =       88.7925  ANGLE   =      363.3375  DIHED      =     2655.3422
 VDWAALS =    -1953.2225  EEL     =   -15756.4398  HBOND      =        0.0000
 1-4 VDW =      883.9363  1-4 EEL =     9307.8071  RESTRAINT  =      180.9690
 EAMBER  =    -4410.4469


   NSTEP       ENERGY          RMS            GMAX         NAME    NUMBER
    380      -4.2299E+03     4.1500E-01     1.1479E+01     CG        413

 BOND    =       89.0698  ANGLE   =      363.2867  DIHED      =     2655.3274
 VDWAALS =    -1953.2510  EEL     =   -15756.8881  HBOND      =        0.0000
 1-4 VDW =      883.8838  1-4 EEL =     9307.7896  RESTRAINT  =      180.8945
 EAMBER  =    -4410.7818


   NSTEP       ENERGY          RMS            GMAX         NAME    NUMBER
    385      -4.2310E+03     2.9782E-01     8.1955E+00     CG        413

 BOND    =       88.9154  ANGLE   =      363.2071  DIHED      =     2655.3739
 VDWAALS =    -1953.2797  EEL     =   -15757.4467  HBOND      =        0.0000
 1-4 VDW =      883.7451  1-4 EEL =     9307.8698  RESTRAINT  =      180.6442
 EAMBER  =    -4411.6151


   NSTEP       ENERGY          RMS            GMAX         NAME    NUMBER
    390      -4.2324E+03     2.7113E-01     5.0597E+00     HG       3405

 BOND    =       88.8082  ANGLE   =      363.2336  DIHED      =     2655.2173
 VDWAALS =    -1953.5728  EEL     =   -15758.0307  HBOND      =        0.0000
 1-4 VDW =      883.3748  1-4 EEL =     9307.8075  RESTRAINT  =      180.7302
 EAMBER  =    -4413.1622


   NSTEP       ENERGY          RMS            GMAX         NAME    NUMBER
    395      -4.2335E+03     3.1603E-01     6.5081E+00     CD       1671

 BOND    =       89.1861  ANGLE   =      363.5210  DIHED      =     2655.2984
 VDWAALS =    -1953.7449  EEL     =   -15759.5791  HBOND      =        0.0000
 1-4 VDW =      883.3087  1-4 EEL =     9307.5012  RESTRAINT  =      181.0355
 EAMBER  =    -4414.5087


   NSTEP       ENERGY          RMS            GMAX         NAME    NUMBER
    400      -4.2361E+03     3.6292E-01     6.1441E+00     CG        413

 BOND    =       89.1114  ANGLE   =      364.0154  DIHED      =     2655.2662
 VDWAALS =    -1954.0651  EEL     =   -15762.3324  HBOND      =        0.0000
 1-4 VDW =      883.3959  1-4 EEL =     9307.1726  RESTRAINT  =      181.3617
 EAMBER  =    -4417.4360


   NSTEP       ENERGY          RMS            GMAX         NAME    NUMBER
    405      -4.2368E+03     3.5996E-01     8.4663E+00     CG        413

 BOND    =       88.6480  ANGLE   =      363.7430  DIHED      =     2655.0956
 VDWAALS =    -1953.9047  EEL     =   -15762.1965  HBOND      =        0.0000
 1-4 VDW =      883.3714  1-4 EEL =     9307.3295  RESTRAINT  =      181.1351
 EAMBER  =    -4417.9138


   NSTEP       ENERGY          RMS            GMAX         NAME    NUMBER
    410      -4.2382E+03     3.5629E-01     8.0241E+00     CD       1671

 BOND    =       89.1245  ANGLE   =      363.4559  DIHED      =     2654.7865
 VDWAALS =    -1954.0493  EEL     =   -15763.2784  HBOND      =        0.0000
 1-4 VDW =      883.5164  1-4 EEL =     9307.6015  RESTRAINT  =      180.6528
 EAMBER  =    -4418.8431


   NSTEP       ENERGY          RMS            GMAX         NAME    NUMBER
    415      -4.2398E+03     2.5595E-01     5.5827E+00     HG1      3278

 BOND    =       88.9397  ANGLE   =      362.8915  DIHED      =     2654.3278
 VDWAALS =    -1954.2434  EEL     =   -15764.0128  HBOND      =        0.0000
 1-4 VDW =      883.8405  1-4 EEL =     9307.7532  RESTRAINT  =      180.6771
 EAMBER  =    -4420.5037


   NSTEP       ENERGY          RMS            GMAX         NAME    NUMBER
    420      -4.2406E+03     2.6296E-01     6.1737E+00     CG        413

 BOND    =       88.7731  ANGLE   =      362.9142  DIHED      =     2654.2705
 VDWAALS =    -1953.9199  EEL     =   -15765.6613  HBOND      =        0.0000
 1-4 VDW =      884.0262  1-4 EEL =     9308.1128  RESTRAINT  =      180.8498
 EAMBER  =    -4421.4843


   NSTEP       ENERGY          RMS            GMAX         NAME    NUMBER
    425      -4.2319E+03     3.1914E-01     6.2260E+00     CG        413

 BOND    =       88.7819  ANGLE   =      362.9756  DIHED      =     2654.2997
 VDWAALS =    -1953.9855  EEL     =   -15757.4022  HBOND      =        0.0000
 1-4 VDW =      884.0343  1-4 EEL =     9308.5802  RESTRAINT  =      180.7662
 EAMBER  =    -4412.7159


   NSTEP       ENERGY          RMS            GMAX         NAME    NUMBER
    430      -4.2323E+03     4.5217E-01     1.3768E+01     CG        413

 BOND    =       89.0939  ANGLE   =      362.9371  DIHED      =     2654.2840
 VDWAALS =    -1954.0087  EEL     =   -15757.7105  HBOND      =        0.0000
 1-4 VDW =      883.9909  1-4 EEL =     9308.4380  RESTRAINT  =      180.7091
 EAMBER  =    -4412.9753


   NSTEP       ENERGY          RMS            GMAX         NAME    NUMBER
    435      -4.2332E+03     2.5833E-01     7.6394E+00     CG        413

 BOND    =       88.9884  ANGLE   =      362.9054  DIHED      =     2654.3133
 VDWAALS =    -1954.0993  EEL     =   -15757.9102  HBOND      =        0.0000
 1-4 VDW =      883.8320  1-4 EEL =     9308.2997  RESTRAINT  =      180.4669
 EAMBER  =    -4413.6707


   NSTEP       ENERGY          RMS            GMAX         NAME    NUMBER
    440      -4.2341E+03     2.3386E-01     4.1948E+00     CD       1671

 BOND    =       88.8152  ANGLE   =      363.0706  DIHED      =     2654.1648
 VDWAALS =    -1954.2660  EEL     =   -15758.2183  HBOND      =        0.0000
 1-4 VDW =      883.5198  1-4 EEL =     9308.4250  RESTRAINT  =      180.3643
 EAMBER  =    -4414.4890


   NSTEP       ENERGY          RMS            GMAX         NAME    NUMBER
    445      -4.2345E+03     1.8127E-01     3.7760E+00     HG1      3278

 BOND    =       88.9798  ANGLE   =      363.2361  DIHED      =     2654.2699
 VDWAALS =    -1954.3075  EEL     =   -15759.0037  HBOND      =        0.0000
 1-4 VDW =      883.5500  1-4 EEL =     9308.3510  RESTRAINT  =      180.4103
 EAMBER  =    -4414.9244


   NSTEP       ENERGY          RMS            GMAX         NAME    NUMBER
    450      -4.1716E+03     2.2746E-01     3.8729E+00     CG        413

 BOND    =       88.9436  ANGLE   =      363.4826  DIHED      =     2654.1982
 VDWAALS =    -1954.6151  EEL     =   -15695.9723  HBOND      =        0.0000
 1-4 VDW =      883.6029  1-4 EEL =     9308.2653  RESTRAINT  =      180.4708
 EAMBER  =    -4352.0947


   NSTEP       ENERGY          RMS            GMAX         NAME    NUMBER
    455      -4.1713E+03     6.7679E-01     1.8049E+01     CG        413

 BOND    =       89.0689  ANGLE   =      363.3684  DIHED      =     2654.0628
 VDWAALS =    -1954.4850  EEL     =   -15695.7082  HBOND      =        0.0000
 1-4 VDW =      883.5924  1-4 EEL =     9308.4456  RESTRAINT  =      180.3502
 EAMBER  =    -4351.6552


   NSTEP       ENERGY          RMS            GMAX         NAME    NUMBER
    460      -4.1723E+03     2.0344E-01     4.6090E+00     CD       1671

 BOND    =       88.8683  ANGLE   =      363.4374  DIHED      =     2654.0771
 VDWAALS =    -1954.6966  EEL     =   -15696.4291  HBOND      =        0.0000
 1-4 VDW =      883.6481  1-4 EEL =     9308.4894  RESTRAINT  =      180.2642
 EAMBER  =    -4352.6053


   NSTEP       ENERGY          RMS            GMAX         NAME    NUMBER
    465      -4.1728E+03     1.3640E-01     2.4088E+00     HG1      3278

 BOND    =       88.8455  ANGLE   =      363.1619  DIHED      =     2653.9662
 VDWAALS =    -1954.8459  EEL     =   -15696.7209  HBOND      =        0.0000
 1-4 VDW =      883.8083  1-4 EEL =     9308.6019  RESTRAINT  =      180.3558
 EAMBER  =    -4353.1831


   NSTEP       ENERGY          RMS            GMAX         NAME    NUMBER
    470      -4.1730E+03     1.3251E-01     3.1404E+00     CG        413

 BOND    =       88.7935  ANGLE   =      363.1126  DIHED      =     2653.9762
 VDWAALS =    -1954.7276  EEL     =   -15697.3819  HBOND      =        0.0000
 1-4 VDW =      883.9124  1-4 EEL =     9308.8891  RESTRAINT  =      180.4045
 EAMBER  =    -4353.4257


   NSTEP       ENERGY          RMS            GMAX         NAME    NUMBER
    475      -4.1730E+03     2.0024E-01     4.0263E+00     OD2       415

 BOND    =       88.7401  ANGLE   =      363.1102  DIHED      =     2654.1917
 VDWAALS =    -1954.8238  EEL     =   -15697.8267  HBOND      =        0.0000
 1-4 VDW =      883.9378  1-4 EEL =     9309.3213  RESTRAINT  =      180.3045
 EAMBER  =    -4353.3494


   NSTEP       ENERGY          RMS            GMAX         NAME    NUMBER
    480      -4.1728E+03     5.6464E-01     1.5055E+01     CG        413

 BOND    =       89.6233  ANGLE   =      363.2075  DIHED      =     2654.4037
 VDWAALS =    -1954.7113  EEL     =   -15698.4462  HBOND      =        0.0000
 1-4 VDW =      883.8342  1-4 EEL =     9308.9506  RESTRAINT  =      180.2935
 EAMBER  =    -4353.1381


   NSTEP       ENERGY          RMS            GMAX         NAME    NUMBER
    485      -4.1737E+03     1.7244E-01     5.7312E+00     CG        413

 BOND    =       88.9234  ANGLE   =      363.0982  DIHED      =     2654.3900
 VDWAALS =    -1954.8306  EEL     =   -15698.2881  HBOND      =        0.0000
 1-4 VDW =      883.7954  1-4 EEL =     9309.0927  RESTRAINT  =      180.1337
 EAMBER  =    -4353.8190


   NSTEP       ENERGY          RMS            GMAX         NAME    NUMBER
    490      -4.1740E+03     1.1984E-01     1.8011E+00     CB       2801

 BOND    =       88.7978  ANGLE   =      363.2745  DIHED      =     2654.4788
 VDWAALS =    -1954.9151  EEL     =   -15698.5045  HBOND      =        0.0000
 1-4 VDW =      883.6573  1-4 EEL =     9309.0344  RESTRAINT  =      180.1479
 EAMBER  =    -4354.1768


   NSTEP       ENERGY          RMS            GMAX         NAME    NUMBER
    495      -4.1742E+03     1.2523E-01     2.4484E+00     CD       1671

 BOND    =       88.8870  ANGLE   =      363.3723  DIHED      =     2654.6027
 VDWAALS =    -1954.9322  EEL     =   -15698.8618  HBOND      =        0.0000
 1-4 VDW =      883.6737  1-4 EEL =     9308.8897  RESTRAINT  =      180.1656
 EAMBER  =    -4354.3686


   NSTEP       ENERGY          RMS            GMAX         NAME    NUMBER
    500      -4.1696E+03     1.8726E-01     3.4837E+00     HG1      2018

 BOND    =       88.8727  ANGLE   =      363.5291  DIHED      =     2654.6214
 VDWAALS =    -1955.1786  EEL     =   -15694.2008  HBOND      =        0.0000
 1-4 VDW =      883.7156  1-4 EEL =     9308.8995  RESTRAINT  =      180.1606
 EAMBER  =    -4349.7411


  Maximum number of minimization cycles reached.


                    FINAL RESULTS



   NSTEP       ENERGY          RMS            GMAX         NAME    NUMBER
    500      -4.1696E+03     1.8726E-01     3.4837E+00     HG1      2018

 BOND    =       88.8727  ANGLE   =      363.5291  DIHED      =     2654.6214
 VDWAALS =    -1955.1786  EEL     =   -15694.2008  HBOND      =        0.0000
 1-4 VDW =      883.7156  1-4 EEL =     9308.8995  RESTRAINT  =      180.1606
 EAMBER  =    -4349.7411

--------------------------------------------------------------------------------
   5.  TIMINGS
--------------------------------------------------------------------------------

|    Read coords time           0.00 ( 0.01% of Total)
|                Build the list             1.01 (100.0% of List )
|                Other                      0.00 ( 0.09% of List )
|             List time                  1.01 ( 4.90% of Nonbo)
|                   Short_ene time            19.49 (99.78% of Direc)
|                   Other                      0.04 ( 0.22% of Direc)
|                Direct Ewald time         19.53 (99.53% of Ewald)
|                Other                      0.09 ( 0.46% of Ewald)
|             Ewald time                19.63 (95.09% of Nonbo)
|          Nonbond force             20.64 (95.42% of Force)
|          Bond/Angle/Dihedral        0.98 ( 4.53% of Force)
|          Other                      0.01 ( 0.04% of Force)
|       Force time                21.63 (100.0% of Runmd)
|    Runmd Time                21.63 (98.04% of Total)
|    Other                      0.43 ( 1.95% of Total)
| Total time                22.06 (100.0% of ALL  )

| Number of list builds   :         21

| Highest rstack allocated:       2440
| Highest istack allocated:        488
|           Job began  at 22:31:11.532  on 06/29/2022
|           Setup done at 22:31:11.653  on 06/29/2022
|           Run   done at 22:31:33.594  on 06/29/2022
|     wallclock() was called   11575 times

|3D-RISM memory allocation summary
|Type          Maximum        Current   
|Integer       0.00000 GB     0.00000 GB
|Real          0.00000 GB     0.00000 GB
|Logical       0.00000 GB     0.00000 GB
|Character     0.00000 GB     0.00000 GB
|---------------------------------------
|Total         0.00000 GB     0.00000 GB
