                       :-) GROMACS - gmx mdrun, 2022 (-:

Copyright 1991-2022 The GROMACS Authors.
GROMACS is free software; you can redistribute it and/or modify it
under the terms of the GNU Lesser General Public License
as published by the Free Software Foundation; either version 2.1
of the License, or (at your option) any later version.

                         Current GROMACS contributors:
       Mark Abraham           Andrey Alekseenko           Cathrine Bergh      
      Christian Blau            Eliane Briand               Kevin Boyd        
     Oliver Fleetwood         Stefan Fleischmann           Vytas Gapsys       
       Gaurav Garg           Gilles Gouaillardet            Alan Gray         
      Victor Holanda           M. Eric Irrgang              Joe Jordan        
    Christoph Junghans        Prashanth Kanduri           Sebastian Kehl      
     Sebastian Keller          Carsten Kutzner           Magnus Lundborg      
       Pascal Merz              Dmitry Morozov             Szilard Pall       
      Roland Schulz             Michael Shirts         David van der Spoel    
     Alessandra Villa      Sebastian Wingbermuehle        Artem Zhmurov       

                         Previous GROMACS contributors:
        Emile Apol             Rossen Apostolov           James Barnett       
  Herman J.C. Berendsen          Par Bjelkmar           Viacheslav Bolnykh    
    Aldert van Buuren          Carlo Camilloni           Rudi van Drunen      
      Anton Feenstra           Gerrit Groenhof            Bert de Groot       
      Anca Hamuraru           Vincent Hindriksen         Aleksei Iupinov      
   Dimitrios Karkoulis           Peter Kasson               Jiri Kraus        
       Per Larsson             Justin A. Lemkul           Viveca Lindahl      
      Erik Marklund           Pieter Meulenhoff           Vedran Miletic      
      Teemu Murtola              Sander Pronk            Alexey Shvetsov      
      Alfons Sijbers            Peter Tieleman             Jon Vincent        
     Teemu Virolainen         Christian Wennberg           Maarten Wolf       

                  Coordinated by the GROMACS project leaders:
                    Paul Bauer, Berk Hess, and Erik Lindahl

GROMACS:      gmx mdrun, version 2022
Executable:   /home/villa/Programmi/gmx2022/bin/gmx
Data prefix:  /home/villa/Programmi/gmx2022
Working dir:  /home/villa/tutorials/md-intro-tutorial/data
Process ID:   11235
Command line:
  gmx mdrun -ntmpi 1 -v -deffnm nvt

GROMACS version:    2022
Precision:          mixed
Memory model:       64 bit
MPI library:        thread_mpi
OpenMP support:     enabled (GMX_OPENMP_MAX_THREADS = 128)
GPU support:        disabled
SIMD instructions:  AVX2_256
CPU FFT library:    fftw-3.3.8-sse2-avx-avx2-avx2_128
GPU FFT library:    none
RDTSCP usage:       enabled
TNG support:        enabled
Hwloc support:      disabled
Tracing support:    disabled
C compiler:         /usr/bin/cc GNU 7.5.0
C compiler flags:   -mavx2 -mfma -pthread -Wno-missing-field-initializers -fexcess-precision=fast -funroll-all-loops -O3 -DNDEBUG
C++ compiler:       /usr/bin/c++ GNU 7.5.0
C++ compiler flags: -mavx2 -mfma -pthread -Wno-missing-field-initializers -fexcess-precision=fast -funroll-all-loops -fopenmp -O3 -DNDEBUG


Running on 1 node with total 8 cores, 8 processing units
Hardware detected:
  CPU info:
    Vendor: Intel
    Brand:  Intel(R) Core(TM) i7-9700 CPU @ 3.00GHz
    Family: 6   Model: 158   Stepping: 13
    Features: aes apic avx avx2 clfsh cmov cx8 cx16 f16c fma hle htt intel lahf mmx msr nonstop_tsc pcid pclmuldq pdcm pdpe1gb popcnt pse rdrnd rdtscp rtm sse2 sse3 sse4.1 sse4.2 ssse3 tdt x2apic
  Hardware topology: Basic
    Packages, cores, and logical processors:
    [indices refer to OS logical processors]
      Package  0: [   0] [   1] [   2] [   3] [   4] [   5] [   6] [   7]
    CPU limit set by OS: -1   Recommended max number of threads: 8


++++ PLEASE READ AND CITE THE FOLLOWING REFERENCE ++++
M. J. Abraham, T. Murtola, R. Schulz, S. Páll, J. C. Smith, B. Hess, E.
Lindahl
GROMACS: High performance molecular simulations through multi-level
parallelism from laptops to supercomputers
SoftwareX 1 (2015) pp. 19-25
-------- -------- --- Thank You --- -------- --------


++++ PLEASE READ AND CITE THE FOLLOWING REFERENCE ++++
S. Páll, M. J. Abraham, C. Kutzner, B. Hess, E. Lindahl
Tackling Exascale Software Challenges in Molecular Dynamics Simulations with
GROMACS
In S. Markidis & E. Laure (Eds.), Solving Software Challenges for Exascale 8759 (2015) pp. 3-27
-------- -------- --- Thank You --- -------- --------


++++ PLEASE READ AND CITE THE FOLLOWING REFERENCE ++++
S. Pronk, S. Páll, R. Schulz, P. Larsson, P. Bjelkmar, R. Apostolov, M. R.
Shirts, J. C. Smith, P. M. Kasson, D. van der Spoel, B. Hess, and E. Lindahl
GROMACS 4.5: a high-throughput and highly parallel open source molecular
simulation toolkit
Bioinformatics 29 (2013) pp. 845-54
-------- -------- --- Thank You --- -------- --------


++++ PLEASE READ AND CITE THE FOLLOWING REFERENCE ++++
B. Hess and C. Kutzner and D. van der Spoel and E. Lindahl
GROMACS 4: Algorithms for highly efficient, load-balanced, and scalable
molecular simulation
J. Chem. Theory Comput. 4 (2008) pp. 435-447
-------- -------- --- Thank You --- -------- --------


++++ PLEASE READ AND CITE THE FOLLOWING REFERENCE ++++
D. van der Spoel, E. Lindahl, B. Hess, G. Groenhof, A. E. Mark and H. J. C.
Berendsen
GROMACS: Fast, Flexible and Free
J. Comp. Chem. 26 (2005) pp. 1701-1719
-------- -------- --- Thank You --- -------- --------


++++ PLEASE READ AND CITE THE FOLLOWING REFERENCE ++++
E. Lindahl and B. Hess and D. van der Spoel
GROMACS 3.0: A package for molecular simulation and trajectory analysis
J. Mol. Mod. 7 (2001) pp. 306-317
-------- -------- --- Thank You --- -------- --------


++++ PLEASE READ AND CITE THE FOLLOWING REFERENCE ++++
H. J. C. Berendsen, D. van der Spoel and R. van Drunen
GROMACS: A message-passing parallel molecular dynamics implementation
Comp. Phys. Comm. 91 (1995) pp. 43-56
-------- -------- --- Thank You --- -------- --------


++++ PLEASE CITE THE DOI FOR THIS VERSION OF GROMACS ++++
https://doi.org/10.5281/zenodo.6103835
-------- -------- --- Thank You --- -------- --------

Input Parameters:
   integrator                     = md
   tinit                          = 0
   dt                             = 0.002
   nsteps                         = 50000
   init-step                      = 0
   simulation-part                = 1
   mts                            = false
   comm-mode                      = Linear
   nstcomm                        = 100
   bd-fric                        = 0
   ld-seed                        = -274202923
   emtol                          = 10
   emstep                         = 0.01
   niter                          = 20
   fcstep                         = 0
   nstcgsteep                     = 1000
   nbfgscorr                      = 10
   rtpi                           = 0.05
   nstxout                        = 0
   nstvout                        = 0
   nstfout                        = 0
   nstlog                         = 1000
   nstcalcenergy                  = 100
   nstenergy                      = 500
   nstxout-compressed             = 0
   compressed-x-precision         = 1000
   cutoff-scheme                  = Verlet
   nstlist                        = 10
   pbc                            = xyz
   periodic-molecules             = false
   verlet-buffer-tolerance        = 0.005
   rlist                          = 1.2
   coulombtype                    = PME
   coulomb-modifier               = Potential-shift
   rcoulomb-switch                = 0
   rcoulomb                       = 1.2
   epsilon-r                      = 1
   epsilon-rf                     = inf
   vdw-type                       = Cut-off
   vdw-modifier                   = Force-switch
   rvdw-switch                    = 1
   rvdw                           = 1.2
   DispCorr                       = No
   table-extension                = 1
   fourierspacing                 = 0.15
   fourier-nx                     = 56
   fourier-ny                     = 56
   fourier-nz                     = 56
   pme-order                      = 4
   ewald-rtol                     = 1e-05
   ewald-rtol-lj                  = 0.001
   lj-pme-comb-rule               = Geometric
   ewald-geometry                 = 3d
   epsilon-surface                = 0
   tcoupl                         = V-rescale
   nsttcouple                     = 10
   nh-chain-length                = 0
   print-nose-hoover-chain-variables = false
   pcoupl                         = No
   pcoupltype                     = Isotropic
   nstpcouple                     = -1
   tau-p                          = 1
   compressibility (3x3):
      compressibility[    0]={ 0.00000e+00,  0.00000e+00,  0.00000e+00}
      compressibility[    1]={ 0.00000e+00,  0.00000e+00,  0.00000e+00}
      compressibility[    2]={ 0.00000e+00,  0.00000e+00,  0.00000e+00}
   ref-p (3x3):
      ref-p[    0]={ 0.00000e+00,  0.00000e+00,  0.00000e+00}
      ref-p[    1]={ 0.00000e+00,  0.00000e+00,  0.00000e+00}
      ref-p[    2]={ 0.00000e+00,  0.00000e+00,  0.00000e+00}
   refcoord-scaling               = No
   posres-com (3):
      posres-com[0]= 0.00000e+00
      posres-com[1]= 0.00000e+00
      posres-com[2]= 0.00000e+00
   posres-comB (3):
      posres-comB[0]= 0.00000e+00
      posres-comB[1]= 0.00000e+00
      posres-comB[2]= 0.00000e+00
   QMMM                           = false
qm-opts:
   ngQM                           = 0
   constraint-algorithm           = Lincs
   continuation                   = false
   Shake-SOR                      = false
   shake-tol                      = 0.0001
   lincs-order                    = 4
   lincs-iter                     = 1
   lincs-warnangle                = 30
   nwall                          = 0
   wall-type                      = 9-3
   wall-r-linpot                  = -1
   wall-atomtype[0]               = -1
   wall-atomtype[1]               = -1
   wall-density[0]                = 0
   wall-density[1]                = 0
   wall-ewald-zfac                = 3
   pull                           = false
   awh                            = false
   rotation                       = false
   interactiveMD                  = false
   disre                          = No
   disre-weighting                = Conservative
   disre-mixed                    = false
   dr-fc                          = 1000
   dr-tau                         = 0
   nstdisreout                    = 100
   orire-fc                       = 0
   orire-tau                      = 0
   nstorireout                    = 100
   free-energy                    = no
   cos-acceleration               = 0
   deform (3x3):
      deform[    0]={ 0.00000e+00,  0.00000e+00,  0.00000e+00}
      deform[    1]={ 0.00000e+00,  0.00000e+00,  0.00000e+00}
      deform[    2]={ 0.00000e+00,  0.00000e+00,  0.00000e+00}
   simulated-tempering            = false
   swapcoords                     = no
   userint1                       = 0
   userint2                       = 0
   userint3                       = 0
   userint4                       = 0
   userreal1                      = 0
   userreal2                      = 0
   userreal3                      = 0
   userreal4                      = 0
   applied-forces:
     electric-field:
       x:
         E0                       = 0
         omega                    = 0
         t0                       = 0
         sigma                    = 0
       y:
         E0                       = 0
         omega                    = 0
         t0                       = 0
         sigma                    = 0
       z:
         E0                       = 0
         omega                    = 0
         t0                       = 0
         sigma                    = 0
     density-guided-simulation:
       active                     = false
       group                      = protein
       similarity-measure         = inner-product
       atom-spreading-weight      = unity
       force-constant             = 1e+09
       gaussian-transform-spreading-width = 0.2
       gaussian-transform-spreading-range-in-multiples-of-width = 4
       reference-density-filename = reference.mrc
       nst                        = 1
       normalize-densities        = true
       adaptive-force-scaling     = false
       adaptive-force-scaling-time-constant = 4
       shift-vector               = 
       transformation-matrix      = 
     qmmm-cp2k:
       active                     = false
       qmgroup                    = System
       qmmethod                   = PBE
       qmfilenames                = 
       qmcharge                   = 0
       qmmultiplicity             = 1
grpopts:
   nrdf:       81509
   ref-t:         300
   tau-t:         0.1
annealing:          No
annealing-npoints:           0
   acc:	           0           0           0
   nfreeze:           N           N           N
   energygrp-flags[  0]: 0

Changing nstlist from 10 to 80, rlist from 1.2 to 1.315


Initializing Domain Decomposition on 1 ranks
Dynamic load balancing: auto
Using update groups, nr 14015, average size 2.8 atoms, max. radius 0.139 nm
Minimum cell size due to atom displacement: 0.557 nm
Initial maximum distances in bonded interactions:
    two-body bonded interactions: 0.423 nm, LJ-14, atoms 1873 1881
  multi-body bonded interactions: 0.487 nm, CMAP Dih., atoms 1576 1602
Minimum cell size due to bonded interactions: 0.536 nm
Using 0 separate PME ranks because: there are too few total ranks for efficient splitting
Optimizing the DD grid for 1 cells with a minimum initial size of 0.557 nm
The maximum allowed number of cells is: X 12 Y 12 Z 10
Domain decomposition grid 1 x 1 x 1, separate PME ranks 0
PME domain decomposition: 1 x 1 x 1

The initial number of communication pulses is:
The initial domain decomposition cell size is:

The maximum allowed distance for atom groups involved in interactions is:
                 non-bonded interactions           1.593 nm
            two-body bonded interactions  (-rdd)   1.593 nm
          multi-body bonded interactions  (-rdd)   1.593 nm

When dynamic load balancing gets turned on, these settings will change to:
The maximum number of communication pulses is:
The minimum size for domain decomposition cells is 1.593 nm
The requested allowed shrink of DD cells (option -dds) is: 0.80
The allowed shrink of domain decomposition cells is:
The maximum allowed distance for atom groups involved in interactions is:
                 non-bonded interactions           1.593 nm
            two-body bonded interactions  (-rdd)   1.593 nm
          multi-body bonded interactions  (-rdd)   1.593 nm

Using 1 MPI thread
Using 8 OpenMP threads 

Pinning threads with an auto-selected logical cpu stride of 1
System total charge: 0.000
Will do PME sum in reciprocal space for electrostatic interactions.

++++ PLEASE READ AND CITE THE FOLLOWING REFERENCE ++++
U. Essmann, L. Perera, M. L. Berkowitz, T. Darden, H. Lee and L. G. Pedersen 
A smooth particle mesh Ewald method
J. Chem. Phys. 103 (1995) pp. 8577-8592
-------- -------- --- Thank You --- -------- --------

Using a Gaussian width (1/beta) of 0.384195 nm for Ewald
Potential shift: LJ r^-12: -2.648e-01 r^-6: -5.349e-01, Ewald -8.333e-06
Initialized non-bonded Coulomb Ewald tables, spacing: 1.02e-03 size: 1176

Generated table with 1157 data points for 1-4 COUL.
Tabscale = 500 points/nm
Generated table with 1157 data points for 1-4 LJ6.
Tabscale = 500 points/nm
Generated table with 1157 data points for 1-4 LJ12.
Tabscale = 500 points/nm


Using SIMD 4x8 nonbonded short-range kernels

Using a dual 4x8 pair-list setup updated with dynamic pruning:
  outer list: updated every 80 steps, buffer 0.115 nm, rlist 1.315 nm
  inner list: updated every 14 steps, buffer 0.003 nm, rlist 1.203 nm
At tolerance 0.005 kJ/mol/ps per atom, equivalent classical 1x1 list would be:
  outer list: updated every 80 steps, buffer 0.260 nm, rlist 1.460 nm
  inner list: updated every 14 steps, buffer 0.056 nm, rlist 1.256 nm
Removing pbc first time

Linking all bonded interactions to atoms


Initializing LINear Constraint Solver

++++ PLEASE READ AND CITE THE FOLLOWING REFERENCE ++++
B. Hess and H. Bekker and H. J. C. Berendsen and J. G. E. M. Fraaije
LINCS: A Linear Constraint Solver for molecular simulations
J. Comp. Chem. 18 (1997) pp. 1463-1472
-------- -------- --- Thank You --- -------- --------

The number of constraints is 2179

++++ PLEASE READ AND CITE THE FOLLOWING REFERENCE ++++
S. Miyamoto and P. A. Kollman
SETTLE: An Analytical Version of the SHAKE and RATTLE Algorithms for Rigid
Water Models
J. Comp. Chem. 13 (1992) pp. 952-962
-------- -------- --- Thank You --- -------- --------


++++ PLEASE READ AND CITE THE FOLLOWING REFERENCE ++++
G. Bussi, D. Donadio and M. Parrinello
Canonical sampling through velocity rescaling
J. Chem. Phys. 126 (2007) pp. 014101
-------- -------- --- Thank You --- -------- --------

There are: 39600 Atoms

Atom distribution over 1 domains: av 39600 stddev 0 min 39600 max 39600

Constraining the starting coordinates (step 0)

Constraining the coordinates at t0-dt (step 0)
Center of mass motion removal mode is Linear
We have the following groups for center of mass motion removal:
  0:  rest
RMS relative constraint deviation after constraining: 3.15e-06
Initial temperature: 300.455 K

Started mdrun on rank 0 Thu Mar 17 17:36:28 2022

           Step           Time
              0        0.00000

   Energies (kJ/mol)
           Bond            U-B    Proper Dih.  Improper Dih.      CMAP Dih.
    9.25621e+02    3.05337e+03    5.42643e+03    1.48246e+02   -1.61325e+03
          LJ-14     Coulomb-14        LJ (SR)   Coulomb (SR)   Coul. recip.
    2.88590e+03    5.08954e+04    7.28408e+04   -7.55092e+05    3.17124e+03
 Position Rest.      Potential    Kinetic En.   Total Energy  Conserved En.
    1.04817e-03   -6.17358e+05    1.01822e+05   -5.15536e+05   -5.15536e+05
    Temperature Pressure (bar)   Constr. rmsd
    3.00492e+02   -3.65073e+03    3.07122e-06

           Step           Time
           1000        2.00000

   Energies (kJ/mol)
           Bond            U-B    Proper Dih.  Improper Dih.      CMAP Dih.
    3.45994e+03    9.88271e+03    6.52638e+03    6.87858e+02   -1.50136e+03
          LJ-14     Coulomb-14        LJ (SR)   Coulomb (SR)   Coul. recip.
    3.36831e+03    5.08875e+04    6.57955e+04   -6.67075e+05    2.08261e+03
 Position Rest.      Potential    Kinetic En.   Total Energy  Conserved En.
    1.16042e+03   -5.24725e+05    1.00834e+05   -4.23890e+05   -5.14396e+05
    Temperature Pressure (bar)   Constr. rmsd
    2.97577e+02    2.89909e+02    2.94839e-06

           Step           Time
           2000        4.00000

   Energies (kJ/mol)
           Bond            U-B    Proper Dih.  Improper Dih.      CMAP Dih.
    3.50499e+03    1.03921e+04    6.47104e+03    5.60573e+02   -1.47439e+03
          LJ-14     Coulomb-14        LJ (SR)   Coulomb (SR)   Coul. recip.
    3.22601e+03    5.05271e+04    6.46364e+04   -6.67192e+05    2.09327e+03
 Position Rest.      Potential    Kinetic En.   Total Energy  Conserved En.
    1.16860e+03   -5.26086e+05    1.02123e+05   -4.23963e+05   -5.14390e+05
    Temperature Pressure (bar)   Constr. rmsd
    3.01379e+02   -6.07418e+02    2.92817e-06

           Step           Time
           3000        6.00000

   Energies (kJ/mol)
           Bond            U-B    Proper Dih.  Improper Dih.      CMAP Dih.
    3.75992e+03    1.00674e+04    6.58750e+03    5.71112e+02   -1.58197e+03
          LJ-14     Coulomb-14        LJ (SR)   Coulomb (SR)   Coul. recip.
    3.21422e+03    5.06286e+04    6.45412e+04   -6.66410e+05    2.11297e+03
 Position Rest.      Potential    Kinetic En.   Total Energy  Conserved En.
    1.12224e+03   -5.25387e+05    1.00993e+05   -4.24394e+05   -5.14358e+05
    Temperature Pressure (bar)   Constr. rmsd
    2.98045e+02   -1.69059e+01    3.24350e-06

           Step           Time
           4000        8.00000

   Energies (kJ/mol)
           Bond            U-B    Proper Dih.  Improper Dih.      CMAP Dih.
    3.51071e+03    9.92055e+03    6.40788e+03    6.03274e+02   -1.50570e+03
          LJ-14     Coulomb-14        LJ (SR)   Coulomb (SR)   Coul. recip.
    3.19199e+03    5.10530e+04    6.64138e+04   -6.69991e+05    2.08421e+03
 Position Rest.      Potential    Kinetic En.   Total Energy  Conserved En.
    1.06537e+03   -5.27246e+05    1.01345e+05   -4.25901e+05   -5.14345e+05
    Temperature Pressure (bar)   Constr. rmsd
    2.99083e+02   -9.06358e+01    2.99520e-06

           Step           Time
           5000       10.00000

   Energies (kJ/mol)
           Bond            U-B    Proper Dih.  Improper Dih.      CMAP Dih.
    3.60260e+03    9.71525e+03    6.36831e+03    5.84742e+02   -1.58908e+03
          LJ-14     Coulomb-14        LJ (SR)   Coulomb (SR)   Coul. recip.
    3.28887e+03    5.10096e+04    6.41898e+04   -6.67838e+05    2.19164e+03
 Position Rest.      Potential    Kinetic En.   Total Energy  Conserved En.
    1.12402e+03   -5.27352e+05    1.02099e+05   -4.25253e+05   -5.14376e+05
    Temperature Pressure (bar)   Constr. rmsd
    3.01309e+02   -4.95355e+01    3.18825e-06

           Step           Time
           6000       12.00000

   Energies (kJ/mol)
           Bond            U-B    Proper Dih.  Improper Dih.      CMAP Dih.
    3.59027e+03    9.66051e+03    6.49677e+03    6.63163e+02   -1.45905e+03
          LJ-14     Coulomb-14        LJ (SR)   Coulomb (SR)   Coul. recip.
    3.20297e+03    5.08159e+04    6.44908e+04   -6.68100e+05    2.05649e+03
 Position Rest.      Potential    Kinetic En.   Total Energy  Conserved En.
    1.00985e+03   -5.27572e+05    1.01765e+05   -4.25807e+05   -5.14388e+05
    Temperature Pressure (bar)   Constr. rmsd
    3.00323e+02   -3.01610e+01    3.12094e-06

           Step           Time
           7000       14.00000

   Energies (kJ/mol)
           Bond            U-B    Proper Dih.  Improper Dih.      CMAP Dih.
    3.39015e+03    9.94564e+03    6.44827e+03    6.65873e+02   -1.58035e+03
          LJ-14     Coulomb-14        LJ (SR)   Coulomb (SR)   Coul. recip.
    3.26959e+03    5.06771e+04    6.52858e+04   -6.67076e+05    2.03685e+03
 Position Rest.      Potential    Kinetic En.   Total Energy  Conserved En.
    9.61450e+02   -5.25975e+05    1.01748e+05   -4.24228e+05   -5.14358e+05
    Temperature Pressure (bar)   Constr. rmsd
    3.00272e+02    6.93423e+02    2.98229e-06

           Step           Time
           8000       16.00000

   Energies (kJ/mol)
           Bond            U-B    Proper Dih.  Improper Dih.      CMAP Dih.
    3.50936e+03    9.72589e+03    6.45028e+03    5.92359e+02   -1.53280e+03
          LJ-14     Coulomb-14        LJ (SR)   Coulomb (SR)   Coul. recip.
    3.24282e+03    5.08067e+04    6.56222e+04   -6.69051e+05    2.01641e+03
 Position Rest.      Potential    Kinetic En.   Total Energy  Conserved En.
    1.07331e+03   -5.27544e+05    1.02120e+05   -4.25425e+05   -5.14382e+05
    Temperature Pressure (bar)   Constr. rmsd
    3.01369e+02    1.10971e+02    2.91582e-06

           Step           Time
           9000       18.00000

   Energies (kJ/mol)
           Bond            U-B    Proper Dih.  Improper Dih.      CMAP Dih.
    3.58653e+03    9.61415e+03    6.40752e+03    5.83563e+02   -1.51016e+03
          LJ-14     Coulomb-14        LJ (SR)   Coulomb (SR)   Coul. recip.
    3.15938e+03    5.06491e+04    6.50652e+04   -6.67574e+05    2.11046e+03
 Position Rest.      Potential    Kinetic En.   Total Energy  Conserved En.
    1.06086e+03   -5.26848e+05    1.01791e+05   -4.25057e+05   -5.14381e+05
    Temperature Pressure (bar)   Constr. rmsd
    3.00399e+02   -1.92329e+01    3.21399e-06

           Step           Time
          10000       20.00000

   Energies (kJ/mol)
           Bond            U-B    Proper Dih.  Improper Dih.      CMAP Dih.
    3.60044e+03    9.74351e+03    6.51284e+03    5.99539e+02   -1.52780e+03
          LJ-14     Coulomb-14        LJ (SR)   Coulomb (SR)   Coul. recip.
    3.17484e+03    5.07613e+04    6.35029e+04   -6.63963e+05    2.06511e+03
 Position Rest.      Potential    Kinetic En.   Total Energy  Conserved En.
    1.09764e+03   -5.24432e+05    1.01656e+05   -4.22777e+05   -5.14368e+05
    Temperature Pressure (bar)   Constr. rmsd
    3.00000e+02   -2.89707e+02    3.05452e-06

           Step           Time
          11000       22.00000

   Energies (kJ/mol)
           Bond            U-B    Proper Dih.  Improper Dih.      CMAP Dih.
    3.51009e+03    9.94674e+03    6.43505e+03    6.56858e+02   -1.53451e+03
          LJ-14     Coulomb-14        LJ (SR)   Coulomb (SR)   Coul. recip.
    3.15263e+03    5.05141e+04    6.58977e+04   -6.68090e+05    2.04659e+03
 Position Rest.      Potential    Kinetic En.   Total Energy  Conserved En.
    1.17517e+03   -5.26290e+05    1.01211e+05   -4.25079e+05   -5.14344e+05
    Temperature Pressure (bar)   Constr. rmsd
    2.98689e+02   -4.90048e+02    2.91435e-06

           Step           Time
          12000       24.00000

   Energies (kJ/mol)
           Bond            U-B    Proper Dih.  Improper Dih.      CMAP Dih.
    3.60420e+03    9.67370e+03    6.27238e+03    5.54602e+02   -1.55460e+03
          LJ-14     Coulomb-14        LJ (SR)   Coulomb (SR)   Coul. recip.
    3.28349e+03    5.06054e+04    6.41109e+04   -6.66755e+05    2.10006e+03
 Position Rest.      Potential    Kinetic En.   Total Energy  Conserved En.
    1.19041e+03   -5.26915e+05    1.01756e+05   -4.25159e+05   -5.14344e+05
    Temperature Pressure (bar)   Constr. rmsd
    3.00296e+02    7.10223e+01    2.93057e-06

           Step           Time
          13000       26.00000

   Energies (kJ/mol)
           Bond            U-B    Proper Dih.  Improper Dih.      CMAP Dih.
    3.37398e+03    9.59908e+03    6.42243e+03    6.27682e+02   -1.58760e+03
          LJ-14     Coulomb-14        LJ (SR)   Coulomb (SR)   Coul. recip.
    3.24078e+03    5.07868e+04    6.45295e+04   -6.67744e+05    2.13029e+03
 Position Rest.      Potential    Kinetic En.   Total Energy  Conserved En.
    1.07580e+03   -5.27545e+05    1.01234e+05   -4.26311e+05   -5.14353e+05
    Temperature Pressure (bar)   Constr. rmsd
    2.98756e+02    2.48076e+01    2.86005e-06

           Step           Time
          14000       28.00000

   Energies (kJ/mol)
           Bond            U-B    Proper Dih.  Improper Dih.      CMAP Dih.
    3.57419e+03    9.51040e+03    6.39678e+03    6.28636e+02   -1.53227e+03
          LJ-14     Coulomb-14        LJ (SR)   Coulomb (SR)   Coul. recip.
    3.23618e+03    5.08230e+04    6.53019e+04   -6.68206e+05    2.03891e+03
 Position Rest.      Potential    Kinetic En.   Total Energy  Conserved En.
    1.18772e+03   -5.27041e+05    1.00234e+05   -4.26807e+05   -5.14334e+05
    Temperature Pressure (bar)   Constr. rmsd
    2.95804e+02   -3.34206e+01    2.96927e-06

           Step           Time
          15000       30.00000

   Energies (kJ/mol)
           Bond            U-B    Proper Dih.  Improper Dih.      CMAP Dih.
    3.42736e+03    9.60885e+03    6.45900e+03    5.66938e+02   -1.49634e+03
          LJ-14     Coulomb-14        LJ (SR)   Coulomb (SR)   Coul. recip.
    3.32437e+03    5.08101e+04    6.55173e+04   -6.67518e+05    2.08653e+03
 Position Rest.      Potential    Kinetic En.   Total Energy  Conserved En.
    1.13501e+03   -5.26080e+05    1.02288e+05   -4.23792e+05   -5.14340e+05
    Temperature Pressure (bar)   Constr. rmsd
    3.01866e+02    8.16441e+01    3.19012e-06

           Step           Time
          16000       32.00000

   Energies (kJ/mol)
           Bond            U-B    Proper Dih.  Improper Dih.      CMAP Dih.
    3.50160e+03    9.83754e+03    6.40722e+03    5.29298e+02   -1.50181e+03
          LJ-14     Coulomb-14        LJ (SR)   Coulomb (SR)   Coul. recip.
    3.13649e+03    5.06896e+04    6.58911e+04   -6.68673e+05    2.06809e+03
 Position Rest.      Potential    Kinetic En.   Total Energy  Conserved En.
    1.13740e+03   -5.26977e+05    1.00901e+05   -4.26075e+05   -5.14339e+05
    Temperature Pressure (bar)   Constr. rmsd
    2.97775e+02   -5.16808e+01    3.12479e-06

           Step           Time
          17000       34.00000

   Energies (kJ/mol)
           Bond            U-B    Proper Dih.  Improper Dih.      CMAP Dih.
    3.46179e+03    9.70875e+03    6.42289e+03    6.07405e+02   -1.50048e+03
          LJ-14     Coulomb-14        LJ (SR)   Coulomb (SR)   Coul. recip.
    3.23464e+03    5.09883e+04    6.58941e+04   -6.68695e+05    2.05842e+03
 Position Rest.      Potential    Kinetic En.   Total Energy  Conserved En.
    1.14781e+03   -5.26672e+05    1.01824e+05   -4.24847e+05   -5.14329e+05
    Temperature Pressure (bar)   Constr. rmsd
    3.00497e+02    9.74953e+00    2.93623e-06

           Step           Time
          18000       36.00000

   Energies (kJ/mol)
           Bond            U-B    Proper Dih.  Improper Dih.      CMAP Dih.
    3.50341e+03    9.74846e+03    6.34298e+03    6.37562e+02   -1.49429e+03
          LJ-14     Coulomb-14        LJ (SR)   Coulomb (SR)   Coul. recip.
    3.28178e+03    5.08122e+04    6.52277e+04   -6.68607e+05    2.02768e+03
 Position Rest.      Potential    Kinetic En.   Total Energy  Conserved En.
    1.10009e+03   -5.27419e+05    1.02138e+05   -4.25281e+05   -5.14312e+05
    Temperature Pressure (bar)   Constr. rmsd
    3.01424e+02   -2.95247e+02    3.06395e-06

           Step           Time
          19000       38.00000

   Energies (kJ/mol)
           Bond            U-B    Proper Dih.  Improper Dih.      CMAP Dih.
    3.48087e+03    9.99037e+03    6.44602e+03    5.99865e+02   -1.49002e+03
          LJ-14     Coulomb-14        LJ (SR)   Coulomb (SR)   Coul. recip.
    3.18282e+03    5.03335e+04    6.53541e+04   -6.67220e+05    2.07758e+03
 Position Rest.      Potential    Kinetic En.   Total Energy  Conserved En.
    1.18926e+03   -5.26056e+05    1.01803e+05   -4.24252e+05   -5.14330e+05
    Temperature Pressure (bar)   Constr. rmsd
    3.00436e+02   -9.62043e+00    3.12842e-06

           Step           Time
          20000       40.00000

   Energies (kJ/mol)
           Bond            U-B    Proper Dih.  Improper Dih.      CMAP Dih.
    3.38407e+03    9.62773e+03    6.52330e+03    6.74055e+02   -1.54374e+03
          LJ-14     Coulomb-14        LJ (SR)   Coulomb (SR)   Coul. recip.
    3.15120e+03    5.08250e+04    6.54004e+04   -6.68323e+05    2.13007e+03
 Position Rest.      Potential    Kinetic En.   Total Energy  Conserved En.
    1.11959e+03   -5.27031e+05    1.00626e+05   -4.26405e+05   -5.14341e+05
    Temperature Pressure (bar)   Constr. rmsd
    2.96961e+02    2.97107e+02    2.86037e-06

           Step           Time
          21000       42.00000

   Energies (kJ/mol)
           Bond            U-B    Proper Dih.  Improper Dih.      CMAP Dih.
    3.43927e+03    9.66394e+03    6.49713e+03    6.31153e+02   -1.53170e+03
          LJ-14     Coulomb-14        LJ (SR)   Coulomb (SR)   Coul. recip.
    3.20419e+03    5.07664e+04    6.48559e+04   -6.67170e+05    2.11621e+03
 Position Rest.      Potential    Kinetic En.   Total Energy  Conserved En.
    1.10225e+03   -5.26426e+05    1.00274e+05   -4.26152e+05   -5.14326e+05
    Temperature Pressure (bar)   Constr. rmsd
    2.95922e+02    1.15354e+02    2.87158e-06

           Step           Time
          22000       44.00000

   Energies (kJ/mol)
           Bond            U-B    Proper Dih.  Improper Dih.      CMAP Dih.
    3.61932e+03    9.40579e+03    6.39456e+03    5.80900e+02   -1.57051e+03
          LJ-14     Coulomb-14        LJ (SR)   Coulomb (SR)   Coul. recip.
    3.12091e+03    5.03869e+04    6.58228e+04   -6.68341e+05    2.06356e+03
 Position Rest.      Potential    Kinetic En.   Total Energy  Conserved En.
    1.17982e+03   -5.27337e+05    1.02222e+05   -4.25115e+05   -5.14333e+05
    Temperature Pressure (bar)   Constr. rmsd
    3.01672e+02   -5.34333e+02    2.96014e-06

           Step           Time
          23000       46.00000

   Energies (kJ/mol)
           Bond            U-B    Proper Dih.  Improper Dih.      CMAP Dih.
    3.52092e+03    9.44648e+03    6.55464e+03    6.36302e+02   -1.57231e+03
          LJ-14     Coulomb-14        LJ (SR)   Coulomb (SR)   Coul. recip.
    3.24534e+03    5.07962e+04    6.49358e+04   -6.66786e+05    2.13308e+03
 Position Rest.      Potential    Kinetic En.   Total Energy  Conserved En.
    1.12771e+03   -5.25962e+05    1.01658e+05   -4.24304e+05   -5.14343e+05
    Temperature Pressure (bar)   Constr. rmsd
    3.00008e+02    6.79595e+01    3.09652e-06

           Step           Time
          24000       48.00000

   Energies (kJ/mol)
           Bond            U-B    Proper Dih.  Improper Dih.      CMAP Dih.
    3.42020e+03    9.88540e+03    6.47500e+03    5.76148e+02   -1.56115e+03
          LJ-14     Coulomb-14        LJ (SR)   Coulomb (SR)   Coul. recip.
    3.28103e+03    5.05843e+04    6.46246e+04   -6.66353e+05    2.12077e+03
 Position Rest.      Potential    Kinetic En.   Total Energy  Conserved En.
    1.14131e+03   -5.25805e+05    1.01809e+05   -4.23997e+05   -5.14308e+05
    Temperature Pressure (bar)   Constr. rmsd
    3.00451e+02    1.73489e+02    3.00033e-06

           Step           Time
          25000       50.00000

   Energies (kJ/mol)
           Bond            U-B    Proper Dih.  Improper Dih.      CMAP Dih.
    3.54147e+03    9.45316e+03    6.57893e+03    6.17870e+02   -1.55720e+03
          LJ-14     Coulomb-14        LJ (SR)   Coulomb (SR)   Coul. recip.
    3.19564e+03    5.08683e+04    6.42374e+04   -6.66510e+05    2.11742e+03
 Position Rest.      Potential    Kinetic En.   Total Energy  Conserved En.
    1.16933e+03   -5.26288e+05    1.00866e+05   -4.25422e+05   -5.14317e+05
    Temperature Pressure (bar)   Constr. rmsd
    2.97670e+02   -1.21223e+02    2.91250e-06

           Step           Time
          26000       52.00000

   Energies (kJ/mol)
           Bond            U-B    Proper Dih.  Improper Dih.      CMAP Dih.
    3.40741e+03    9.63389e+03    6.48548e+03    5.75787e+02   -1.53262e+03
          LJ-14     Coulomb-14        LJ (SR)   Coulomb (SR)   Coul. recip.
    3.20083e+03    5.10214e+04    6.56965e+04   -6.68220e+05    2.07340e+03
 Position Rest.      Potential    Kinetic En.   Total Energy  Conserved En.
    1.10220e+03   -5.26555e+05    1.01288e+05   -4.25267e+05   -5.14301e+05
    Temperature Pressure (bar)   Constr. rmsd
    2.98916e+02   -1.54237e+02    3.11887e-06

           Step           Time
          27000       54.00000

   Energies (kJ/mol)
           Bond            U-B    Proper Dih.  Improper Dih.      CMAP Dih.
    3.47400e+03    9.48583e+03    6.38333e+03    6.37355e+02   -1.53194e+03
          LJ-14     Coulomb-14        LJ (SR)   Coulomb (SR)   Coul. recip.
    3.18026e+03    5.07764e+04    6.52794e+04   -6.68713e+05    2.05620e+03
 Position Rest.      Potential    Kinetic En.   Total Energy  Conserved En.
    1.16186e+03   -5.27811e+05    1.00842e+05   -4.26968e+05   -5.14327e+05
    Temperature Pressure (bar)   Constr. rmsd
    2.97600e+02   -1.75120e+02    3.23619e-06

           Step           Time
          28000       56.00000

   Energies (kJ/mol)
           Bond            U-B    Proper Dih.  Improper Dih.      CMAP Dih.
    3.38349e+03    9.87724e+03    6.50930e+03    6.20247e+02   -1.60406e+03
          LJ-14     Coulomb-14        LJ (SR)   Coulomb (SR)   Coul. recip.
    3.25866e+03    5.08195e+04    6.54482e+04   -6.67024e+05    2.13899e+03
 Position Rest.      Potential    Kinetic En.   Total Energy  Conserved En.
    1.17979e+03   -5.25392e+05    1.01200e+05   -4.24192e+05   -5.14300e+05
    Temperature Pressure (bar)   Constr. rmsd
    2.98656e+02    1.85136e+02    3.18043e-06

           Step           Time
          29000       58.00000

   Energies (kJ/mol)
           Bond            U-B    Proper Dih.  Improper Dih.      CMAP Dih.
    3.44474e+03    9.50090e+03    6.41979e+03    6.15107e+02   -1.53270e+03
          LJ-14     Coulomb-14        LJ (SR)   Coulomb (SR)   Coul. recip.
    3.20485e+03    5.08901e+04    6.50512e+04   -6.67872e+05    2.13232e+03
 Position Rest.      Potential    Kinetic En.   Total Energy  Conserved En.
    1.19193e+03   -5.26954e+05    1.00949e+05   -4.26005e+05   -5.14294e+05
    Temperature Pressure (bar)   Constr. rmsd
    2.97916e+02   -3.46812e+02    3.07968e-06

           Step           Time
          30000       60.00000

   Energies (kJ/mol)
           Bond            U-B    Proper Dih.  Improper Dih.      CMAP Dih.
    3.69533e+03    9.72885e+03    6.49183e+03    5.76699e+02   -1.49362e+03
          LJ-14     Coulomb-14        LJ (SR)   Coulomb (SR)   Coul. recip.
    3.15318e+03    5.07211e+04    6.38059e+04   -6.64872e+05    2.08199e+03
 Position Rest.      Potential    Kinetic En.   Total Energy  Conserved En.
    1.23388e+03   -5.24877e+05    1.02522e+05   -4.22355e+05   -5.14292e+05
    Temperature Pressure (bar)   Constr. rmsd
    3.02557e+02    1.53222e+02    3.11746e-06

           Step           Time
          31000       62.00000

   Energies (kJ/mol)
           Bond            U-B    Proper Dih.  Improper Dih.      CMAP Dih.
    3.54698e+03    9.84929e+03    6.48108e+03    6.54208e+02   -1.55730e+03
          LJ-14     Coulomb-14        LJ (SR)   Coulomb (SR)   Coul. recip.
    3.18449e+03    5.04490e+04    6.50162e+04   -6.68108e+05    2.07909e+03
 Position Rest.      Potential    Kinetic En.   Total Energy  Conserved En.
    1.16095e+03   -5.27244e+05    1.00996e+05   -4.26248e+05   -5.14286e+05
    Temperature Pressure (bar)   Constr. rmsd
    2.98053e+02   -6.58024e+01    3.02504e-06

           Step           Time
          32000       64.00000

   Energies (kJ/mol)
           Bond            U-B    Proper Dih.  Improper Dih.      CMAP Dih.
    3.45459e+03    9.70247e+03    6.37042e+03    5.80243e+02   -1.55068e+03
          LJ-14     Coulomb-14        LJ (SR)   Coulomb (SR)   Coul. recip.
    3.22581e+03    5.07288e+04    6.46331e+04   -6.67656e+05    2.09222e+03
 Position Rest.      Potential    Kinetic En.   Total Energy  Conserved En.
    1.12408e+03   -5.27295e+05    1.02219e+05   -4.25077e+05   -5.14293e+05
    Temperature Pressure (bar)   Constr. rmsd
    3.01662e+02   -1.91375e+02    2.91459e-06

           Step           Time
          33000       66.00000

   Energies (kJ/mol)
           Bond            U-B    Proper Dih.  Improper Dih.      CMAP Dih.
    3.52237e+03    9.68343e+03    6.37635e+03    5.75702e+02   -1.55441e+03
          LJ-14     Coulomb-14        LJ (SR)   Coulomb (SR)   Coul. recip.
    3.18768e+03    5.09200e+04    6.52288e+04   -6.67608e+05    2.06730e+03
 Position Rest.      Potential    Kinetic En.   Total Energy  Conserved En.
    1.07580e+03   -5.26524e+05    1.00681e+05   -4.25843e+05   -5.14265e+05
    Temperature Pressure (bar)   Constr. rmsd
    2.97125e+02   -1.80781e+02    3.13328e-06

           Step           Time
          34000       68.00000

   Energies (kJ/mol)
           Bond            U-B    Proper Dih.  Improper Dih.      CMAP Dih.
    3.47737e+03    9.40980e+03    6.46042e+03    6.55655e+02   -1.58653e+03
          LJ-14     Coulomb-14        LJ (SR)   Coulomb (SR)   Coul. recip.
    3.20007e+03    5.09270e+04    6.51144e+04   -6.67674e+05    2.13052e+03
 Position Rest.      Potential    Kinetic En.   Total Energy  Conserved En.
    1.16943e+03   -5.26715e+05    1.01863e+05   -4.24853e+05   -5.14276e+05
    Temperature Pressure (bar)   Constr. rmsd
    3.00611e+02   -1.48671e+02    3.06084e-06

           Step           Time
          35000       70.00000

   Energies (kJ/mol)
           Bond            U-B    Proper Dih.  Improper Dih.      CMAP Dih.
    3.57718e+03    9.69256e+03    6.36099e+03    5.96612e+02   -1.57301e+03
          LJ-14     Coulomb-14        LJ (SR)   Coulomb (SR)   Coul. recip.
    3.20909e+03    5.06384e+04    6.47810e+04   -6.66853e+05    2.06062e+03
 Position Rest.      Potential    Kinetic En.   Total Energy  Conserved En.
    1.09221e+03   -5.26417e+05    1.01368e+05   -4.25049e+05   -5.14280e+05
    Temperature Pressure (bar)   Constr. rmsd
    2.99152e+02    4.29053e+01    3.01746e-06

           Step           Time
          36000       72.00000

   Energies (kJ/mol)
           Bond            U-B    Proper Dih.  Improper Dih.      CMAP Dih.
    3.52928e+03    9.42433e+03    6.47940e+03    5.89915e+02   -1.57607e+03
          LJ-14     Coulomb-14        LJ (SR)   Coulomb (SR)   Coul. recip.
    3.28988e+03    5.09342e+04    6.59362e+04   -6.68666e+05    2.10067e+03
 Position Rest.      Potential    Kinetic En.   Total Energy  Conserved En.
    1.15961e+03   -5.26799e+05    1.00924e+05   -4.25875e+05   -5.14255e+05
    Temperature Pressure (bar)   Constr. rmsd
    2.97842e+02    2.88606e+02    3.00636e-06

           Step           Time
          37000       74.00000

   Energies (kJ/mol)
           Bond            U-B    Proper Dih.  Improper Dih.      CMAP Dih.
    3.59058e+03    9.65997e+03    6.51498e+03    6.41080e+02   -1.58113e+03
          LJ-14     Coulomb-14        LJ (SR)   Coulomb (SR)   Coul. recip.
    3.18664e+03    5.07545e+04    6.56619e+04   -6.68320e+05    2.13402e+03
 Position Rest.      Potential    Kinetic En.   Total Energy  Conserved En.
    1.12041e+03   -5.26637e+05    1.02026e+05   -4.24610e+05   -5.14285e+05
    Temperature Pressure (bar)   Constr. rmsd
    3.01095e+02    3.49153e+02    2.88808e-06

           Step           Time
          38000       76.00000

   Energies (kJ/mol)
           Bond            U-B    Proper Dih.  Improper Dih.      CMAP Dih.
    3.43242e+03    9.79617e+03    6.48087e+03    6.81528e+02   -1.50213e+03
          LJ-14     Coulomb-14        LJ (SR)   Coulomb (SR)   Coul. recip.
    3.16789e+03    5.04928e+04    6.54979e+04   -6.68261e+05    2.08219e+03
 Position Rest.      Potential    Kinetic En.   Total Energy  Conserved En.
    1.12069e+03   -5.27010e+05    1.01989e+05   -4.25022e+05   -5.14280e+05
    Temperature Pressure (bar)   Constr. rmsd
    3.00983e+02    3.00612e+02    2.99880e-06

           Step           Time
          39000       78.00000

   Energies (kJ/mol)
           Bond            U-B    Proper Dih.  Improper Dih.      CMAP Dih.
    3.55052e+03    9.77678e+03    6.47180e+03    6.48800e+02   -1.49715e+03
          LJ-14     Coulomb-14        LJ (SR)   Coulomb (SR)   Coul. recip.
    3.26229e+03    5.06561e+04    6.45340e+04   -6.67650e+05    2.07696e+03
 Position Rest.      Potential    Kinetic En.   Total Energy  Conserved En.
    1.11268e+03   -5.27058e+05    1.02010e+05   -4.25048e+05   -5.14255e+05
    Temperature Pressure (bar)   Constr. rmsd
    3.01046e+02    2.91131e+02    3.12306e-06

           Step           Time
          40000       80.00000

   Energies (kJ/mol)
           Bond            U-B    Proper Dih.  Improper Dih.      CMAP Dih.
    3.67553e+03    9.67074e+03    6.45623e+03    5.94853e+02   -1.52544e+03
          LJ-14     Coulomb-14        LJ (SR)   Coulomb (SR)   Coul. recip.
    3.25003e+03    5.09336e+04    6.58241e+04   -6.69302e+05    2.07929e+03
 Position Rest.      Potential    Kinetic En.   Total Energy  Conserved En.
    1.08437e+03   -5.27258e+05    1.02514e+05   -4.24744e+05   -5.14262e+05
    Temperature Pressure (bar)   Constr. rmsd
    3.02533e+02    7.32283e+01    3.13644e-06

           Step           Time
          41000       82.00000

   Energies (kJ/mol)
           Bond            U-B    Proper Dih.  Improper Dih.      CMAP Dih.
    3.55766e+03    9.74456e+03    6.46347e+03    6.23030e+02   -1.55527e+03
          LJ-14     Coulomb-14        LJ (SR)   Coulomb (SR)   Coul. recip.
    3.18756e+03    5.06315e+04    6.70771e+04   -6.69684e+05    2.00323e+03
 Position Rest.      Potential    Kinetic En.   Total Energy  Conserved En.
    1.07725e+03   -5.26874e+05    1.02043e+05   -4.24831e+05   -5.14271e+05
    Temperature Pressure (bar)   Constr. rmsd
    3.01144e+02    3.23256e+02    3.16624e-06

           Step           Time
          42000       84.00000

   Energies (kJ/mol)
           Bond            U-B    Proper Dih.  Improper Dih.      CMAP Dih.
    3.33171e+03    9.79071e+03    6.45390e+03    6.26529e+02   -1.56091e+03
          LJ-14     Coulomb-14        LJ (SR)   Coulomb (SR)   Coul. recip.
    3.23255e+03    5.07174e+04    6.40464e+04   -6.66370e+05    1.99086e+03
 Position Rest.      Potential    Kinetic En.   Total Energy  Conserved En.
    1.12335e+03   -5.26617e+05    1.00872e+05   -4.25746e+05   -5.14287e+05
    Temperature Pressure (bar)   Constr. rmsd
    2.97686e+02   -5.40983e+02    3.10060e-06

           Step           Time
          43000       86.00000

   Energies (kJ/mol)
           Bond            U-B    Proper Dih.  Improper Dih.      CMAP Dih.
    3.52883e+03    9.68929e+03    6.32524e+03    6.26929e+02   -1.45028e+03
          LJ-14     Coulomb-14        LJ (SR)   Coulomb (SR)   Coul. recip.
    3.17065e+03    5.10035e+04    6.53516e+04   -6.67940e+05    2.00313e+03
 Position Rest.      Potential    Kinetic En.   Total Energy  Conserved En.
    1.09866e+03   -5.26593e+05    1.01144e+05   -4.25449e+05   -5.14261e+05
    Temperature Pressure (bar)   Constr. rmsd
    2.98490e+02    2.80999e+02    2.92868e-06

           Step           Time
          44000       88.00000

   Energies (kJ/mol)
           Bond            U-B    Proper Dih.  Improper Dih.      CMAP Dih.
    3.54171e+03    9.75981e+03    6.55943e+03    5.92998e+02   -1.52675e+03
          LJ-14     Coulomb-14        LJ (SR)   Coulomb (SR)   Coul. recip.
    3.20161e+03    5.05968e+04    6.50984e+04   -6.68081e+05    2.00208e+03
 Position Rest.      Potential    Kinetic En.   Total Energy  Conserved En.
    1.17662e+03   -5.27078e+05    1.01472e+05   -4.25606e+05   -5.14246e+05
    Temperature Pressure (bar)   Constr. rmsd
    2.99460e+02    3.32766e+01    2.79525e-06

           Step           Time
          45000       90.00000

   Energies (kJ/mol)
           Bond            U-B    Proper Dih.  Improper Dih.      CMAP Dih.
    3.63129e+03    9.55563e+03    6.45296e+03    6.23375e+02   -1.56956e+03
          LJ-14     Coulomb-14        LJ (SR)   Coulomb (SR)   Coul. recip.
    3.17681e+03    5.07890e+04    6.53232e+04   -6.68449e+05    2.06500e+03
 Position Rest.      Potential    Kinetic En.   Total Energy  Conserved En.
    1.08140e+03   -5.27320e+05    1.01188e+05   -4.26132e+05   -5.14267e+05
    Temperature Pressure (bar)   Constr. rmsd
    2.98619e+02   -1.11921e+02    3.07998e-06

           Step           Time
          46000       92.00000

   Energies (kJ/mol)
           Bond            U-B    Proper Dih.  Improper Dih.      CMAP Dih.
    3.35112e+03    9.80804e+03    6.48342e+03    5.94672e+02   -1.52226e+03
          LJ-14     Coulomb-14        LJ (SR)   Coulomb (SR)   Coul. recip.
    3.15306e+03    5.07846e+04    6.53856e+04   -6.68695e+05    2.06545e+03
 Position Rest.      Potential    Kinetic En.   Total Energy  Conserved En.
    1.27200e+03   -5.27319e+05    1.00921e+05   -4.26399e+05   -5.14256e+05
    Temperature Pressure (bar)   Constr. rmsd
    2.97831e+02   -1.19656e+02    2.67394e-06

           Step           Time
          47000       94.00000

   Energies (kJ/mol)
           Bond            U-B    Proper Dih.  Improper Dih.      CMAP Dih.
    3.54854e+03    9.61386e+03    6.47531e+03    5.36339e+02   -1.58863e+03
          LJ-14     Coulomb-14        LJ (SR)   Coulomb (SR)   Coul. recip.
    3.31192e+03    5.08062e+04    6.48429e+04   -6.67087e+05    2.08442e+03
 Position Rest.      Potential    Kinetic En.   Total Energy  Conserved En.
    1.07227e+03   -5.26383e+05    1.02123e+05   -4.24261e+05   -5.14253e+05
    Temperature Pressure (bar)   Constr. rmsd
    3.01378e+02    4.13316e+02    3.09858e-06

           Step           Time
          48000       96.00000

   Energies (kJ/mol)
           Bond            U-B    Proper Dih.  Improper Dih.      CMAP Dih.
    3.45643e+03    9.97778e+03    6.33981e+03    5.71687e+02   -1.54851e+03
          LJ-14     Coulomb-14        LJ (SR)   Coulomb (SR)   Coul. recip.
    3.19963e+03    5.02795e+04    6.60165e+04   -6.68757e+05    2.11846e+03
 Position Rest.      Potential    Kinetic En.   Total Energy  Conserved En.
    1.02550e+03   -5.27320e+05    1.01594e+05   -4.25726e+05   -5.14258e+05
    Temperature Pressure (bar)   Constr. rmsd
    2.99818e+02   -2.72613e+02    2.93966e-06

           Step           Time
          49000       98.00000

   Energies (kJ/mol)
           Bond            U-B    Proper Dih.  Improper Dih.      CMAP Dih.
    3.63055e+03    9.68394e+03    6.53900e+03    6.60073e+02   -1.60182e+03
          LJ-14     Coulomb-14        LJ (SR)   Coulomb (SR)   Coul. recip.
    3.31011e+03    5.06962e+04    6.40380e+04   -6.67445e+05    2.04885e+03
 Position Rest.      Potential    Kinetic En.   Total Energy  Conserved En.
    1.14103e+03   -5.27299e+05    1.02188e+05   -4.25110e+05   -5.14245e+05
    Temperature Pressure (bar)   Constr. rmsd
    3.01573e+02    1.98664e+02    3.03140e-06

           Step           Time
          50000      100.00000

Writing checkpoint, step 50000 at Thu Mar 17 17:42:42 2022


   Energies (kJ/mol)
           Bond            U-B    Proper Dih.  Improper Dih.      CMAP Dih.
    3.52563e+03    9.95783e+03    6.49564e+03    5.91015e+02   -1.50392e+03
          LJ-14     Coulomb-14        LJ (SR)   Coulomb (SR)   Coul. recip.
    3.17447e+03    5.05076e+04    6.57157e+04   -6.68335e+05    2.04899e+03
 Position Rest.      Potential    Kinetic En.   Total Energy  Conserved En.
    1.14064e+03   -5.26682e+05    1.02342e+05   -4.24340e+05   -5.14247e+05
    Temperature Pressure (bar)   Constr. rmsd
    3.02025e+02   -1.55201e+01    3.17364e-06


Energy conservation over simulation part #1 of length 100 ns, time 0 to 100 ns
  Conserved energy drift: 3.25e-04 kJ/mol/ps per atom


	<======  ###############  ==>
	<====  A V E R A G E S  ====>
	<==  ###############  ======>

	Statistics over 50001 steps using 501 frames

   Energies (kJ/mol)
           Bond            U-B    Proper Dih.  Improper Dih.      CMAP Dih.
    3.49815e+03    9.72474e+03    6.45929e+03    6.12870e+02   -1.53568e+03
          LJ-14     Coulomb-14        LJ (SR)   Coulomb (SR)   Coul. recip.
    3.21319e+03    5.07437e+04    6.54035e+04   -6.68253e+05    2.08472e+03
 Position Rest.      Potential    Kinetic En.   Total Energy  Conserved En.
    1.12515e+03   -5.26923e+05    1.01527e+05   -4.25396e+05   -5.14317e+05
    Temperature Pressure (bar)   Constr. rmsd
    2.99620e+02    2.51262e+01    0.00000e+00

   Total Virial (kJ/mol)
    2.92717e+04   -1.56493e+02    7.96642e+01
   -1.56691e+02    3.57668e+04   -2.19495e+01
    7.97338e+01   -2.18248e+01    3.55812e+04

   Pressure (bar)
    3.81007e+02    1.24624e+01   -6.51176e+00
    1.24789e+01   -1.56966e+02    2.88681e+00
   -6.51754e+00    2.87645e+00   -1.48662e+02


	M E G A - F L O P S   A C C O U N T I N G

 NB=Group-cutoff nonbonded kernels    NxN=N-by-N cluster Verlet kernels
 RF=Reaction-Field  VdW=Van der Waals  QSTab=quadratic-spline table
 W3=SPC/TIP3p  W4=TIP4p (single or pairs)
 V&F=Potential and force  V=Potential only  F=Force only

 Computing:                               M-Number         M-Flops  % Flops
-----------------------------------------------------------------------------
 Pair Search distance check           13507.221060      121564.990     0.1
 NxN Ewald Elec. + LJ [F]            965817.724288    75333782.494    59.3
 NxN Ewald Elec. + LJ [V&F]            9775.647456     1261058.522     1.0
 NxN Ewald Elec. [F]                 744803.610848    45433020.262    35.8
 NxN Ewald Elec. [V&F]                 7538.651776      633246.749     0.5
 1,4 nonbonded interactions             579.061581       52115.542     0.0
 Calc Weights                          5940.118800      213844.277     0.2
 Spread Q Bspline                    126722.534400      253445.069     0.2
 Gather F Bspline                    126722.534400      760335.206     0.6
 3D-FFT                              305965.419186     2447723.353     1.9
 Solve PME                              156.803136       10035.401     0.0
 Reset In Box                            24.789600          74.369     0.0
 CG-CoM                                  24.829200          74.488     0.0
 Bonds                                  114.102282        6732.035     0.0
 Propers                                485.659713      111216.074     0.1
 Impropers                               36.850737        7664.953     0.0
 Pos. Restr.                            111.902238        5595.112     0.0
 Virial                                  19.862145         357.519     0.0
 Stop-CM                                 19.879200         198.792     0.0
 Calc-Ekin                              396.079200       10694.138     0.0
 Lincs                                  108.956537        6537.392     0.0
 Lincs-Mat                              552.033120        2208.132     0.0
 Constraint-V                          1973.428934       17760.860     0.0
 Constraint-Vir                          18.681288         448.351     0.0
 Settle                                 585.185109      216518.490     0.2
 CMAP                                    14.100282       23970.479     0.0
 Urey-Bradley                           401.358027       73448.519     0.1
-----------------------------------------------------------------------------
 Total                                               127003671.569   100.0
-----------------------------------------------------------------------------


    D O M A I N   D E C O M P O S I T I O N   S T A T I S T I C S

 av. #atoms communicated per step for force:  2 x 0.0


     R E A L   C Y C L E   A N D   T I M E   A C C O U N T I N G

On 1 MPI rank, each using 8 OpenMP threads

 Computing:          Num   Num      Call    Wall time         Giga-Cycles
                     Ranks Threads  Count      (s)         total sum    %
-----------------------------------------------------------------------------
 Domain decomp.         1    8        626       2.264         54.336   0.6
 Neighbor search        1    8        626       6.136        147.263   1.6
 Force                  1    8      50001     298.961       7175.158  80.0
 PME mesh               1    8      50001      54.408       1305.798  14.6
 NB X/F buffer ops.     1    8      99376       4.264        102.334   1.1
 Write traj.            1    8          1       0.056          1.342   0.0
 Update                 1    8      50001       3.990         95.766   1.1
 Constraints            1    8      50003       2.897         69.523   0.8
 Rest                                           0.826         19.829   0.2
-----------------------------------------------------------------------------
 Total                                        373.801       8971.349 100.0
-----------------------------------------------------------------------------
 Breakdown of PME mesh computation
-----------------------------------------------------------------------------
 PME spread             1    8      50001      25.810        619.438   6.9
 PME gather             1    8      50001      12.496        299.919   3.3
 PME 3D-FFT             1    8     100002      14.596        350.298   3.9
 PME solve Elec         1    8      50001       1.344         32.255   0.4
-----------------------------------------------------------------------------

               Core t (s)   Wall t (s)        (%)
       Time:     2990.411      373.801      800.0
                 (ns/day)    (hour/ns)
Performance:       23.114        1.038
Finished mdrun on rank 0 Thu Mar 17 17:42:42 2022

