            --------------------------------------------------------
                             AMBER SQM VERSION 19
 
                                     By
              Ross C. Walker, Michael F. Crowley, Scott Brozell,
                         Tim Giese, Andreas W. Goetz,
                        Tai-Sung Lee and David A. Case
 
            --------------------------------------------------------
 

--------------------------------------------------------------------------------
  QM CALCULATION INFO
--------------------------------------------------------------------------------

| QMMM: Citation for AMBER QMMM Run:
| QMMM: R.C. Walker, M.F. Crowley and D.A. Case, J. COMP. CHEM. 29:1019, 2008

QMMM: SINGLET STATE CALCULATION
QMMM: RHF CALCULATION, NO. OF DOUBLY OCCUPIED LEVELS = 52

| QMMM: *** Selected Hamiltonian *** 
| QMMM: AM1         

| QMMM: *** Parameter sets in use ***
| QMMM: C : M.J.S.DEWAR et al. JACS, 107, 3902, (1985)
| QMMM: O : M.J.S.DEWAR et al. JACS, 107, 3902, (1985)
| QMMM: H : M.J.S.DEWAR et al. JACS, 107, 3902, (1985)

| QMMM: *** SCF convergence criteria ***
| QMMM: Energy change                :  0.1D-09 kcal/mol
| QMMM: Error matrix |FP-PF|         :  0.1D+00 au
| QMMM: Density matrix change        :  0.5D-06
| QMMM: Maximum number of SCF cycles :     1000

| QMMM: *** Diagonalization Routine Information ***
| QMMM: Pseudo diagonalizations are allowed.
| QMMM: Auto diagonalization routine selection is in use.
| QMMM:
| QMMM: Timing diagonalization routines:
| QMMM:                              norbs =      101
| QMMM:    diag iterations used for timing =       10
| QMMM:
| QMMM:              Internal diag routine = 0.020900 seconds
| QMMM:                 Dspev diag routine = 0.027898 seconds
| QMMM:                Dspevd diag routine = 0.009886 seconds
| QMMM:                Dspevx diag routine = 0.074545 seconds
| QMMM:                 Dsyev diag routine = 0.025219 seconds
| QMMM:                Dsyevd diag routine = 0.017030 seconds
| QMMM:                Dsyevr diag routine = 0.014543 seconds
| QMMM:
| QMMM:                Pseudo diag routine = 0.009751 seconds
| QMMM:
| QMMM: Using dspevd routine (diag_routine=3).

  QMMM: QM Region Cartesian Coordinates (*=link atom) 
  QMMM: QM_NO.   MM_NO.  ATOM         X         Y         Z
  QMMM:     1        1      C       -8.9390  -11.1310  -30.1390
  QMMM:     2        2      C       -8.9030  -12.3660  -31.0710
  QMMM:     3        3      C      -11.5450  -12.7770  -36.5620
  QMMM:     4        4      C       -9.9960  -13.5680  -33.0340
  QMMM:     5        5      C      -11.0310  -13.5070  -34.1810
  QMMM:     6        6      C       -0.0840  -11.0470  -36.6960
  QMMM:     7        7      O        1.3320  -11.2170  -36.7210
  QMMM:     8        8      C       -0.5460  -10.7780  -35.2520
  QMMM:     9        9      C       -2.0730  -10.5690  -35.1920
  QMMM:    10       10      C       -2.5660  -10.4030  -33.7390
  QMMM:    11       11      C       -4.0950  -10.2030  -33.6940
  QMMM:    12       12      C       -4.6210  -10.1780  -32.2430
  QMMM:    13       13      C       -6.1550  -10.0180  -32.2110
  QMMM:    14       14      C       -6.6880  -10.0260  -30.7620
  QMMM:    15       15      C       -8.2290   -9.8780  -30.7040
  QMMM:    16       16      C       -9.8240  -12.2150  -32.3040
  QMMM:    17       17      C      -10.5010  -12.7680  -35.4290
  QMMM:    18       18      H      -11.8090  -13.8010  -36.8370
  QMMM:    19       19      H      -12.4540  -12.2560  -36.2520
  QMMM:    20       20      H      -11.1480  -12.2770  -37.4480
  QMMM:    21       21      H      -10.2540  -11.7340  -35.1810
  QMMM:    22       22      H       -9.5870  -13.2520  -35.7820
  QMMM:    23       23      H      -11.2900  -14.5300  -34.4650
  QMMM:    24       24      H      -11.9490  -13.0320  -33.8260
  QMMM:    25       25      H       -9.0320  -13.9130  -33.4180
  QMMM:    26       26      H      -10.3390  -14.3130  -32.3120
  QMMM:    27       27      H      -10.8060  -11.8590  -31.9810
  QMMM:    28       28      H       -9.4090  -11.4700  -32.9860
  QMMM:    29       29      H       -7.8800  -12.5780  -31.3910
  QMMM:    30       30      H       -9.2370  -13.2290  -30.4890
  QMMM:    31       31      H       -8.4790  -11.3960  -29.1830
  QMMM:    32       32      H       -9.9800  -10.8820  -29.9200
  QMMM:    33       33      H       -8.4630   -9.0370  -30.0460
  QMMM:    34       34      H       -8.6370   -9.6190  -31.6840
  QMMM:    35       35      H       -6.3710  -10.9430  -30.2590
  QMMM:    36       36      H       -6.2330   -9.1960  -30.2150
  QMMM:    37       37      H       -6.4320   -9.0770  -32.6940
  QMMM:    38       38      H       -6.6210  -10.8290  -32.7760
  QMMM:    39       39      H       -4.3430  -11.1090  -31.7410
  QMMM:    40       40      H       -4.1520   -9.3550  -31.6970
  QMMM:    41       41      H       -4.3550   -9.2660  -34.1940
  QMMM:    42       42      H       -4.5840  -11.0150  -34.2380
  QMMM:    43       43      H       -2.2970  -11.2930  -33.1630
  QMMM:    44       44      H       -2.0690   -9.5470  -33.2750
  QMMM:    45       45      H       -2.3430   -9.6850  -35.7750
  QMMM:    46       46      H       -2.5740  -11.4290  -35.6450
  QMMM:    47       47      H       -0.2640  -11.6240  -34.6200
  QMMM:    48       48      H       -0.0380   -9.8910  -34.8640
  QMMM:    49       49      H       -0.3590  -10.2060  -37.3390
  QMMM:    50       50      H       -0.5620  -11.9550  -37.0750

--------------------------------------------------------------------------------
  RESULTS
--------------------------------------------------------------------------------

      iter         sqm energy              rms gradient
      ----    -------------------    -----------------------
xmin    10     -140.3983 kcal/mol        0.0819 kcal/(mol*A)
xmin    20     -140.4431 kcal/mol        0.0377 kcal/(mol*A)
xmin    30     -140.4492 kcal/mol        0.0424 kcal/(mol*A)
xmin    40     -140.4527 kcal/mol        0.0267 kcal/(mol*A)
xmin    50     -140.4539 kcal/mol        0.0169 kcal/(mol*A)
xmin    60     -140.4544 kcal/mol        0.0094 kcal/(mol*A)
xmin    70     -140.4547 kcal/mol        0.0073 kcal/(mol*A)
xmin    80     -140.4548 kcal/mol        0.0026 kcal/(mol*A)
xmin    90     -140.4554 kcal/mol        0.0098 kcal/(mol*A)
xmin   100     -140.4618 kcal/mol        0.0265 kcal/(mol*A)
xmin   110     -140.5039 kcal/mol        0.1499 kcal/(mol*A)
xmin   120     -141.2514 kcal/mol        0.7519 kcal/(mol*A)
xmin   130     -141.5570 kcal/mol        0.1044 kcal/(mol*A)
xmin   140     -141.7154 kcal/mol        0.0577 kcal/(mol*A)
xmin   150     -141.8207 kcal/mol        0.1349 kcal/(mol*A)
xmin   160     -141.8475 kcal/mol        0.0507 kcal/(mol*A)
xmin   170     -141.8582 kcal/mol        0.0260 kcal/(mol*A)
xmin   180     -141.8662 kcal/mol        0.0160 kcal/(mol*A)
xmin   190     -141.8692 kcal/mol        0.0177 kcal/(mol*A)
xmin   200     -141.8688 kcal/mol        0.0118 kcal/(mol*A)
xmin   210     -141.8694 kcal/mol        0.0041 kcal/(mol*A)
xmin   220     -141.8701 kcal/mol        0.0022 kcal/(mol*A)
xmin   230     -141.8702 kcal/mol        0.0012 kcal/(mol*A)
xmin   240     -141.8702 kcal/mol        0.0006 kcal/(mol*A)
  ... geometry converged !
 
 Final MO eigenvalues (eV):
 -36.9326  -35.6669  -34.3522  -32.6951  -31.1820  -29.7497  -28.3387  -26.6437
 -24.6930  -22.9486  -21.8366  -20.6961  -19.9745  -19.4611  -19.0112  -18.0658
 -16.2108  -15.3088  -14.9696  -14.6433  -13.9945  -13.7399  -13.5873  -13.1906
 -12.7188  -12.4611  -12.3482  -11.8788  -11.6271  -11.5135  -11.2638  -11.1200
 -10.8196  -10.6942  -10.4863  -10.3597  -10.1875  -10.1246   -9.9962   -9.7979
  -9.6840   -9.6324   -9.3286   -9.1223   -8.7795   -8.5526   -7.9149   -7.4192
  -7.0390   -6.6672   -2.5455   -2.3406    4.7844    4.8384    5.0283    5.0824
   5.2834    5.3394    5.3705    5.4807    5.6471    5.6794    5.7649    5.8014
   5.8522    5.9105    5.9766    6.0653    6.1010    6.1225    6.1397    6.2227
   6.2860    6.3091    6.3471    6.3850    6.4563    6.4968    6.5295    6.5949
   6.6973    6.7341    6.8357    6.8666    7.0551    7.1663    7.1930    7.4549
   7.6292    7.7113    7.9818    8.3004    8.4518    8.7257    9.3804    9.5561
   9.8108   10.4154   10.9010   10.9258   14.2956

 Heat of formation   =       -141.87020993 kcal/mol  (       -6.15195395 eV)

 Total SCF energy    =     -65195.56374814 kcal/mol  (    -2827.09178909 eV)
 Electronic energy   =    -432652.02500284 kcal/mol  (   -18761.19964454 eV)
 Core-core repulsion =     367456.46125470 kcal/mol  (    15934.10785546 eV)
 
    Atomic Charges for Step       1 :
  Atom    Element       Mulliken Charge
     1      C                 -0.155
     2      C                 -0.157
     3      C                 -0.210
     4      C                 -0.157
     5      C                 -0.155
     6      C                  0.196
     7      O                 -0.744
     8      C                 -0.239
     9      C                 -0.142
    10      C                 -0.159
    11      C                 -0.157
    12      C                 -0.158
    13      C                 -0.158
    14      C                 -0.158
    15      C                 -0.158
    16      C                 -0.157
    17      C                 -0.161
    18      H                  0.068
    19      H                  0.069
    20      H                  0.072
    21      H                  0.083
    22      H                  0.081
    23      H                  0.073
    24      H                  0.076
    25      H                  0.083
    26      H                  0.073
    27      H                  0.074
    28      H                  0.084
    29      H                  0.086
    30      H                  0.071
    31      H                  0.077
    32      H                  0.071
    33      H                  0.075
    34      H                  0.079
    35      H                  0.077
    36      H                  0.076
    37      H                  0.076
    38      H                  0.076
    39      H                  0.074
    40      H                  0.074
    41      H                  0.072
    42      H                  0.072
    43      H                  0.068
    44      H                  0.068
    45      H                  0.061
    46      H                  0.061
    47      H                  0.049
    48      H                  0.049
    49      H                 -0.109
    50      H                 -0.109
 Total Mulliken Charge =      -1.000
 
                  X        Y        Z     TOTAL  
  QM DIPOLE    -8.417   49.082  171.598  178.678
 
 Final Structure

  QMMM: QM Region Cartesian Coordinates (*=link atom) 
  QMMM: QM_NO.   MM_NO.  ATOM         X         Y         Z
  QMMM:     1        1      C       -8.8868  -10.7326  -30.8729
  QMMM:     2        2      C       -9.3634  -12.1391  -31.1711
  QMMM:     3        3      C      -12.8497  -13.4826  -35.8037
  QMMM:     4        4      C      -10.9533  -13.5800  -32.4510
  QMMM:     5        5      C      -12.1132  -13.6365  -33.4224
  QMMM:     6        6      C        1.2430   -9.8826  -35.9295
  QMMM:     7        7      O        2.4847  -10.3024  -35.8844
  QMMM:     8        8      C        0.3357  -10.4827  -34.8121
  QMMM:     9        9      C       -1.0816   -9.9736  -34.9019
  QMMM:    10       10      C       -1.9664  -10.5547  -33.8177
  QMMM:    11       11      C       -3.3859  -10.0379  -33.9160
  QMMM:    12       12      C       -4.2666  -10.6207  -32.8315
  QMMM:    13       13      C       -5.6853  -10.1023  -32.9315
  QMMM:    14       14      C       -6.5649  -10.6867  -31.8468
  QMMM:    15       15      C       -7.9820  -10.1626  -31.9457
  QMMM:    16       16      C      -10.5033  -12.1622  -32.1678
  QMMM:    17       17      C      -11.6820  -13.4000  -34.8546
  QMMM:    18       18      H      -13.3288  -14.4903  -35.7535
  QMMM:    19       19      H      -13.6207  -12.7160  -35.5485
  QMMM:    20       20      H      -12.5102  -13.3056  -36.8528
  QMMM:    21       21      H      -11.1991  -12.3906  -34.9397
  QMMM:    22       22      H      -10.9084  -14.1602  -35.1425
  QMMM:    23       23      H      -12.6006  -14.6454  -33.3505
  QMMM:    24       24      H      -12.8851  -12.8752  -33.1337
  QMMM:    25       25      H      -10.0913  -14.1721  -32.8578
  QMMM:    26       26      H      -11.2619  -14.0651  -31.4867
  QMMM:    27       27      H      -11.3659  -11.5672  -31.7667
  QMMM:    28       28      H      -10.1791  -11.6712  -33.1231
  QMMM:    29       29      H       -8.5099  -12.7525  -31.5637
  QMMM:    30       30      H       -9.7046  -12.6199  -30.2157
  QMMM:    31       31      H       -8.3377  -10.7347  -29.8936
  QMMM:    32       32      H       -9.7778  -10.0608  -30.7504
  QMMM:    33       33      H       -7.9636   -9.0441  -31.8500
  QMMM:    34       34      H       -8.3988  -10.3998  -32.9599
  QMMM:    35       35      H       -6.5670  -11.8056  -31.9294
  QMMM:    36       36      H       -6.1386  -10.4314  -30.8408
  QMMM:    37       37      H       -5.6823   -8.9833  -32.8512
  QMMM:    38       38      H       -6.1085  -10.3593  -33.9383
  QMMM:    39       39      H       -4.2689  -11.7398  -32.9115
  QMMM:    40       40      H       -3.8424  -10.3633  -31.8254
  QMMM:    41       41      H       -3.3833   -8.9189  -33.8366
  QMMM:    42       42      H       -3.8093  -10.2954  -34.9224
  QMMM:    43       43      H       -1.9684  -11.6735  -33.8971
  QMMM:    44       44      H       -1.5424  -10.2971  -32.8117
  QMMM:    45       45      H       -1.0825   -8.8544  -34.8221
  QMMM:    46       46      H       -1.5082  -10.2309  -35.9073
  QMMM:    47       47      H        0.3497  -11.5971  -34.9030
  QMMM:    48       48      H        0.7754  -10.2206  -33.8180
  QMMM:    49       49      H        1.1272   -8.7432  -35.8265
  QMMM:    50       50      H        0.7002  -10.1229  -36.9142

           --------- Calculation Completed ----------

